[35m[1mConsolidate compiler generated dependencies of target uline_patrol_msgs__rosidl_generator_c[0m
[  2%] Built target uline_patrol_msgs__cpp
[ 12%] Built target uline_patrol_msgs__rosidl_generator_c
[ 12%] Built target ament_cmake_python_copy_uline_patrol_msgs
[35m[1mConsolidate compiler generated dependencies of target uline_patrol_msgs__rosidl_typesupport_cpp[0m
[35m[1mConsolidate compiler generated dependencies of target uline_patrol_msgs__rosidl_typesupport_introspection_cpp[0m
[35m[1mConsolidate compiler generated dependencies of target uline_patrol_msgs__rosidl_typesupport_fastrtps_cpp[0m
[35m[1mConsolidate compiler generated dependencies of target uline_patrol_msgs__rosidl_typesupport_introspection_c[0m
[35m[1mConsolidate compiler generated dependencies of target uline_patrol_msgs__rosidl_typesupport_fastrtps_c[0m
[35m[1mConsolidate compiler generated dependencies of target uline_patrol_msgs__rosidl_typesupport_c[0m
[ 33%] Built target uline_patrol_msgs__rosidl_typesupport_c
[ 33%] Built target uline_patrol_msgs__rosidl_typesupport_introspection_c
[ 43%] Built target uline_patrol_msgs__rosidl_typesupport_cpp
[ 53%] Built target uline_patrol_msgs__rosidl_typesupport_introspection_cpp
[ 69%] Built target uline_patrol_msgs__rosidl_typesupport_fastrtps_cpp
[ 74%] Built target uline_patrol_msgs__rosidl_typesupport_fastrtps_c
[ 74%] Built target uline_patrol_msgs
[ 76%] Built target uline_patrol_msgs__py
[35m[1mConsolidate compiler generated dependencies of target uline_patrol_msgs__rosidl_generator_py[0m
[ 84%] Built target uline_patrol_msgs__rosidl_generator_py
[35m[1mConsolidate compiler generated dependencies of target uline_patrol_msgs__rosidl_typesupport_fastrtps_c__pyext[0m
[35m[1mConsolidate compiler generated dependencies of target uline_patrol_msgs__rosidl_typesupport_introspection_c__pyext[0m
[35m[1mConsolidate compiler generated dependencies of target uline_patrol_msgs__rosidl_typesupport_c__pyext[0m
[ 89%] Built target uline_patrol_msgs__rosidl_typesupport_fastrtps_c__pyext
[100%] Built target uline_patrol_msgs__rosidl_typesupport_introspection_c__pyext
[100%] Built target uline_patrol_msgs__rosidl_typesupport_c__pyext
running egg_info
writing uline_patrol_msgs.egg-info/PKG-INFO
writing dependency_links to uline_patrol_msgs.egg-info/dependency_links.txt
writing top-level names to uline_patrol_msgs.egg-info/top_level.txt
reading manifest file 'uline_patrol_msgs.egg-info/SOURCES.txt'
writing manifest file 'uline_patrol_msgs.egg-info/SOURCES.txt'
[100%] Built target ament_cmake_python_build_uline_patrol_msgs_egg
-- Install configuration: ""
-- Up-to-date: /home/lumen/workspace/humble_ws/src/omni_robot/install/uline_patrol_msgs/share/ament_index/resource_index/rosidl_interfaces/uline_patrol_msgs
-- Up-to-date: /home/lumen/workspace/humble_ws/src/omni_robot/install/uline_patrol_msgs/include/uline_patrol_msgs/uline_patrol_msgs
-- Up-to-date: /home/lumen/workspace/humble_ws/src/omni_robot/install/uline_patrol_msgs/include/uline_patrol_msgs/uline_patrol_msgs/action
-- Up-to-date: /home/lumen/workspace/humble_ws/src/omni_robot/install/uline_patrol_msgs/include/uline_patrol_msgs/uline_patrol_msgs/action/detail
-- Up-to-date: /home/lumen/workspace/humble_ws/src/omni_robot/install/uline_patrol_msgs/include/uline_patrol_msgs/uline_patrol_msgs/action/detail/uline_patrol_command__functions.h
-- Up-to-date: /home/lumen/workspace/humble_ws/src/omni_robot/install/uline_patrol_msgs/include/uline_patrol_msgs/uline_patrol_msgs/action/detail/uline_patrol_command__functions.c
-- Up-to-date: /home/lumen/workspace/humble_ws/src/omni_robot/install/uline_patrol_msgs/include/uline_patrol_msgs/uline_patrol_msgs/action/detail/uline_patrol_command__type_support.h
-- Up-to-date: /home/lumen/workspace/humble_ws/src/omni_robot/install/uline_patrol_msgs/include/uline_patrol_msgs/uline_patrol_msgs/action/detail/uline_patrol_command__struct.h
-- Up-to-date: /home/lumen/workspace/humble_ws/src/omni_robot/install/uline_patrol_msgs/include/uline_patrol_msgs/uline_patrol_msgs/action/uline_patrol_command.h
-- Up-to-date: /home/lumen/workspace/humble_ws/src/omni_robot/install/uline_patrol_msgs/include/uline_patrol_msgs/uline_patrol_msgs/msg
-- Up-to-date: /home/lumen/workspace/humble_ws/src/omni_robot/install/uline_patrol_msgs/include/uline_patrol_msgs/uline_patrol_msgs/msg/rosidl_generator_c__visibility_control.h
-- Up-to-date: /home/lumen/workspace/humble_ws/src/omni_robot/install/uline_patrol_msgs/include/uline_patrol_msgs/uline_patrol_msgs/srv
-- Up-to-date: /home/lumen/workspace/humble_ws/src/omni_robot/install/uline_patrol_msgs/include/uline_patrol_msgs/uline_patrol_msgs/srv/detail
-- Up-to-date: /home/lumen/workspace/humble_ws/src/omni_robot/install/uline_patrol_msgs/include/uline_patrol_msgs/uline_patrol_msgs/srv/detail/uline_patrol_command__functions.h
-- Up-to-date: /home/lumen/workspace/humble_ws/src/omni_robot/install/uline_patrol_msgs/include/uline_patrol_msgs/uline_patrol_msgs/srv/detail/uline_patrol_command__functions.c
-- Up-to-date: /home/lumen/workspace/humble_ws/src/omni_robot/install/uline_patrol_msgs/include/uline_patrol_msgs/uline_patrol_msgs/srv/detail/uline_patrol_command__type_support.h
-- Up-to-date: /home/lumen/workspace/humble_ws/src/omni_robot/install/uline_patrol_msgs/include/uline_patrol_msgs/uline_patrol_msgs/srv/detail/uline_patrol_command__struct.h
-- Up-to-date: /home/lumen/workspace/humble_ws/src/omni_robot/install/uline_patrol_msgs/include/uline_patrol_msgs/uline_patrol_msgs/srv/uline_patrol_command.h
-- Up-to-date: /home/lumen/workspace/humble_ws/src/omni_robot/install/uline_patrol_msgs/share/uline_patrol_msgs/environment/library_path.sh
-- Up-to-date: /home/lumen/workspace/humble_ws/src/omni_robot/install/uline_patrol_msgs/share/uline_patrol_msgs/environment/library_path.dsv
-- Up-to-date: /home/lumen/workspace/humble_ws/src/omni_robot/install/uline_patrol_msgs/lib/libuline_patrol_msgs__rosidl_generator_c.so
-- Up-to-date: /home/lumen/workspace/humble_ws/src/omni_robot/install/uline_patrol_msgs/include/uline_patrol_msgs/uline_patrol_msgs
-- Up-to-date: /home/lumen/workspace/humble_ws/src/omni_robot/install/uline_patrol_msgs/include/uline_patrol_msgs/uline_patrol_msgs/action
-- Up-to-date: /home/lumen/workspace/humble_ws/src/omni_robot/install/uline_patrol_msgs/include/uline_patrol_msgs/uline_patrol_msgs/action/detail
-- Up-to-date: /home/lumen/workspace/humble_ws/src/omni_robot/install/uline_patrol_msgs/include/uline_patrol_msgs/uline_patrol_msgs/action/detail/uline_patrol_command__rosidl_typesupport_fastrtps_c.h
-- Up-to-date: /home/lumen/workspace/humble_ws/src/omni_robot/install/uline_patrol_msgs/include/uline_patrol_msgs/uline_patrol_msgs/msg
-- Up-to-date: /home/lumen/workspace/humble_ws/src/omni_robot/install/uline_patrol_msgs/include/uline_patrol_msgs/uline_patrol_msgs/msg/rosidl_typesupport_fastrtps_c__visibility_control.h
-- Up-to-date: /home/lumen/workspace/humble_ws/src/omni_robot/install/uline_patrol_msgs/include/uline_patrol_msgs/uline_patrol_msgs/srv
-- Up-to-date: /home/lumen/workspace/humble_ws/src/omni_robot/install/uline_patrol_msgs/include/uline_patrol_msgs/uline_patrol_msgs/srv/detail
-- Up-to-date: /home/lumen/workspace/humble_ws/src/omni_robot/install/uline_patrol_msgs/include/uline_patrol_msgs/uline_patrol_msgs/srv/detail/uline_patrol_command__rosidl_typesupport_fastrtps_c.h
-- Up-to-date: /home/lumen/workspace/humble_ws/src/omni_robot/install/uline_patrol_msgs/lib/libuline_patrol_msgs__rosidl_typesupport_fastrtps_c.so
-- Up-to-date: /home/lumen/workspace/humble_ws/src/omni_robot/install/uline_patrol_msgs/include/uline_patrol_msgs/uline_patrol_msgs
-- Up-to-date: /home/lumen/workspace/humble_ws/src/omni_robot/install/uline_patrol_msgs/include/uline_patrol_msgs/uline_patrol_msgs/action
-- Up-to-date: /home/lumen/workspace/humble_ws/src/omni_robot/install/uline_patrol_msgs/include/uline_patrol_msgs/uline_patrol_msgs/action/detail
-- Up-to-date: /home/lumen/workspace/humble_ws/src/omni_robot/install/uline_patrol_msgs/include/uline_patrol_msgs/uline_patrol_msgs/action/detail/uline_patrol_command__builder.hpp
-- Up-to-date: /home/lumen/workspace/humble_ws/src/omni_robot/install/uline_patrol_msgs/include/uline_patrol_msgs/uline_patrol_msgs/action/detail/uline_patrol_command__struct.hpp
-- Up-to-date: /home/lumen/workspace/humble_ws/src/omni_robot/install/uline_patrol_msgs/include/uline_patrol_msgs/uline_patrol_msgs/action/detail/uline_patrol_command__traits.hpp
-- Up-to-date: /home/lumen/workspace/humble_ws/src/omni_robot/install/uline_patrol_msgs/include/uline_patrol_msgs/uline_patrol_msgs/action/uline_patrol_command.hpp
-- Up-to-date: /home/lumen/workspace/humble_ws/src/omni_robot/install/uline_patrol_msgs/include/uline_patrol_msgs/uline_patrol_msgs/srv
-- Up-to-date: /home/lumen/workspace/humble_ws/src/omni_robot/install/uline_patrol_msgs/include/uline_patrol_msgs/uline_patrol_msgs/srv/detail
-- Up-to-date: /home/lumen/workspace/humble_ws/src/omni_robot/install/uline_patrol_msgs/include/uline_patrol_msgs/uline_patrol_msgs/srv/detail/uline_patrol_command__builder.hpp
-- Up-to-date: /home/lumen/workspace/humble_ws/src/omni_robot/install/uline_patrol_msgs/include/uline_patrol_msgs/uline_patrol_msgs/srv/detail/uline_patrol_command__struct.hpp
-- Up-to-date: /home/lumen/workspace/humble_ws/src/omni_robot/install/uline_patrol_msgs/include/uline_patrol_msgs/uline_patrol_msgs/srv/detail/uline_patrol_command__traits.hpp
-- Up-to-date: /home/lumen/workspace/humble_ws/src/omni_robot/install/uline_patrol_msgs/include/uline_patrol_msgs/uline_patrol_msgs/srv/uline_patrol_command.hpp
-- Up-to-date: /home/lumen/workspace/humble_ws/src/omni_robot/install/uline_patrol_msgs/include/uline_patrol_msgs/uline_patrol_msgs
-- Up-to-date: /home/lumen/workspace/humble_ws/src/omni_robot/install/uline_patrol_msgs/include/uline_patrol_msgs/uline_patrol_msgs/action
-- Up-to-date: /home/lumen/workspace/humble_ws/src/omni_robot/install/uline_patrol_msgs/include/uline_patrol_msgs/uline_patrol_msgs/action/detail
-- Up-to-date: /home/lumen/workspace/humble_ws/src/omni_robot/install/uline_patrol_msgs/include/uline_patrol_msgs/uline_patrol_msgs/action/detail/dds_fastrtps
-- Up-to-date: /home/lumen/workspace/humble_ws/src/omni_robot/install/uline_patrol_msgs/include/uline_patrol_msgs/uline_patrol_msgs/action/detail/uline_patrol_command__rosidl_typesupport_fastrtps_cpp.hpp
-- Up-to-date: /home/lumen/workspace/humble_ws/src/omni_robot/install/uline_patrol_msgs/include/uline_patrol_msgs/uline_patrol_msgs/msg
-- Up-to-date: /home/lumen/workspace/humble_ws/src/omni_robot/install/uline_patrol_msgs/include/uline_patrol_msgs/uline_patrol_msgs/msg/rosidl_typesupport_fastrtps_cpp__visibility_control.h
-- Up-to-date: /home/lumen/workspace/humble_ws/src/omni_robot/install/uline_patrol_msgs/include/uline_patrol_msgs/uline_patrol_msgs/srv
-- Up-to-date: /home/lumen/workspace/humble_ws/src/omni_robot/install/uline_patrol_msgs/include/uline_patrol_msgs/uline_patrol_msgs/srv/detail
-- Up-to-date: /home/lumen/workspace/humble_ws/src/omni_robot/install/uline_patrol_msgs/include/uline_patrol_msgs/uline_patrol_msgs/srv/detail/dds_fastrtps
-- Up-to-date: /home/lumen/workspace/humble_ws/src/omni_robot/install/uline_patrol_msgs/include/uline_patrol_msgs/uline_patrol_msgs/srv/detail/uline_patrol_command__rosidl_typesupport_fastrtps_cpp.hpp
-- Up-to-date: /home/lumen/workspace/humble_ws/src/omni_robot/install/uline_patrol_msgs/lib/libuline_patrol_msgs__rosidl_typesupport_fastrtps_cpp.so
-- Up-to-date: /home/lumen/workspace/humble_ws/src/omni_robot/install/uline_patrol_msgs/include/uline_patrol_msgs/uline_patrol_msgs
-- Up-to-date: /home/lumen/workspace/humble_ws/src/omni_robot/install/uline_patrol_msgs/include/uline_patrol_msgs/uline_patrol_msgs/action
-- Up-to-date: /home/lumen/workspace/humble_ws/src/omni_robot/install/uline_patrol_msgs/include/uline_patrol_msgs/uline_patrol_msgs/action/detail
-- Up-to-date: /home/lumen/workspace/humble_ws/src/omni_robot/install/uline_patrol_msgs/include/uline_patrol_msgs/uline_patrol_msgs/action/detail/uline_patrol_command__type_support.c
-- Up-to-date: /home/lumen/workspace/humble_ws/src/omni_robot/install/uline_patrol_msgs/include/uline_patrol_msgs/uline_patrol_msgs/action/detail/uline_patrol_command__rosidl_typesupport_introspection_c.h
-- Up-to-date: /home/lumen/workspace/humble_ws/src/omni_robot/install/uline_patrol_msgs/include/uline_patrol_msgs/uline_patrol_msgs/msg
-- Up-to-date: /home/lumen/workspace/humble_ws/src/omni_robot/install/uline_patrol_msgs/include/uline_patrol_msgs/uline_patrol_msgs/msg/rosidl_typesupport_introspection_c__visibility_control.h
-- Up-to-date: /home/lumen/workspace/humble_ws/src/omni_robot/install/uline_patrol_msgs/include/uline_patrol_msgs/uline_patrol_msgs/srv
-- Up-to-date: /home/lumen/workspace/humble_ws/src/omni_robot/install/uline_patrol_msgs/include/uline_patrol_msgs/uline_patrol_msgs/srv/detail
-- Up-to-date: /home/lumen/workspace/humble_ws/src/omni_robot/install/uline_patrol_msgs/include/uline_patrol_msgs/uline_patrol_msgs/srv/detail/uline_patrol_command__type_support.c
-- Up-to-date: /home/lumen/workspace/humble_ws/src/omni_robot/install/uline_patrol_msgs/include/uline_patrol_msgs/uline_patrol_msgs/srv/detail/uline_patrol_command__rosidl_typesupport_introspection_c.h
-- Up-to-date: /home/lumen/workspace/humble_ws/src/omni_robot/install/uline_patrol_msgs/lib/libuline_patrol_msgs__rosidl_typesupport_introspection_c.so
-- Up-to-date: /home/lumen/workspace/humble_ws/src/omni_robot/install/uline_patrol_msgs/lib/libuline_patrol_msgs__rosidl_typesupport_c.so
-- Up-to-date: /home/lumen/workspace/humble_ws/src/omni_robot/install/uline_patrol_msgs/include/uline_patrol_msgs/uline_patrol_msgs
-- Up-to-date: /home/lumen/workspace/humble_ws/src/omni_robot/install/uline_patrol_msgs/include/uline_patrol_msgs/uline_patrol_msgs/action
-- Up-to-date: /home/lumen/workspace/humble_ws/src/omni_robot/install/uline_patrol_msgs/include/uline_patrol_msgs/uline_patrol_msgs/action/detail
-- Up-to-date: /home/lumen/workspace/humble_ws/src/omni_robot/install/uline_patrol_msgs/include/uline_patrol_msgs/uline_patrol_msgs/action/detail/uline_patrol_command__type_support.cpp
-- Up-to-date: /home/lumen/workspace/humble_ws/src/omni_robot/install/uline_patrol_msgs/include/uline_patrol_msgs/uline_patrol_msgs/action/detail/uline_patrol_command__rosidl_typesupport_introspection_cpp.hpp
-- Up-to-date: /home/lumen/workspace/humble_ws/src/omni_robot/install/uline_patrol_msgs/include/uline_patrol_msgs/uline_patrol_msgs/srv
-- Up-to-date: /home/lumen/workspace/humble_ws/src/omni_robot/install/uline_patrol_msgs/include/uline_patrol_msgs/uline_patrol_msgs/srv/detail
-- Up-to-date: /home/lumen/workspace/humble_ws/src/omni_robot/install/uline_patrol_msgs/include/uline_patrol_msgs/uline_patrol_msgs/srv/detail/uline_patrol_command__type_support.cpp
-- Up-to-date: /home/lumen/workspace/humble_ws/src/omni_robot/install/uline_patrol_msgs/include/uline_patrol_msgs/uline_patrol_msgs/srv/detail/uline_patrol_command__rosidl_typesupport_introspection_cpp.hpp
-- Up-to-date: /home/lumen/workspace/humble_ws/src/omni_robot/install/uline_patrol_msgs/lib/libuline_patrol_msgs__rosidl_typesupport_introspection_cpp.so
-- Up-to-date: /home/lumen/workspace/humble_ws/src/omni_robot/install/uline_patrol_msgs/lib/libuline_patrol_msgs__rosidl_typesupport_cpp.so
-- Up-to-date: /home/lumen/workspace/humble_ws/src/omni_robot/install/uline_patrol_msgs/share/uline_patrol_msgs/environment/pythonpath.sh
-- Up-to-date: /home/lumen/workspace/humble_ws/src/omni_robot/install/uline_patrol_msgs/share/uline_patrol_msgs/environment/pythonpath.dsv
-- Up-to-date: /home/lumen/workspace/humble_ws/src/omni_robot/install/uline_patrol_msgs/local/lib/python3.10/dist-packages/uline_patrol_msgs-0.0.0-py3.10.egg-info
-- Installing: /home/lumen/workspace/humble_ws/src/omni_robot/install/uline_patrol_msgs/local/lib/python3.10/dist-packages/uline_patrol_msgs-0.0.0-py3.10.egg-info/PKG-INFO
-- Installing: /home/lumen/workspace/humble_ws/src/omni_robot/install/uline_patrol_msgs/local/lib/python3.10/dist-packages/uline_patrol_msgs-0.0.0-py3.10.egg-info/dependency_links.txt
-- Installing: /home/lumen/workspace/humble_ws/src/omni_robot/install/uline_patrol_msgs/local/lib/python3.10/dist-packages/uline_patrol_msgs-0.0.0-py3.10.egg-info/SOURCES.txt
-- Installing: /home/lumen/workspace/humble_ws/src/omni_robot/install/uline_patrol_msgs/local/lib/python3.10/dist-packages/uline_patrol_msgs-0.0.0-py3.10.egg-info/top_level.txt
-- Up-to-date: /home/lumen/workspace/humble_ws/src/omni_robot/install/uline_patrol_msgs/local/lib/python3.10/dist-packages/uline_patrol_msgs
-- Up-to-date: /home/lumen/workspace/humble_ws/src/omni_robot/install/uline_patrol_msgs/local/lib/python3.10/dist-packages/uline_patrol_msgs/__init__.py
-- Up-to-date: /home/lumen/workspace/humble_ws/src/omni_robot/install/uline_patrol_msgs/local/lib/python3.10/dist-packages/uline_patrol_msgs/uline_patrol_msgs_s__rosidl_typesupport_introspection_c.cpython-310-x86_64-linux-gnu.so
-- Up-to-date: /home/lumen/workspace/humble_ws/src/omni_robot/install/uline_patrol_msgs/local/lib/python3.10/dist-packages/uline_patrol_msgs/_uline_patrol_msgs_s.ep.rosidl_typesupport_fastrtps_c.c
-- Up-to-date: /home/lumen/workspace/humble_ws/src/omni_robot/install/uline_patrol_msgs/local/lib/python3.10/dist-packages/uline_patrol_msgs/libuline_patrol_msgs__rosidl_generator_py.so
-- Up-to-date: /home/lumen/workspace/humble_ws/src/omni_robot/install/uline_patrol_msgs/local/lib/python3.10/dist-packages/uline_patrol_msgs/_uline_patrol_msgs_s.ep.rosidl_typesupport_c.c
-- Up-to-date: /home/lumen/workspace/humble_ws/src/omni_robot/install/uline_patrol_msgs/local/lib/python3.10/dist-packages/uline_patrol_msgs/uline_patrol_msgs_s__rosidl_typesupport_fastrtps_c.cpython-310-x86_64-linux-gnu.so
-- Up-to-date: /home/lumen/workspace/humble_ws/src/omni_robot/install/uline_patrol_msgs/local/lib/python3.10/dist-packages/uline_patrol_msgs/uline_patrol_msgs_s__rosidl_typesupport_c.cpython-310-x86_64-linux-gnu.so
-- Up-to-date: /home/lumen/workspace/humble_ws/src/omni_robot/install/uline_patrol_msgs/local/lib/python3.10/dist-packages/uline_patrol_msgs/action
-- Up-to-date: /home/lumen/workspace/humble_ws/src/omni_robot/install/uline_patrol_msgs/local/lib/python3.10/dist-packages/uline_patrol_msgs/action/_uline_patrol_command_s.c
-- Up-to-date: /home/lumen/workspace/humble_ws/src/omni_robot/install/uline_patrol_msgs/local/lib/python3.10/dist-packages/uline_patrol_msgs/action/__init__.py
-- Up-to-date: /home/lumen/workspace/humble_ws/src/omni_robot/install/uline_patrol_msgs/local/lib/python3.10/dist-packages/uline_patrol_msgs/action/_uline_patrol_command.py
-- Up-to-date: /home/lumen/workspace/humble_ws/src/omni_robot/install/uline_patrol_msgs/local/lib/python3.10/dist-packages/uline_patrol_msgs/_uline_patrol_msgs_s.ep.rosidl_typesupport_introspection_c.c
-- Up-to-date: /home/lumen/workspace/humble_ws/src/omni_robot/install/uline_patrol_msgs/local/lib/python3.10/dist-packages/uline_patrol_msgs/srv
-- Up-to-date: /home/lumen/workspace/humble_ws/src/omni_robot/install/uline_patrol_msgs/local/lib/python3.10/dist-packages/uline_patrol_msgs/srv/_uline_patrol_command_s.c
-- Up-to-date: /home/lumen/workspace/humble_ws/src/omni_robot/install/uline_patrol_msgs/local/lib/python3.10/dist-packages/uline_patrol_msgs/srv/__init__.py
-- Up-to-date: /home/lumen/workspace/humble_ws/src/omni_robot/install/uline_patrol_msgs/local/lib/python3.10/dist-packages/uline_patrol_msgs/srv/_uline_patrol_command.py
Listing '/home/lumen/workspace/humble_ws/src/omni_robot/install/uline_patrol_msgs/local/lib/python3.10/dist-packages/uline_patrol_msgs'...
Listing '/home/lumen/workspace/humble_ws/src/omni_robot/install/uline_patrol_msgs/local/lib/python3.10/dist-packages/uline_patrol_msgs/action'...
Listing '/home/lumen/workspace/humble_ws/src/omni_robot/install/uline_patrol_msgs/local/lib/python3.10/dist-packages/uline_patrol_msgs/srv'...
-- Up-to-date: /home/lumen/workspace/humble_ws/src/omni_robot/install/uline_patrol_msgs/local/lib/python3.10/dist-packages/uline_patrol_msgs/uline_patrol_msgs_s__rosidl_typesupport_fastrtps_c.cpython-310-x86_64-linux-gnu.so
-- Up-to-date: /home/lumen/workspace/humble_ws/src/omni_robot/install/uline_patrol_msgs/local/lib/python3.10/dist-packages/uline_patrol_msgs/uline_patrol_msgs_s__rosidl_typesupport_introspection_c.cpython-310-x86_64-linux-gnu.so
-- Up-to-date: /home/lumen/workspace/humble_ws/src/omni_robot/install/uline_patrol_msgs/local/lib/python3.10/dist-packages/uline_patrol_msgs/uline_patrol_msgs_s__rosidl_typesupport_c.cpython-310-x86_64-linux-gnu.so
-- Up-to-date: /home/lumen/workspace/humble_ws/src/omni_robot/install/uline_patrol_msgs/lib/libuline_patrol_msgs__rosidl_generator_py.so
-- Up-to-date: /home/lumen/workspace/humble_ws/src/omni_robot/install/uline_patrol_msgs/share/uline_patrol_msgs/srv/UlinePatrolCommand.idl
-- Up-to-date: /home/lumen/workspace/humble_ws/src/omni_robot/install/uline_patrol_msgs/share/uline_patrol_msgs/action/UlinePatrolCommand.idl
-- Up-to-date: /home/lumen/workspace/humble_ws/src/omni_robot/install/uline_patrol_msgs/share/uline_patrol_msgs/srv/UlinePatrolCommand.srv
-- Up-to-date: /home/lumen/workspace/humble_ws/src/omni_robot/install/uline_patrol_msgs/share/uline_patrol_msgs/srv/UlinePatrolCommand_Request.msg
-- Up-to-date: /home/lumen/workspace/humble_ws/src/omni_robot/install/uline_patrol_msgs/share/uline_patrol_msgs/srv/UlinePatrolCommand_Response.msg
-- Up-to-date: /home/lumen/workspace/humble_ws/src/omni_robot/install/uline_patrol_msgs/share/uline_patrol_msgs/action/UlinePatrolCommand.action
-- Up-to-date: /home/lumen/workspace/humble_ws/src/omni_robot/install/uline_patrol_msgs/share/ament_index/resource_index/package_run_dependencies/uline_patrol_msgs
-- Up-to-date: /home/lumen/workspace/humble_ws/src/omni_robot/install/uline_patrol_msgs/share/ament_index/resource_index/parent_prefix_path/uline_patrol_msgs
-- Up-to-date: /home/lumen/workspace/humble_ws/src/omni_robot/install/uline_patrol_msgs/share/uline_patrol_msgs/environment/ament_prefix_path.sh
-- Up-to-date: /home/lumen/workspace/humble_ws/src/omni_robot/install/uline_patrol_msgs/share/uline_patrol_msgs/environment/ament_prefix_path.dsv
-- Up-to-date: /home/lumen/workspace/humble_ws/src/omni_robot/install/uline_patrol_msgs/share/uline_patrol_msgs/environment/path.sh
-- Up-to-date: /home/lumen/workspace/humble_ws/src/omni_robot/install/uline_patrol_msgs/share/uline_patrol_msgs/environment/path.dsv
-- Up-to-date: /home/lumen/workspace/humble_ws/src/omni_robot/install/uline_patrol_msgs/share/uline_patrol_msgs/local_setup.bash
-- Up-to-date: /home/lumen/workspace/humble_ws/src/omni_robot/install/uline_patrol_msgs/share/uline_patrol_msgs/local_setup.sh
-- Up-to-date: /home/lumen/workspace/humble_ws/src/omni_robot/install/uline_patrol_msgs/share/uline_patrol_msgs/local_setup.zsh
-- Up-to-date: /home/lumen/workspace/humble_ws/src/omni_robot/install/uline_patrol_msgs/share/uline_patrol_msgs/local_setup.dsv
-- Installing: /home/lumen/workspace/humble_ws/src/omni_robot/install/uline_patrol_msgs/share/uline_patrol_msgs/package.dsv
-- Up-to-date: /home/lumen/workspace/humble_ws/src/omni_robot/install/uline_patrol_msgs/share/ament_index/resource_index/packages/uline_patrol_msgs
-- Up-to-date: /home/lumen/workspace/humble_ws/src/omni_robot/install/uline_patrol_msgs/share/uline_patrol_msgs/cmake/export_uline_patrol_msgs__rosidl_generator_cExport.cmake
-- Up-to-date: /home/lumen/workspace/humble_ws/src/omni_robot/install/uline_patrol_msgs/share/uline_patrol_msgs/cmake/export_uline_patrol_msgs__rosidl_generator_cExport-noconfig.cmake
-- Up-to-date: /home/lumen/workspace/humble_ws/src/omni_robot/install/uline_patrol_msgs/share/uline_patrol_msgs/cmake/export_uline_patrol_msgs__rosidl_typesupport_fastrtps_cExport.cmake
-- Up-to-date: /home/lumen/workspace/humble_ws/src/omni_robot/install/uline_patrol_msgs/share/uline_patrol_msgs/cmake/export_uline_patrol_msgs__rosidl_typesupport_fastrtps_cExport-noconfig.cmake
-- Up-to-date: /home/lumen/workspace/humble_ws/src/omni_robot/install/uline_patrol_msgs/share/uline_patrol_msgs/cmake/export_uline_patrol_msgs__rosidl_generator_cppExport.cmake
-- Up-to-date: /home/lumen/workspace/humble_ws/src/omni_robot/install/uline_patrol_msgs/share/uline_patrol_msgs/cmake/export_uline_patrol_msgs__rosidl_typesupport_fastrtps_cppExport.cmake
-- Up-to-date: /home/lumen/workspace/humble_ws/src/omni_robot/install/uline_patrol_msgs/share/uline_patrol_msgs/cmake/export_uline_patrol_msgs__rosidl_typesupport_fastrtps_cppExport-noconfig.cmake
-- Up-to-date: /home/lumen/workspace/humble_ws/src/omni_robot/install/uline_patrol_msgs/share/uline_patrol_msgs/cmake/uline_patrol_msgs__rosidl_typesupport_introspection_cExport.cmake
-- Up-to-date: /home/lumen/workspace/humble_ws/src/omni_robot/install/uline_patrol_msgs/share/uline_patrol_msgs/cmake/uline_patrol_msgs__rosidl_typesupport_introspection_cExport-noconfig.cmake
-- Up-to-date: /home/lumen/workspace/humble_ws/src/omni_robot/install/uline_patrol_msgs/share/uline_patrol_msgs/cmake/uline_patrol_msgs__rosidl_typesupport_cExport.cmake
-- Up-to-date: /home/lumen/workspace/humble_ws/src/omni_robot/install/uline_patrol_msgs/share/uline_patrol_msgs/cmake/uline_patrol_msgs__rosidl_typesupport_cExport-noconfig.cmake
-- Up-to-date: /home/lumen/workspace/humble_ws/src/omni_robot/install/uline_patrol_msgs/share/uline_patrol_msgs/cmake/uline_patrol_msgs__rosidl_typesupport_introspection_cppExport.cmake
-- Up-to-date: /home/lumen/workspace/humble_ws/src/omni_robot/install/uline_patrol_msgs/share/uline_patrol_msgs/cmake/uline_patrol_msgs__rosidl_typesupport_introspection_cppExport-noconfig.cmake
-- Up-to-date: /home/lumen/workspace/humble_ws/src/omni_robot/install/uline_patrol_msgs/share/uline_patrol_msgs/cmake/uline_patrol_msgs__rosidl_typesupport_cppExport.cmake
-- Up-to-date: /home/lumen/workspace/humble_ws/src/omni_robot/install/uline_patrol_msgs/share/uline_patrol_msgs/cmake/uline_patrol_msgs__rosidl_typesupport_cppExport-noconfig.cmake
-- Up-to-date: /home/lumen/workspace/humble_ws/src/omni_robot/install/uline_patrol_msgs/share/uline_patrol_msgs/cmake/export_uline_patrol_msgs__rosidl_generator_pyExport.cmake
-- Up-to-date: /home/lumen/workspace/humble_ws/src/omni_robot/install/uline_patrol_msgs/share/uline_patrol_msgs/cmake/export_uline_patrol_msgs__rosidl_generator_pyExport-noconfig.cmake
-- Up-to-date: /home/lumen/workspace/humble_ws/src/omni_robot/install/uline_patrol_msgs/share/uline_patrol_msgs/cmake/rosidl_cmake-extras.cmake
-- Up-to-date: /home/lumen/workspace/humble_ws/src/omni_robot/install/uline_patrol_msgs/share/uline_patrol_msgs/cmake/ament_cmake_export_dependencies-extras.cmake
-- Up-to-date: /home/lumen/workspace/humble_ws/src/omni_robot/install/uline_patrol_msgs/share/uline_patrol_msgs/cmake/ament_cmake_export_include_directories-extras.cmake
-- Up-to-date: /home/lumen/workspace/humble_ws/src/omni_robot/install/uline_patrol_msgs/share/uline_patrol_msgs/cmake/ament_cmake_export_libraries-extras.cmake
-- Up-to-date: /home/lumen/workspace/humble_ws/src/omni_robot/install/uline_patrol_msgs/share/uline_patrol_msgs/cmake/ament_cmake_export_targets-extras.cmake
-- Up-to-date: /home/lumen/workspace/humble_ws/src/omni_robot/install/uline_patrol_msgs/share/uline_patrol_msgs/cmake/rosidl_cmake_export_typesupport_targets-extras.cmake
-- Up-to-date: /home/lumen/workspace/humble_ws/src/omni_robot/install/uline_patrol_msgs/share/uline_patrol_msgs/cmake/rosidl_cmake_export_typesupport_libraries-extras.cmake
-- Up-to-date: /home/lumen/workspace/humble_ws/src/omni_robot/install/uline_patrol_msgs/share/uline_patrol_msgs/cmake/uline_patrol_msgsConfig.cmake
-- Up-to-date: /home/lumen/workspace/humble_ws/src/omni_robot/install/uline_patrol_msgs/share/uline_patrol_msgs/cmake/uline_patrol_msgsConfig-version.cmake
-- Up-to-date: /home/lumen/workspace/humble_ws/src/omni_robot/install/uline_patrol_msgs/share/uline_patrol_msgs/package.xml
