[0.011s] Invoking command in '/home/lumen/workspace/humble_ws/src/omni_robot/build/uline_patrol_msgs': CMAKE_PREFIX_PATH=${CMAKE_PREFIX_PATH}:/opt/ros/humble /usr/bin/cmake --build /home/lumen/workspace/humble_ws/src/omni_robot/build/uline_patrol_msgs -- -j32 -l32
[0.037s] [35m[1mConsolidate compiler generated dependencies of target uline_patrol_msgs__rosidl_generator_c[0m
[0.044s] [  2%] Built target uline_patrol_msgs__cpp
[0.045s] [ 12%] Built target uline_patrol_msgs__rosidl_generator_c
[0.051s] [ 12%] Built target ament_cmake_python_copy_uline_patrol_msgs
[0.052s] [35m[1mConsolidate compiler generated dependencies of target uline_patrol_msgs__rosidl_typesupport_cpp[0m
[0.052s] [35m[1mConsolidate compiler generated dependencies of target uline_patrol_msgs__rosidl_typesupport_introspection_cpp[0m
[0.052s] [35m[1mConsolidate compiler generated dependencies of target uline_patrol_msgs__rosidl_typesupport_fastrtps_cpp[0m
[0.052s] [35m[1mConsolidate compiler generated dependencies of target uline_patrol_msgs__rosidl_typesupport_introspection_c[0m
[0.052s] [35m[1mConsolidate compiler generated dependencies of target uline_patrol_msgs__rosidl_typesupport_fastrtps_c[0m
[0.052s] [35m[1mConsolidate compiler generated dependencies of target uline_patrol_msgs__rosidl_typesupport_c[0m
[0.064s] [ 33%] Built target uline_patrol_msgs__rosidl_typesupport_c
[0.065s] [ 33%] Built target uline_patrol_msgs__rosidl_typesupport_introspection_c
[0.065s] [ 43%] Built target uline_patrol_msgs__rosidl_typesupport_cpp
[0.067s] [ 53%] Built target uline_patrol_msgs__rosidl_typesupport_introspection_cpp
[0.067s] [ 69%] Built target uline_patrol_msgs__rosidl_typesupport_fastrtps_cpp
[0.067s] [ 74%] Built target uline_patrol_msgs__rosidl_typesupport_fastrtps_c
[0.076s] [ 74%] Built target uline_patrol_msgs
[0.091s] [ 76%] Built target uline_patrol_msgs__py
[0.098s] [35m[1mConsolidate compiler generated dependencies of target uline_patrol_msgs__rosidl_generator_py[0m
[0.108s] [ 84%] Built target uline_patrol_msgs__rosidl_generator_py
[0.116s] [35m[1mConsolidate compiler generated dependencies of target uline_patrol_msgs__rosidl_typesupport_fastrtps_c__pyext[0m
[0.116s] [35m[1mConsolidate compiler generated dependencies of target uline_patrol_msgs__rosidl_typesupport_introspection_c__pyext[0m
[0.116s] [35m[1mConsolidate compiler generated dependencies of target uline_patrol_msgs__rosidl_typesupport_c__pyext[0m
[0.125s] [ 89%] Built target uline_patrol_msgs__rosidl_typesupport_fastrtps_c__pyext
[0.126s] [100%] Built target uline_patrol_msgs__rosidl_typesupport_introspection_c__pyext
[0.126s] [100%] Built target uline_patrol_msgs__rosidl_typesupport_c__pyext
[0.174s] running egg_info
[0.174s] writing uline_patrol_msgs.egg-info/PKG-INFO
[0.174s] writing dependency_links to uline_patrol_msgs.egg-info/dependency_links.txt
[0.174s] writing top-level names to uline_patrol_msgs.egg-info/top_level.txt
[0.175s] reading manifest file 'uline_patrol_msgs.egg-info/SOURCES.txt'
[0.175s] writing manifest file 'uline_patrol_msgs.egg-info/SOURCES.txt'
[0.191s] [100%] Built target ament_cmake_python_build_uline_patrol_msgs_egg
[0.200s] Invoked command in '/home/lumen/workspace/humble_ws/src/omni_robot/build/uline_patrol_msgs' returned '0': CMAKE_PREFIX_PATH=${CMAKE_PREFIX_PATH}:/opt/ros/humble /usr/bin/cmake --build /home/lumen/workspace/humble_ws/src/omni_robot/build/uline_patrol_msgs -- -j32 -l32
[0.263s] Invoking command in '/home/lumen/workspace/humble_ws/src/omni_robot/build/uline_patrol_msgs': CMAKE_PREFIX_PATH=${CMAKE_PREFIX_PATH}:/opt/ros/humble /usr/bin/cmake --install /home/lumen/workspace/humble_ws/src/omni_robot/build/uline_patrol_msgs
[0.269s] -- Install configuration: ""
[0.269s] -- Up-to-date: /home/lumen/workspace/humble_ws/src/omni_robot/install/uline_patrol_msgs/share/ament_index/resource_index/rosidl_interfaces/uline_patrol_msgs
[0.269s] -- Up-to-date: /home/lumen/workspace/humble_ws/src/omni_robot/install/uline_patrol_msgs/include/uline_patrol_msgs/uline_patrol_msgs
[0.269s] -- Up-to-date: /home/lumen/workspace/humble_ws/src/omni_robot/install/uline_patrol_msgs/include/uline_patrol_msgs/uline_patrol_msgs/action
[0.269s] -- Up-to-date: /home/lumen/workspace/humble_ws/src/omni_robot/install/uline_patrol_msgs/include/uline_patrol_msgs/uline_patrol_msgs/action/detail
[0.269s] -- Up-to-date: /home/lumen/workspace/humble_ws/src/omni_robot/install/uline_patrol_msgs/include/uline_patrol_msgs/uline_patrol_msgs/action/detail/uline_patrol_command__functions.h
[0.269s] -- Up-to-date: /home/lumen/workspace/humble_ws/src/omni_robot/install/uline_patrol_msgs/include/uline_patrol_msgs/uline_patrol_msgs/action/detail/uline_patrol_command__functions.c
[0.269s] -- Up-to-date: /home/lumen/workspace/humble_ws/src/omni_robot/install/uline_patrol_msgs/include/uline_patrol_msgs/uline_patrol_msgs/action/detail/uline_patrol_command__type_support.h
[0.269s] -- Up-to-date: /home/lumen/workspace/humble_ws/src/omni_robot/install/uline_patrol_msgs/include/uline_patrol_msgs/uline_patrol_msgs/action/detail/uline_patrol_command__struct.h
[0.269s] -- Up-to-date: /home/lumen/workspace/humble_ws/src/omni_robot/install/uline_patrol_msgs/include/uline_patrol_msgs/uline_patrol_msgs/action/uline_patrol_command.h
[0.269s] -- Up-to-date: /home/lumen/workspace/humble_ws/src/omni_robot/install/uline_patrol_msgs/include/uline_patrol_msgs/uline_patrol_msgs/msg
[0.269s] -- Up-to-date: /home/lumen/workspace/humble_ws/src/omni_robot/install/uline_patrol_msgs/include/uline_patrol_msgs/uline_patrol_msgs/msg/rosidl_generator_c__visibility_control.h
[0.269s] -- Up-to-date: /home/lumen/workspace/humble_ws/src/omni_robot/install/uline_patrol_msgs/include/uline_patrol_msgs/uline_patrol_msgs/srv
[0.270s] -- Up-to-date: /home/lumen/workspace/humble_ws/src/omni_robot/install/uline_patrol_msgs/include/uline_patrol_msgs/uline_patrol_msgs/srv/detail
[0.270s] -- Up-to-date: /home/lumen/workspace/humble_ws/src/omni_robot/install/uline_patrol_msgs/include/uline_patrol_msgs/uline_patrol_msgs/srv/detail/uline_patrol_command__functions.h
[0.270s] -- Up-to-date: /home/lumen/workspace/humble_ws/src/omni_robot/install/uline_patrol_msgs/include/uline_patrol_msgs/uline_patrol_msgs/srv/detail/uline_patrol_command__functions.c
[0.270s] -- Up-to-date: /home/lumen/workspace/humble_ws/src/omni_robot/install/uline_patrol_msgs/include/uline_patrol_msgs/uline_patrol_msgs/srv/detail/uline_patrol_command__type_support.h
[0.270s] -- Up-to-date: /home/lumen/workspace/humble_ws/src/omni_robot/install/uline_patrol_msgs/include/uline_patrol_msgs/uline_patrol_msgs/srv/detail/uline_patrol_command__struct.h
[0.270s] -- Up-to-date: /home/lumen/workspace/humble_ws/src/omni_robot/install/uline_patrol_msgs/include/uline_patrol_msgs/uline_patrol_msgs/srv/uline_patrol_command.h
[0.270s] -- Up-to-date: /home/lumen/workspace/humble_ws/src/omni_robot/install/uline_patrol_msgs/share/uline_patrol_msgs/environment/library_path.sh
[0.270s] -- Up-to-date: /home/lumen/workspace/humble_ws/src/omni_robot/install/uline_patrol_msgs/share/uline_patrol_msgs/environment/library_path.dsv
[0.270s] -- Up-to-date: /home/lumen/workspace/humble_ws/src/omni_robot/install/uline_patrol_msgs/lib/libuline_patrol_msgs__rosidl_generator_c.so
[0.270s] -- Up-to-date: /home/lumen/workspace/humble_ws/src/omni_robot/install/uline_patrol_msgs/include/uline_patrol_msgs/uline_patrol_msgs
[0.270s] -- Up-to-date: /home/lumen/workspace/humble_ws/src/omni_robot/install/uline_patrol_msgs/include/uline_patrol_msgs/uline_patrol_msgs/action
[0.270s] -- Up-to-date: /home/lumen/workspace/humble_ws/src/omni_robot/install/uline_patrol_msgs/include/uline_patrol_msgs/uline_patrol_msgs/action/detail
[0.270s] -- Up-to-date: /home/lumen/workspace/humble_ws/src/omni_robot/install/uline_patrol_msgs/include/uline_patrol_msgs/uline_patrol_msgs/action/detail/uline_patrol_command__rosidl_typesupport_fastrtps_c.h
[0.270s] -- Up-to-date: /home/lumen/workspace/humble_ws/src/omni_robot/install/uline_patrol_msgs/include/uline_patrol_msgs/uline_patrol_msgs/msg
[0.270s] -- Up-to-date: /home/lumen/workspace/humble_ws/src/omni_robot/install/uline_patrol_msgs/include/uline_patrol_msgs/uline_patrol_msgs/msg/rosidl_typesupport_fastrtps_c__visibility_control.h
[0.270s] -- Up-to-date: /home/lumen/workspace/humble_ws/src/omni_robot/install/uline_patrol_msgs/include/uline_patrol_msgs/uline_patrol_msgs/srv
[0.270s] -- Up-to-date: /home/lumen/workspace/humble_ws/src/omni_robot/install/uline_patrol_msgs/include/uline_patrol_msgs/uline_patrol_msgs/srv/detail
[0.270s] -- Up-to-date: /home/lumen/workspace/humble_ws/src/omni_robot/install/uline_patrol_msgs/include/uline_patrol_msgs/uline_patrol_msgs/srv/detail/uline_patrol_command__rosidl_typesupport_fastrtps_c.h
[0.270s] -- Up-to-date: /home/lumen/workspace/humble_ws/src/omni_robot/install/uline_patrol_msgs/lib/libuline_patrol_msgs__rosidl_typesupport_fastrtps_c.so
[0.270s] -- Up-to-date: /home/lumen/workspace/humble_ws/src/omni_robot/install/uline_patrol_msgs/include/uline_patrol_msgs/uline_patrol_msgs
[0.270s] -- Up-to-date: /home/lumen/workspace/humble_ws/src/omni_robot/install/uline_patrol_msgs/include/uline_patrol_msgs/uline_patrol_msgs/action
[0.270s] -- Up-to-date: /home/lumen/workspace/humble_ws/src/omni_robot/install/uline_patrol_msgs/include/uline_patrol_msgs/uline_patrol_msgs/action/detail
[0.270s] -- Up-to-date: /home/lumen/workspace/humble_ws/src/omni_robot/install/uline_patrol_msgs/include/uline_patrol_msgs/uline_patrol_msgs/action/detail/uline_patrol_command__builder.hpp
[0.270s] -- Up-to-date: /home/lumen/workspace/humble_ws/src/omni_robot/install/uline_patrol_msgs/include/uline_patrol_msgs/uline_patrol_msgs/action/detail/uline_patrol_command__struct.hpp
[0.270s] -- Up-to-date: /home/lumen/workspace/humble_ws/src/omni_robot/install/uline_patrol_msgs/include/uline_patrol_msgs/uline_patrol_msgs/action/detail/uline_patrol_command__traits.hpp
[0.271s] -- Up-to-date: /home/lumen/workspace/humble_ws/src/omni_robot/install/uline_patrol_msgs/include/uline_patrol_msgs/uline_patrol_msgs/action/uline_patrol_command.hpp
[0.271s] -- Up-to-date: /home/lumen/workspace/humble_ws/src/omni_robot/install/uline_patrol_msgs/include/uline_patrol_msgs/uline_patrol_msgs/srv
[0.271s] -- Up-to-date: /home/lumen/workspace/humble_ws/src/omni_robot/install/uline_patrol_msgs/include/uline_patrol_msgs/uline_patrol_msgs/srv/detail
[0.271s] -- Up-to-date: /home/lumen/workspace/humble_ws/src/omni_robot/install/uline_patrol_msgs/include/uline_patrol_msgs/uline_patrol_msgs/srv/detail/uline_patrol_command__builder.hpp
[0.271s] -- Up-to-date: /home/lumen/workspace/humble_ws/src/omni_robot/install/uline_patrol_msgs/include/uline_patrol_msgs/uline_patrol_msgs/srv/detail/uline_patrol_command__struct.hpp
[0.271s] -- Up-to-date: /home/lumen/workspace/humble_ws/src/omni_robot/install/uline_patrol_msgs/include/uline_patrol_msgs/uline_patrol_msgs/srv/detail/uline_patrol_command__traits.hpp
[0.271s] -- Up-to-date: /home/lumen/workspace/humble_ws/src/omni_robot/install/uline_patrol_msgs/include/uline_patrol_msgs/uline_patrol_msgs/srv/uline_patrol_command.hpp
[0.271s] -- Up-to-date: /home/lumen/workspace/humble_ws/src/omni_robot/install/uline_patrol_msgs/include/uline_patrol_msgs/uline_patrol_msgs
[0.271s] -- Up-to-date: /home/lumen/workspace/humble_ws/src/omni_robot/install/uline_patrol_msgs/include/uline_patrol_msgs/uline_patrol_msgs/action
[0.271s] -- Up-to-date: /home/lumen/workspace/humble_ws/src/omni_robot/install/uline_patrol_msgs/include/uline_patrol_msgs/uline_patrol_msgs/action/detail
[0.271s] -- Up-to-date: /home/lumen/workspace/humble_ws/src/omni_robot/install/uline_patrol_msgs/include/uline_patrol_msgs/uline_patrol_msgs/action/detail/dds_fastrtps
[0.271s] -- Up-to-date: /home/lumen/workspace/humble_ws/src/omni_robot/install/uline_patrol_msgs/include/uline_patrol_msgs/uline_patrol_msgs/action/detail/uline_patrol_command__rosidl_typesupport_fastrtps_cpp.hpp
[0.271s] -- Up-to-date: /home/lumen/workspace/humble_ws/src/omni_robot/install/uline_patrol_msgs/include/uline_patrol_msgs/uline_patrol_msgs/msg
[0.271s] -- Up-to-date: /home/lumen/workspace/humble_ws/src/omni_robot/install/uline_patrol_msgs/include/uline_patrol_msgs/uline_patrol_msgs/msg/rosidl_typesupport_fastrtps_cpp__visibility_control.h
[0.271s] -- Up-to-date: /home/lumen/workspace/humble_ws/src/omni_robot/install/uline_patrol_msgs/include/uline_patrol_msgs/uline_patrol_msgs/srv
[0.271s] -- Up-to-date: /home/lumen/workspace/humble_ws/src/omni_robot/install/uline_patrol_msgs/include/uline_patrol_msgs/uline_patrol_msgs/srv/detail
[0.271s] -- Up-to-date: /home/lumen/workspace/humble_ws/src/omni_robot/install/uline_patrol_msgs/include/uline_patrol_msgs/uline_patrol_msgs/srv/detail/dds_fastrtps
[0.271s] -- Up-to-date: /home/lumen/workspace/humble_ws/src/omni_robot/install/uline_patrol_msgs/include/uline_patrol_msgs/uline_patrol_msgs/srv/detail/uline_patrol_command__rosidl_typesupport_fastrtps_cpp.hpp
[0.271s] -- Up-to-date: /home/lumen/workspace/humble_ws/src/omni_robot/install/uline_patrol_msgs/lib/libuline_patrol_msgs__rosidl_typesupport_fastrtps_cpp.so
[0.271s] -- Up-to-date: /home/lumen/workspace/humble_ws/src/omni_robot/install/uline_patrol_msgs/include/uline_patrol_msgs/uline_patrol_msgs
[0.271s] -- Up-to-date: /home/lumen/workspace/humble_ws/src/omni_robot/install/uline_patrol_msgs/include/uline_patrol_msgs/uline_patrol_msgs/action
[0.271s] -- Up-to-date: /home/lumen/workspace/humble_ws/src/omni_robot/install/uline_patrol_msgs/include/uline_patrol_msgs/uline_patrol_msgs/action/detail
[0.271s] -- Up-to-date: /home/lumen/workspace/humble_ws/src/omni_robot/install/uline_patrol_msgs/include/uline_patrol_msgs/uline_patrol_msgs/action/detail/uline_patrol_command__type_support.c
[0.271s] -- Up-to-date: /home/lumen/workspace/humble_ws/src/omni_robot/install/uline_patrol_msgs/include/uline_patrol_msgs/uline_patrol_msgs/action/detail/uline_patrol_command__rosidl_typesupport_introspection_c.h
[0.271s] -- Up-to-date: /home/lumen/workspace/humble_ws/src/omni_robot/install/uline_patrol_msgs/include/uline_patrol_msgs/uline_patrol_msgs/msg
[0.271s] -- Up-to-date: /home/lumen/workspace/humble_ws/src/omni_robot/install/uline_patrol_msgs/include/uline_patrol_msgs/uline_patrol_msgs/msg/rosidl_typesupport_introspection_c__visibility_control.h
[0.271s] -- Up-to-date: /home/lumen/workspace/humble_ws/src/omni_robot/install/uline_patrol_msgs/include/uline_patrol_msgs/uline_patrol_msgs/srv
[0.271s] -- Up-to-date: /home/lumen/workspace/humble_ws/src/omni_robot/install/uline_patrol_msgs/include/uline_patrol_msgs/uline_patrol_msgs/srv/detail
[0.271s] -- Up-to-date: /home/lumen/workspace/humble_ws/src/omni_robot/install/uline_patrol_msgs/include/uline_patrol_msgs/uline_patrol_msgs/srv/detail/uline_patrol_command__type_support.c
[0.271s] -- Up-to-date: /home/lumen/workspace/humble_ws/src/omni_robot/install/uline_patrol_msgs/include/uline_patrol_msgs/uline_patrol_msgs/srv/detail/uline_patrol_command__rosidl_typesupport_introspection_c.h
[0.272s] -- Up-to-date: /home/lumen/workspace/humble_ws/src/omni_robot/install/uline_patrol_msgs/lib/libuline_patrol_msgs__rosidl_typesupport_introspection_c.so
[0.272s] -- Up-to-date: /home/lumen/workspace/humble_ws/src/omni_robot/install/uline_patrol_msgs/lib/libuline_patrol_msgs__rosidl_typesupport_c.so
[0.272s] -- Up-to-date: /home/lumen/workspace/humble_ws/src/omni_robot/install/uline_patrol_msgs/include/uline_patrol_msgs/uline_patrol_msgs
[0.272s] -- Up-to-date: /home/lumen/workspace/humble_ws/src/omni_robot/install/uline_patrol_msgs/include/uline_patrol_msgs/uline_patrol_msgs/action
[0.272s] -- Up-to-date: /home/lumen/workspace/humble_ws/src/omni_robot/install/uline_patrol_msgs/include/uline_patrol_msgs/uline_patrol_msgs/action/detail
[0.272s] -- Up-to-date: /home/lumen/workspace/humble_ws/src/omni_robot/install/uline_patrol_msgs/include/uline_patrol_msgs/uline_patrol_msgs/action/detail/uline_patrol_command__type_support.cpp
[0.272s] -- Up-to-date: /home/lumen/workspace/humble_ws/src/omni_robot/install/uline_patrol_msgs/include/uline_patrol_msgs/uline_patrol_msgs/action/detail/uline_patrol_command__rosidl_typesupport_introspection_cpp.hpp
[0.272s] -- Up-to-date: /home/lumen/workspace/humble_ws/src/omni_robot/install/uline_patrol_msgs/include/uline_patrol_msgs/uline_patrol_msgs/srv
[0.272s] -- Up-to-date: /home/lumen/workspace/humble_ws/src/omni_robot/install/uline_patrol_msgs/include/uline_patrol_msgs/uline_patrol_msgs/srv/detail
[0.272s] -- Up-to-date: /home/lumen/workspace/humble_ws/src/omni_robot/install/uline_patrol_msgs/include/uline_patrol_msgs/uline_patrol_msgs/srv/detail/uline_patrol_command__type_support.cpp
[0.272s] -- Up-to-date: /home/lumen/workspace/humble_ws/src/omni_robot/install/uline_patrol_msgs/include/uline_patrol_msgs/uline_patrol_msgs/srv/detail/uline_patrol_command__rosidl_typesupport_introspection_cpp.hpp
[0.272s] -- Up-to-date: /home/lumen/workspace/humble_ws/src/omni_robot/install/uline_patrol_msgs/lib/libuline_patrol_msgs__rosidl_typesupport_introspection_cpp.so
[0.272s] -- Up-to-date: /home/lumen/workspace/humble_ws/src/omni_robot/install/uline_patrol_msgs/lib/libuline_patrol_msgs__rosidl_typesupport_cpp.so
[0.272s] -- Up-to-date: /home/lumen/workspace/humble_ws/src/omni_robot/install/uline_patrol_msgs/share/uline_patrol_msgs/environment/pythonpath.sh
[0.272s] -- Up-to-date: /home/lumen/workspace/humble_ws/src/omni_robot/install/uline_patrol_msgs/share/uline_patrol_msgs/environment/pythonpath.dsv
[0.272s] -- Up-to-date: /home/lumen/workspace/humble_ws/src/omni_robot/install/uline_patrol_msgs/local/lib/python3.10/dist-packages/uline_patrol_msgs-0.0.0-py3.10.egg-info
[0.272s] -- Installing: /home/lumen/workspace/humble_ws/src/omni_robot/install/uline_patrol_msgs/local/lib/python3.10/dist-packages/uline_patrol_msgs-0.0.0-py3.10.egg-info/PKG-INFO
[0.272s] -- Installing: /home/lumen/workspace/humble_ws/src/omni_robot/install/uline_patrol_msgs/local/lib/python3.10/dist-packages/uline_patrol_msgs-0.0.0-py3.10.egg-info/dependency_links.txt
[0.272s] -- Installing: /home/lumen/workspace/humble_ws/src/omni_robot/install/uline_patrol_msgs/local/lib/python3.10/dist-packages/uline_patrol_msgs-0.0.0-py3.10.egg-info/SOURCES.txt
[0.272s] -- Installing: /home/lumen/workspace/humble_ws/src/omni_robot/install/uline_patrol_msgs/local/lib/python3.10/dist-packages/uline_patrol_msgs-0.0.0-py3.10.egg-info/top_level.txt
[0.272s] -- Up-to-date: /home/lumen/workspace/humble_ws/src/omni_robot/install/uline_patrol_msgs/local/lib/python3.10/dist-packages/uline_patrol_msgs
[0.272s] -- Up-to-date: /home/lumen/workspace/humble_ws/src/omni_robot/install/uline_patrol_msgs/local/lib/python3.10/dist-packages/uline_patrol_msgs/__init__.py
[0.272s] -- Up-to-date: /home/lumen/workspace/humble_ws/src/omni_robot/install/uline_patrol_msgs/local/lib/python3.10/dist-packages/uline_patrol_msgs/uline_patrol_msgs_s__rosidl_typesupport_introspection_c.cpython-310-x86_64-linux-gnu.so
[0.272s] -- Up-to-date: /home/lumen/workspace/humble_ws/src/omni_robot/install/uline_patrol_msgs/local/lib/python3.10/dist-packages/uline_patrol_msgs/_uline_patrol_msgs_s.ep.rosidl_typesupport_fastrtps_c.c
[0.272s] -- Up-to-date: /home/lumen/workspace/humble_ws/src/omni_robot/install/uline_patrol_msgs/local/lib/python3.10/dist-packages/uline_patrol_msgs/libuline_patrol_msgs__rosidl_generator_py.so
[0.272s] -- Up-to-date: /home/lumen/workspace/humble_ws/src/omni_robot/install/uline_patrol_msgs/local/lib/python3.10/dist-packages/uline_patrol_msgs/_uline_patrol_msgs_s.ep.rosidl_typesupport_c.c
[0.272s] -- Up-to-date: /home/lumen/workspace/humble_ws/src/omni_robot/install/uline_patrol_msgs/local/lib/python3.10/dist-packages/uline_patrol_msgs/uline_patrol_msgs_s__rosidl_typesupport_fastrtps_c.cpython-310-x86_64-linux-gnu.so
[0.272s] -- Up-to-date: /home/lumen/workspace/humble_ws/src/omni_robot/install/uline_patrol_msgs/local/lib/python3.10/dist-packages/uline_patrol_msgs/uline_patrol_msgs_s__rosidl_typesupport_c.cpython-310-x86_64-linux-gnu.so
[0.272s] -- Up-to-date: /home/lumen/workspace/humble_ws/src/omni_robot/install/uline_patrol_msgs/local/lib/python3.10/dist-packages/uline_patrol_msgs/action
[0.272s] -- Up-to-date: /home/lumen/workspace/humble_ws/src/omni_robot/install/uline_patrol_msgs/local/lib/python3.10/dist-packages/uline_patrol_msgs/action/_uline_patrol_command_s.c
[0.272s] -- Up-to-date: /home/lumen/workspace/humble_ws/src/omni_robot/install/uline_patrol_msgs/local/lib/python3.10/dist-packages/uline_patrol_msgs/action/__init__.py
[0.273s] -- Up-to-date: /home/lumen/workspace/humble_ws/src/omni_robot/install/uline_patrol_msgs/local/lib/python3.10/dist-packages/uline_patrol_msgs/action/_uline_patrol_command.py
[0.273s] -- Up-to-date: /home/lumen/workspace/humble_ws/src/omni_robot/install/uline_patrol_msgs/local/lib/python3.10/dist-packages/uline_patrol_msgs/_uline_patrol_msgs_s.ep.rosidl_typesupport_introspection_c.c
[0.273s] -- Up-to-date: /home/lumen/workspace/humble_ws/src/omni_robot/install/uline_patrol_msgs/local/lib/python3.10/dist-packages/uline_patrol_msgs/srv
[0.273s] -- Up-to-date: /home/lumen/workspace/humble_ws/src/omni_robot/install/uline_patrol_msgs/local/lib/python3.10/dist-packages/uline_patrol_msgs/srv/_uline_patrol_command_s.c
[0.273s] -- Up-to-date: /home/lumen/workspace/humble_ws/src/omni_robot/install/uline_patrol_msgs/local/lib/python3.10/dist-packages/uline_patrol_msgs/srv/__init__.py
[0.273s] -- Up-to-date: /home/lumen/workspace/humble_ws/src/omni_robot/install/uline_patrol_msgs/local/lib/python3.10/dist-packages/uline_patrol_msgs/srv/_uline_patrol_command.py
[0.290s] Listing '/home/lumen/workspace/humble_ws/src/omni_robot/install/uline_patrol_msgs/local/lib/python3.10/dist-packages/uline_patrol_msgs'...
[0.290s] Listing '/home/lumen/workspace/humble_ws/src/omni_robot/install/uline_patrol_msgs/local/lib/python3.10/dist-packages/uline_patrol_msgs/action'...
[0.290s] Listing '/home/lumen/workspace/humble_ws/src/omni_robot/install/uline_patrol_msgs/local/lib/python3.10/dist-packages/uline_patrol_msgs/srv'...
[0.292s] -- Up-to-date: /home/lumen/workspace/humble_ws/src/omni_robot/install/uline_patrol_msgs/local/lib/python3.10/dist-packages/uline_patrol_msgs/uline_patrol_msgs_s__rosidl_typesupport_fastrtps_c.cpython-310-x86_64-linux-gnu.so
[0.293s] -- Up-to-date: /home/lumen/workspace/humble_ws/src/omni_robot/install/uline_patrol_msgs/local/lib/python3.10/dist-packages/uline_patrol_msgs/uline_patrol_msgs_s__rosidl_typesupport_introspection_c.cpython-310-x86_64-linux-gnu.so
[0.293s] -- Up-to-date: /home/lumen/workspace/humble_ws/src/omni_robot/install/uline_patrol_msgs/local/lib/python3.10/dist-packages/uline_patrol_msgs/uline_patrol_msgs_s__rosidl_typesupport_c.cpython-310-x86_64-linux-gnu.so
[0.293s] -- Up-to-date: /home/lumen/workspace/humble_ws/src/omni_robot/install/uline_patrol_msgs/lib/libuline_patrol_msgs__rosidl_generator_py.so
[0.293s] -- Up-to-date: /home/lumen/workspace/humble_ws/src/omni_robot/install/uline_patrol_msgs/share/uline_patrol_msgs/srv/UlinePatrolCommand.idl
[0.293s] -- Up-to-date: /home/lumen/workspace/humble_ws/src/omni_robot/install/uline_patrol_msgs/share/uline_patrol_msgs/action/UlinePatrolCommand.idl
[0.293s] -- Up-to-date: /home/lumen/workspace/humble_ws/src/omni_robot/install/uline_patrol_msgs/share/uline_patrol_msgs/srv/UlinePatrolCommand.srv
[0.293s] -- Up-to-date: /home/lumen/workspace/humble_ws/src/omni_robot/install/uline_patrol_msgs/share/uline_patrol_msgs/srv/UlinePatrolCommand_Request.msg
[0.293s] -- Up-to-date: /home/lumen/workspace/humble_ws/src/omni_robot/install/uline_patrol_msgs/share/uline_patrol_msgs/srv/UlinePatrolCommand_Response.msg
[0.293s] -- Up-to-date: /home/lumen/workspace/humble_ws/src/omni_robot/install/uline_patrol_msgs/share/uline_patrol_msgs/action/UlinePatrolCommand.action
[0.293s] -- Up-to-date: /home/lumen/workspace/humble_ws/src/omni_robot/install/uline_patrol_msgs/share/ament_index/resource_index/package_run_dependencies/uline_patrol_msgs
[0.293s] -- Up-to-date: /home/lumen/workspace/humble_ws/src/omni_robot/install/uline_patrol_msgs/share/ament_index/resource_index/parent_prefix_path/uline_patrol_msgs
[0.293s] -- Up-to-date: /home/lumen/workspace/humble_ws/src/omni_robot/install/uline_patrol_msgs/share/uline_patrol_msgs/environment/ament_prefix_path.sh
[0.293s] -- Up-to-date: /home/lumen/workspace/humble_ws/src/omni_robot/install/uline_patrol_msgs/share/uline_patrol_msgs/environment/ament_prefix_path.dsv
[0.294s] -- Up-to-date: /home/lumen/workspace/humble_ws/src/omni_robot/install/uline_patrol_msgs/share/uline_patrol_msgs/environment/path.sh
[0.294s] -- Up-to-date: /home/lumen/workspace/humble_ws/src/omni_robot/install/uline_patrol_msgs/share/uline_patrol_msgs/environment/path.dsv
[0.294s] -- Up-to-date: /home/lumen/workspace/humble_ws/src/omni_robot/install/uline_patrol_msgs/share/uline_patrol_msgs/local_setup.bash
[0.294s] -- Up-to-date: /home/lumen/workspace/humble_ws/src/omni_robot/install/uline_patrol_msgs/share/uline_patrol_msgs/local_setup.sh
[0.294s] -- Up-to-date: /home/lumen/workspace/humble_ws/src/omni_robot/install/uline_patrol_msgs/share/uline_patrol_msgs/local_setup.zsh
[0.294s] -- Up-to-date: /home/lumen/workspace/humble_ws/src/omni_robot/install/uline_patrol_msgs/share/uline_patrol_msgs/local_setup.dsv
[0.294s] -- Installing: /home/lumen/workspace/humble_ws/src/omni_robot/install/uline_patrol_msgs/share/uline_patrol_msgs/package.dsv
[0.294s] -- Up-to-date: /home/lumen/workspace/humble_ws/src/omni_robot/install/uline_patrol_msgs/share/ament_index/resource_index/packages/uline_patrol_msgs
[0.294s] -- Up-to-date: /home/lumen/workspace/humble_ws/src/omni_robot/install/uline_patrol_msgs/share/uline_patrol_msgs/cmake/export_uline_patrol_msgs__rosidl_generator_cExport.cmake
[0.294s] -- Up-to-date: /home/lumen/workspace/humble_ws/src/omni_robot/install/uline_patrol_msgs/share/uline_patrol_msgs/cmake/export_uline_patrol_msgs__rosidl_generator_cExport-noconfig.cmake
[0.294s] -- Up-to-date: /home/lumen/workspace/humble_ws/src/omni_robot/install/uline_patrol_msgs/share/uline_patrol_msgs/cmake/export_uline_patrol_msgs__rosidl_typesupport_fastrtps_cExport.cmake
[0.294s] -- Up-to-date: /home/lumen/workspace/humble_ws/src/omni_robot/install/uline_patrol_msgs/share/uline_patrol_msgs/cmake/export_uline_patrol_msgs__rosidl_typesupport_fastrtps_cExport-noconfig.cmake
[0.294s] -- Up-to-date: /home/lumen/workspace/humble_ws/src/omni_robot/install/uline_patrol_msgs/share/uline_patrol_msgs/cmake/export_uline_patrol_msgs__rosidl_generator_cppExport.cmake
[0.294s] -- Up-to-date: /home/lumen/workspace/humble_ws/src/omni_robot/install/uline_patrol_msgs/share/uline_patrol_msgs/cmake/export_uline_patrol_msgs__rosidl_typesupport_fastrtps_cppExport.cmake
[0.294s] -- Up-to-date: /home/lumen/workspace/humble_ws/src/omni_robot/install/uline_patrol_msgs/share/uline_patrol_msgs/cmake/export_uline_patrol_msgs__rosidl_typesupport_fastrtps_cppExport-noconfig.cmake
[0.294s] -- Up-to-date: /home/lumen/workspace/humble_ws/src/omni_robot/install/uline_patrol_msgs/share/uline_patrol_msgs/cmake/uline_patrol_msgs__rosidl_typesupport_introspection_cExport.cmake
[0.294s] -- Up-to-date: /home/lumen/workspace/humble_ws/src/omni_robot/install/uline_patrol_msgs/share/uline_patrol_msgs/cmake/uline_patrol_msgs__rosidl_typesupport_introspection_cExport-noconfig.cmake
[0.294s] -- Up-to-date: /home/lumen/workspace/humble_ws/src/omni_robot/install/uline_patrol_msgs/share/uline_patrol_msgs/cmake/uline_patrol_msgs__rosidl_typesupport_cExport.cmake
[0.294s] -- Up-to-date: /home/lumen/workspace/humble_ws/src/omni_robot/install/uline_patrol_msgs/share/uline_patrol_msgs/cmake/uline_patrol_msgs__rosidl_typesupport_cExport-noconfig.cmake
[0.294s] -- Up-to-date: /home/lumen/workspace/humble_ws/src/omni_robot/install/uline_patrol_msgs/share/uline_patrol_msgs/cmake/uline_patrol_msgs__rosidl_typesupport_introspection_cppExport.cmake
[0.294s] -- Up-to-date: /home/lumen/workspace/humble_ws/src/omni_robot/install/uline_patrol_msgs/share/uline_patrol_msgs/cmake/uline_patrol_msgs__rosidl_typesupport_introspection_cppExport-noconfig.cmake
[0.294s] -- Up-to-date: /home/lumen/workspace/humble_ws/src/omni_robot/install/uline_patrol_msgs/share/uline_patrol_msgs/cmake/uline_patrol_msgs__rosidl_typesupport_cppExport.cmake
[0.294s] -- Up-to-date: /home/lumen/workspace/humble_ws/src/omni_robot/install/uline_patrol_msgs/share/uline_patrol_msgs/cmake/uline_patrol_msgs__rosidl_typesupport_cppExport-noconfig.cmake
[0.294s] -- Up-to-date: /home/lumen/workspace/humble_ws/src/omni_robot/install/uline_patrol_msgs/share/uline_patrol_msgs/cmake/export_uline_patrol_msgs__rosidl_generator_pyExport.cmake
[0.294s] -- Up-to-date: /home/lumen/workspace/humble_ws/src/omni_robot/install/uline_patrol_msgs/share/uline_patrol_msgs/cmake/export_uline_patrol_msgs__rosidl_generator_pyExport-noconfig.cmake
[0.294s] -- Up-to-date: /home/lumen/workspace/humble_ws/src/omni_robot/install/uline_patrol_msgs/share/uline_patrol_msgs/cmake/rosidl_cmake-extras.cmake
[0.294s] -- Up-to-date: /home/lumen/workspace/humble_ws/src/omni_robot/install/uline_patrol_msgs/share/uline_patrol_msgs/cmake/ament_cmake_export_dependencies-extras.cmake
[0.294s] -- Up-to-date: /home/lumen/workspace/humble_ws/src/omni_robot/install/uline_patrol_msgs/share/uline_patrol_msgs/cmake/ament_cmake_export_include_directories-extras.cmake
[0.294s] -- Up-to-date: /home/lumen/workspace/humble_ws/src/omni_robot/install/uline_patrol_msgs/share/uline_patrol_msgs/cmake/ament_cmake_export_libraries-extras.cmake
[0.294s] -- Up-to-date: /home/lumen/workspace/humble_ws/src/omni_robot/install/uline_patrol_msgs/share/uline_patrol_msgs/cmake/ament_cmake_export_targets-extras.cmake
[0.295s] -- Up-to-date: /home/lumen/workspace/humble_ws/src/omni_robot/install/uline_patrol_msgs/share/uline_patrol_msgs/cmake/rosidl_cmake_export_typesupport_targets-extras.cmake
[0.295s] -- Up-to-date: /home/lumen/workspace/humble_ws/src/omni_robot/install/uline_patrol_msgs/share/uline_patrol_msgs/cmake/rosidl_cmake_export_typesupport_libraries-extras.cmake
[0.295s] -- Up-to-date: /home/lumen/workspace/humble_ws/src/omni_robot/install/uline_patrol_msgs/share/uline_patrol_msgs/cmake/uline_patrol_msgsConfig.cmake
[0.295s] -- Up-to-date: /home/lumen/workspace/humble_ws/src/omni_robot/install/uline_patrol_msgs/share/uline_patrol_msgs/cmake/uline_patrol_msgsConfig-version.cmake
[0.295s] -- Up-to-date: /home/lumen/workspace/humble_ws/src/omni_robot/install/uline_patrol_msgs/share/uline_patrol_msgs/package.xml
[0.297s] Invoked command in '/home/lumen/workspace/humble_ws/src/omni_robot/build/uline_patrol_msgs' returned '0': CMAKE_PREFIX_PATH=${CMAKE_PREFIX_PATH}:/opt/ros/humble /usr/bin/cmake --install /home/lumen/workspace/humble_ws/src/omni_robot/build/uline_patrol_msgs
