[0.053s] DEBUG:colcon:Command line arguments: ['/usr/bin/colcon', 'build']
[0.053s] DEBUG:colcon:Parsed command line arguments: Namespace(log_base=None, log_level=None, verb_name='build', build_base='build', install_base='install', merge_install=False, symlink_install=False, test_result_base=None, continue_on_error=False, executor='parallel', parallel_workers=32, event_handlers=None, ignore_user_meta=False, metas=['./colcon.meta'], base_paths=['.'], packages_ignore=None, packages_ignore_regex=None, paths=None, packages_up_to=None, packages_up_to_regex=None, packages_above=None, packages_above_and_dependencies=None, packages_above_depth=None, packages_select_by_dep=None, packages_skip_by_dep=None, packages_skip_up_to=None, packages_select_build_failed=False, packages_skip_build_finished=False, packages_select_test_failures=False, packages_skip_test_passed=False, packages_select=None, packages_skip=None, packages_select_regex=None, packages_skip_regex=None, packages_start=None, packages_end=None, allow_overriding=[], cmake_args=None, cmake_target=None, cmake_target_skip_unavailable=False, cmake_clean_cache=False, cmake_clean_first=False, cmake_force_configure=False, ament_cmake_args=None, catkin_cmake_args=None, catkin_skip_building_tests=False, mixin_files=None, mixin=None, verb_parser=<colcon_mixin.mixin.mixin_argument.MixinArgumentDecorator object at 0x7dce46f3ae00>, verb_extension=<colcon_core.verb.build.BuildVerb object at 0x7dce470ec8b0>, main=<bound method BuildVerb.main of <colcon_core.verb.build.BuildVerb object at 0x7dce470ec8b0>>, mixin_verb=('build',))
[0.130s] Level 1:colcon.colcon_core.package_discovery:discover_packages(colcon_meta) check parameters
[0.130s] Level 1:colcon.colcon_core.package_discovery:discover_packages(recursive) check parameters
[0.130s] Level 1:colcon.colcon_core.package_discovery:discover_packages(ignore) check parameters
[0.130s] Level 1:colcon.colcon_core.package_discovery:discover_packages(path) check parameters
[0.130s] Level 1:colcon.colcon_core.package_discovery:discover_packages(colcon_meta) discover
[0.130s] Level 1:colcon.colcon_core.package_discovery:discover_packages(recursive) discover
[0.130s] INFO:colcon.colcon_core.package_discovery:Crawling recursively for packages in '/home/lumen/workspace/humble_ws/src/omni_robot'
[0.130s] Level 1:colcon.colcon_core.package_identification:_identify(.) by extensions ['ignore', 'ignore_ament_install']
[0.130s] Level 1:colcon.colcon_core.package_identification:_identify(.) by extension 'ignore'
[0.130s] Level 1:colcon.colcon_core.package_identification:_identify(.) by extension 'ignore_ament_install'
[0.130s] Level 1:colcon.colcon_core.package_identification:_identify(.) by extensions ['colcon_pkg']
[0.130s] Level 1:colcon.colcon_core.package_identification:_identify(.) by extension 'colcon_pkg'
[0.130s] Level 1:colcon.colcon_core.package_identification:_identify(.) by extensions ['colcon_meta']
[0.130s] Level 1:colcon.colcon_core.package_identification:_identify(.) by extension 'colcon_meta'
[0.130s] Level 1:colcon.colcon_core.package_identification:_identify(.) by extensions ['ros']
[0.130s] Level 1:colcon.colcon_core.package_identification:_identify(.) by extension 'ros'
[0.136s] Level 1:colcon.colcon_core.package_identification:_identify(.) by extensions ['cmake', 'python']
[0.136s] Level 1:colcon.colcon_core.package_identification:_identify(.) by extension 'cmake'
[0.136s] Level 1:colcon.colcon_core.package_identification:_identify(.) by extension 'python'
[0.136s] Level 1:colcon.colcon_core.package_identification:_identify(.) by extensions ['python_setup_py']
[0.136s] Level 1:colcon.colcon_core.package_identification:_identify(.) by extension 'python_setup_py'
[0.136s] Level 1:colcon.colcon_core.package_identification:_identify(build) by extensions ['ignore', 'ignore_ament_install']
[0.136s] Level 1:colcon.colcon_core.package_identification:_identify(build) by extension 'ignore'
[0.136s] Level 1:colcon.colcon_core.package_identification:_identify(build) ignored
[0.136s] Level 1:colcon.colcon_core.package_identification:_identify(install) by extensions ['ignore', 'ignore_ament_install']
[0.136s] Level 1:colcon.colcon_core.package_identification:_identify(install) by extension 'ignore'
[0.136s] Level 1:colcon.colcon_core.package_identification:_identify(install) ignored
[0.136s] Level 1:colcon.colcon_core.package_identification:_identify(log) by extensions ['ignore', 'ignore_ament_install']
[0.136s] Level 1:colcon.colcon_core.package_identification:_identify(log) by extension 'ignore'
[0.136s] Level 1:colcon.colcon_core.package_identification:_identify(log) ignored
[0.136s] Level 1:colcon.colcon_core.package_identification:_identify(omni_gazebo) by extensions ['ignore', 'ignore_ament_install']
[0.136s] Level 1:colcon.colcon_core.package_identification:_identify(omni_gazebo) by extension 'ignore'
[0.136s] Level 1:colcon.colcon_core.package_identification:_identify(omni_gazebo) by extension 'ignore_ament_install'
[0.136s] Level 1:colcon.colcon_core.package_identification:_identify(omni_gazebo) by extensions ['colcon_pkg']
[0.136s] Level 1:colcon.colcon_core.package_identification:_identify(omni_gazebo) by extension 'colcon_pkg'
[0.136s] Level 1:colcon.colcon_core.package_identification:_identify(omni_gazebo) by extensions ['colcon_meta']
[0.136s] Level 1:colcon.colcon_core.package_identification:_identify(omni_gazebo) by extension 'colcon_meta'
[0.136s] Level 1:colcon.colcon_core.package_identification:_identify(omni_gazebo) by extensions ['ros']
[0.136s] Level 1:colcon.colcon_core.package_identification:_identify(omni_gazebo) by extension 'ros'
[0.137s] DEBUG:colcon.colcon_core.package_identification:Package 'omni_gazebo' with type 'ros.ament_cmake' and name 'omni_gazebo'
[0.138s] Level 1:colcon.colcon_core.package_identification:_identify(uline_patrol_msgs) by extensions ['ignore', 'ignore_ament_install']
[0.138s] Level 1:colcon.colcon_core.package_identification:_identify(uline_patrol_msgs) by extension 'ignore'
[0.138s] Level 1:colcon.colcon_core.package_identification:_identify(uline_patrol_msgs) by extension 'ignore_ament_install'
[0.138s] Level 1:colcon.colcon_core.package_identification:_identify(uline_patrol_msgs) by extensions ['colcon_pkg']
[0.138s] Level 1:colcon.colcon_core.package_identification:_identify(uline_patrol_msgs) by extension 'colcon_pkg'
[0.138s] Level 1:colcon.colcon_core.package_identification:_identify(uline_patrol_msgs) by extensions ['colcon_meta']
[0.138s] Level 1:colcon.colcon_core.package_identification:_identify(uline_patrol_msgs) by extension 'colcon_meta'
[0.138s] Level 1:colcon.colcon_core.package_identification:_identify(uline_patrol_msgs) by extensions ['ros']
[0.138s] Level 1:colcon.colcon_core.package_identification:_identify(uline_patrol_msgs) by extension 'ros'
[0.139s] DEBUG:colcon.colcon_core.package_identification:Package 'uline_patrol_msgs' with type 'ros.ament_cmake' and name 'uline_patrol_msgs'
[0.139s] Level 1:colcon.colcon_core.package_identification:_identify(velodyne_simulator) by extensions ['ignore', 'ignore_ament_install']
[0.139s] Level 1:colcon.colcon_core.package_identification:_identify(velodyne_simulator) by extension 'ignore'
[0.139s] Level 1:colcon.colcon_core.package_identification:_identify(velodyne_simulator) by extension 'ignore_ament_install'
[0.139s] Level 1:colcon.colcon_core.package_identification:_identify(velodyne_simulator) by extensions ['colcon_pkg']
[0.139s] Level 1:colcon.colcon_core.package_identification:_identify(velodyne_simulator) by extension 'colcon_pkg'
[0.139s] Level 1:colcon.colcon_core.package_identification:_identify(velodyne_simulator) by extensions ['colcon_meta']
[0.139s] Level 1:colcon.colcon_core.package_identification:_identify(velodyne_simulator) by extension 'colcon_meta'
[0.139s] Level 1:colcon.colcon_core.package_identification:_identify(velodyne_simulator) by extensions ['ros']
[0.139s] Level 1:colcon.colcon_core.package_identification:_identify(velodyne_simulator) by extension 'ros'
[0.139s] Level 1:colcon.colcon_core.package_identification:_identify(velodyne_simulator) by extensions ['cmake', 'python']
[0.139s] Level 1:colcon.colcon_core.package_identification:_identify(velodyne_simulator) by extension 'cmake'
[0.140s] Level 1:colcon.colcon_core.package_identification:_identify(velodyne_simulator) by extension 'python'
[0.140s] Level 1:colcon.colcon_core.package_identification:_identify(velodyne_simulator) by extensions ['python_setup_py']
[0.140s] Level 1:colcon.colcon_core.package_identification:_identify(velodyne_simulator) by extension 'python_setup_py'
[0.140s] Level 1:colcon.colcon_core.package_identification:_identify(velodyne_simulator/img) by extensions ['ignore', 'ignore_ament_install']
[0.140s] Level 1:colcon.colcon_core.package_identification:_identify(velodyne_simulator/img) by extension 'ignore'
[0.140s] Level 1:colcon.colcon_core.package_identification:_identify(velodyne_simulator/img) by extension 'ignore_ament_install'
[0.140s] Level 1:colcon.colcon_core.package_identification:_identify(velodyne_simulator/img) by extensions ['colcon_pkg']
[0.140s] Level 1:colcon.colcon_core.package_identification:_identify(velodyne_simulator/img) by extension 'colcon_pkg'
[0.140s] Level 1:colcon.colcon_core.package_identification:_identify(velodyne_simulator/img) by extensions ['colcon_meta']
[0.140s] Level 1:colcon.colcon_core.package_identification:_identify(velodyne_simulator/img) by extension 'colcon_meta'
[0.140s] Level 1:colcon.colcon_core.package_identification:_identify(velodyne_simulator/img) by extensions ['ros']
[0.140s] Level 1:colcon.colcon_core.package_identification:_identify(velodyne_simulator/img) by extension 'ros'
[0.140s] Level 1:colcon.colcon_core.package_identification:_identify(velodyne_simulator/img) by extensions ['cmake', 'python']
[0.140s] Level 1:colcon.colcon_core.package_identification:_identify(velodyne_simulator/img) by extension 'cmake'
[0.140s] Level 1:colcon.colcon_core.package_identification:_identify(velodyne_simulator/img) by extension 'python'
[0.140s] Level 1:colcon.colcon_core.package_identification:_identify(velodyne_simulator/img) by extensions ['python_setup_py']
[0.140s] Level 1:colcon.colcon_core.package_identification:_identify(velodyne_simulator/img) by extension 'python_setup_py'
[0.140s] Level 1:colcon.colcon_core.package_identification:_identify(velodyne_simulator/velodyne_description) by extensions ['ignore', 'ignore_ament_install']
[0.140s] Level 1:colcon.colcon_core.package_identification:_identify(velodyne_simulator/velodyne_description) by extension 'ignore'
[0.140s] Level 1:colcon.colcon_core.package_identification:_identify(velodyne_simulator/velodyne_description) by extension 'ignore_ament_install'
[0.140s] Level 1:colcon.colcon_core.package_identification:_identify(velodyne_simulator/velodyne_description) by extensions ['colcon_pkg']
[0.140s] Level 1:colcon.colcon_core.package_identification:_identify(velodyne_simulator/velodyne_description) by extension 'colcon_pkg'
[0.140s] Level 1:colcon.colcon_core.package_identification:_identify(velodyne_simulator/velodyne_description) by extensions ['colcon_meta']
[0.140s] Level 1:colcon.colcon_core.package_identification:_identify(velodyne_simulator/velodyne_description) by extension 'colcon_meta'
[0.140s] Level 1:colcon.colcon_core.package_identification:_identify(velodyne_simulator/velodyne_description) by extensions ['ros']
[0.140s] Level 1:colcon.colcon_core.package_identification:_identify(velodyne_simulator/velodyne_description) by extension 'ros'
[0.140s] DEBUG:colcon.colcon_core.package_identification:Package 'velodyne_simulator/velodyne_description' with type 'ros.ament_cmake' and name 'velodyne_description'
[0.140s] Level 1:colcon.colcon_core.package_identification:_identify(velodyne_simulator/velodyne_gazebo_plugins) by extensions ['ignore', 'ignore_ament_install']
[0.140s] Level 1:colcon.colcon_core.package_identification:_identify(velodyne_simulator/velodyne_gazebo_plugins) by extension 'ignore'
[0.140s] Level 1:colcon.colcon_core.package_identification:_identify(velodyne_simulator/velodyne_gazebo_plugins) by extension 'ignore_ament_install'
[0.140s] Level 1:colcon.colcon_core.package_identification:_identify(velodyne_simulator/velodyne_gazebo_plugins) by extensions ['colcon_pkg']
[0.140s] Level 1:colcon.colcon_core.package_identification:_identify(velodyne_simulator/velodyne_gazebo_plugins) by extension 'colcon_pkg'
[0.140s] Level 1:colcon.colcon_core.package_identification:_identify(velodyne_simulator/velodyne_gazebo_plugins) by extensions ['colcon_meta']
[0.140s] Level 1:colcon.colcon_core.package_identification:_identify(velodyne_simulator/velodyne_gazebo_plugins) by extension 'colcon_meta'
[0.140s] Level 1:colcon.colcon_core.package_identification:_identify(velodyne_simulator/velodyne_gazebo_plugins) by extensions ['ros']
[0.140s] Level 1:colcon.colcon_core.package_identification:_identify(velodyne_simulator/velodyne_gazebo_plugins) by extension 'ros'
[0.141s] DEBUG:colcon.colcon_core.package_identification:Package 'velodyne_simulator/velodyne_gazebo_plugins' with type 'ros.ament_cmake' and name 'velodyne_gazebo_plugins'
[0.141s] Level 1:colcon.colcon_core.package_identification:_identify(velodyne_simulator/velodyne_simulator) by extensions ['ignore', 'ignore_ament_install']
[0.141s] Level 1:colcon.colcon_core.package_identification:_identify(velodyne_simulator/velodyne_simulator) by extension 'ignore'
[0.141s] Level 1:colcon.colcon_core.package_identification:_identify(velodyne_simulator/velodyne_simulator) by extension 'ignore_ament_install'
[0.141s] Level 1:colcon.colcon_core.package_identification:_identify(velodyne_simulator/velodyne_simulator) by extensions ['colcon_pkg']
[0.141s] Level 1:colcon.colcon_core.package_identification:_identify(velodyne_simulator/velodyne_simulator) by extension 'colcon_pkg'
[0.141s] Level 1:colcon.colcon_core.package_identification:_identify(velodyne_simulator/velodyne_simulator) by extensions ['colcon_meta']
[0.141s] Level 1:colcon.colcon_core.package_identification:_identify(velodyne_simulator/velodyne_simulator) by extension 'colcon_meta'
[0.141s] Level 1:colcon.colcon_core.package_identification:_identify(velodyne_simulator/velodyne_simulator) by extensions ['ros']
[0.141s] Level 1:colcon.colcon_core.package_identification:_identify(velodyne_simulator/velodyne_simulator) by extension 'ros'
[0.141s] DEBUG:colcon.colcon_core.package_identification:Package 'velodyne_simulator/velodyne_simulator' with type 'ros.ament_cmake' and name 'velodyne_simulator'
[0.141s] Level 1:colcon.colcon_core.package_discovery:discover_packages(recursive) using defaults
[0.141s] Level 1:colcon.colcon_core.package_discovery:discover_packages(ignore) discover
[0.141s] Level 1:colcon.colcon_core.package_discovery:discover_packages(ignore) using defaults
[0.141s] Level 1:colcon.colcon_core.package_discovery:discover_packages(path) discover
[0.141s] Level 1:colcon.colcon_core.package_discovery:discover_packages(path) using defaults
[0.156s] Level 1:colcon.colcon_core.package_discovery:discover_packages(prefix_path) check parameters
[0.156s] Level 1:colcon.colcon_core.package_discovery:discover_packages(prefix_path) discover
[0.157s] DEBUG:colcon.colcon_installed_package_information.package_discovery:Found 5 installed packages in /home/lumen/workspace/humble_ws/src/omni_robot/install
[0.157s] DEBUG:colcon.colcon_installed_package_information.package_discovery:Found 5 installed packages in /home/lumen/workspace/humble_ws/src/apriltag_ros/install
[0.158s] DEBUG:colcon.colcon_installed_package_information.package_discovery:Found 292 installed packages in /opt/ros/humble
[0.159s] Level 1:colcon.colcon_core.package_discovery:discover_packages(prefix_path) using defaults
[0.177s] Level 5:colcon.colcon_core.verb:set package 'omni_gazebo' build argument 'cmake_args' from command line to 'None'
[0.177s] Level 5:colcon.colcon_core.verb:set package 'omni_gazebo' build argument 'cmake_target' from command line to 'None'
[0.177s] Level 5:colcon.colcon_core.verb:set package 'omni_gazebo' build argument 'cmake_target_skip_unavailable' from command line to 'False'
[0.178s] Level 5:colcon.colcon_core.verb:set package 'omni_gazebo' build argument 'cmake_clean_cache' from command line to 'False'
[0.178s] Level 5:colcon.colcon_core.verb:set package 'omni_gazebo' build argument 'cmake_clean_first' from command line to 'False'
[0.178s] Level 5:colcon.colcon_core.verb:set package 'omni_gazebo' build argument 'cmake_force_configure' from command line to 'False'
[0.178s] Level 5:colcon.colcon_core.verb:set package 'omni_gazebo' build argument 'ament_cmake_args' from command line to 'None'
[0.178s] Level 5:colcon.colcon_core.verb:set package 'omni_gazebo' build argument 'catkin_cmake_args' from command line to 'None'
[0.178s] Level 5:colcon.colcon_core.verb:set package 'omni_gazebo' build argument 'catkin_skip_building_tests' from command line to 'False'
[0.178s] DEBUG:colcon.colcon_core.verb:Building package 'omni_gazebo' with the following arguments: {'ament_cmake_args': None, 'build_base': '/home/lumen/workspace/humble_ws/src/omni_robot/build/omni_gazebo', 'catkin_cmake_args': None, 'catkin_skip_building_tests': False, 'cmake_args': None, 'cmake_clean_cache': False, 'cmake_clean_first': False, 'cmake_force_configure': False, 'cmake_target': None, 'cmake_target_skip_unavailable': False, 'install_base': '/home/lumen/workspace/humble_ws/src/omni_robot/install/omni_gazebo', 'merge_install': False, 'path': '/home/lumen/workspace/humble_ws/src/omni_robot/omni_gazebo', 'symlink_install': False, 'test_result_base': None}
[0.178s] Level 5:colcon.colcon_core.verb:set package 'uline_patrol_msgs' build argument 'cmake_args' from command line to 'None'
[0.178s] Level 5:colcon.colcon_core.verb:set package 'uline_patrol_msgs' build argument 'cmake_target' from command line to 'None'
[0.178s] Level 5:colcon.colcon_core.verb:set package 'uline_patrol_msgs' build argument 'cmake_target_skip_unavailable' from command line to 'False'
[0.178s] Level 5:colcon.colcon_core.verb:set package 'uline_patrol_msgs' build argument 'cmake_clean_cache' from command line to 'False'
[0.178s] Level 5:colcon.colcon_core.verb:set package 'uline_patrol_msgs' build argument 'cmake_clean_first' from command line to 'False'
[0.178s] Level 5:colcon.colcon_core.verb:set package 'uline_patrol_msgs' build argument 'cmake_force_configure' from command line to 'False'
[0.178s] Level 5:colcon.colcon_core.verb:set package 'uline_patrol_msgs' build argument 'ament_cmake_args' from command line to 'None'
[0.178s] Level 5:colcon.colcon_core.verb:set package 'uline_patrol_msgs' build argument 'catkin_cmake_args' from command line to 'None'
[0.178s] Level 5:colcon.colcon_core.verb:set package 'uline_patrol_msgs' build argument 'catkin_skip_building_tests' from command line to 'False'
[0.178s] DEBUG:colcon.colcon_core.verb:Building package 'uline_patrol_msgs' with the following arguments: {'ament_cmake_args': None, 'build_base': '/home/lumen/workspace/humble_ws/src/omni_robot/build/uline_patrol_msgs', 'catkin_cmake_args': None, 'catkin_skip_building_tests': False, 'cmake_args': None, 'cmake_clean_cache': False, 'cmake_clean_first': False, 'cmake_force_configure': False, 'cmake_target': None, 'cmake_target_skip_unavailable': False, 'install_base': '/home/lumen/workspace/humble_ws/src/omni_robot/install/uline_patrol_msgs', 'merge_install': False, 'path': '/home/lumen/workspace/humble_ws/src/omni_robot/uline_patrol_msgs', 'symlink_install': False, 'test_result_base': None}
[0.178s] Level 5:colcon.colcon_core.verb:set package 'velodyne_description' build argument 'cmake_args' from command line to 'None'
[0.178s] Level 5:colcon.colcon_core.verb:set package 'velodyne_description' build argument 'cmake_target' from command line to 'None'
[0.178s] Level 5:colcon.colcon_core.verb:set package 'velodyne_description' build argument 'cmake_target_skip_unavailable' from command line to 'False'
[0.178s] Level 5:colcon.colcon_core.verb:set package 'velodyne_description' build argument 'cmake_clean_cache' from command line to 'False'
[0.178s] Level 5:colcon.colcon_core.verb:set package 'velodyne_description' build argument 'cmake_clean_first' from command line to 'False'
[0.178s] Level 5:colcon.colcon_core.verb:set package 'velodyne_description' build argument 'cmake_force_configure' from command line to 'False'
[0.178s] Level 5:colcon.colcon_core.verb:set package 'velodyne_description' build argument 'ament_cmake_args' from command line to 'None'
[0.178s] Level 5:colcon.colcon_core.verb:set package 'velodyne_description' build argument 'catkin_cmake_args' from command line to 'None'
[0.178s] Level 5:colcon.colcon_core.verb:set package 'velodyne_description' build argument 'catkin_skip_building_tests' from command line to 'False'
[0.178s] DEBUG:colcon.colcon_core.verb:Building package 'velodyne_description' with the following arguments: {'ament_cmake_args': None, 'build_base': '/home/lumen/workspace/humble_ws/src/omni_robot/build/velodyne_description', 'catkin_cmake_args': None, 'catkin_skip_building_tests': False, 'cmake_args': None, 'cmake_clean_cache': False, 'cmake_clean_first': False, 'cmake_force_configure': False, 'cmake_target': None, 'cmake_target_skip_unavailable': False, 'install_base': '/home/lumen/workspace/humble_ws/src/omni_robot/install/velodyne_description', 'merge_install': False, 'path': '/home/lumen/workspace/humble_ws/src/omni_robot/velodyne_simulator/velodyne_description', 'symlink_install': False, 'test_result_base': None}
[0.178s] Level 5:colcon.colcon_core.verb:set package 'velodyne_gazebo_plugins' build argument 'cmake_args' from command line to 'None'
[0.178s] Level 5:colcon.colcon_core.verb:set package 'velodyne_gazebo_plugins' build argument 'cmake_target' from command line to 'None'
[0.178s] Level 5:colcon.colcon_core.verb:set package 'velodyne_gazebo_plugins' build argument 'cmake_target_skip_unavailable' from command line to 'False'
[0.178s] Level 5:colcon.colcon_core.verb:set package 'velodyne_gazebo_plugins' build argument 'cmake_clean_cache' from command line to 'False'
[0.178s] Level 5:colcon.colcon_core.verb:set package 'velodyne_gazebo_plugins' build argument 'cmake_clean_first' from command line to 'False'
[0.178s] Level 5:colcon.colcon_core.verb:set package 'velodyne_gazebo_plugins' build argument 'cmake_force_configure' from command line to 'False'
[0.178s] Level 5:colcon.colcon_core.verb:set package 'velodyne_gazebo_plugins' build argument 'ament_cmake_args' from command line to 'None'
[0.178s] Level 5:colcon.colcon_core.verb:set package 'velodyne_gazebo_plugins' build argument 'catkin_cmake_args' from command line to 'None'
[0.178s] Level 5:colcon.colcon_core.verb:set package 'velodyne_gazebo_plugins' build argument 'catkin_skip_building_tests' from command line to 'False'
[0.178s] DEBUG:colcon.colcon_core.verb:Building package 'velodyne_gazebo_plugins' with the following arguments: {'ament_cmake_args': None, 'build_base': '/home/lumen/workspace/humble_ws/src/omni_robot/build/velodyne_gazebo_plugins', 'catkin_cmake_args': None, 'catkin_skip_building_tests': False, 'cmake_args': None, 'cmake_clean_cache': False, 'cmake_clean_first': False, 'cmake_force_configure': False, 'cmake_target': None, 'cmake_target_skip_unavailable': False, 'install_base': '/home/lumen/workspace/humble_ws/src/omni_robot/install/velodyne_gazebo_plugins', 'merge_install': False, 'path': '/home/lumen/workspace/humble_ws/src/omni_robot/velodyne_simulator/velodyne_gazebo_plugins', 'symlink_install': False, 'test_result_base': None}
[0.179s] Level 5:colcon.colcon_core.verb:set package 'velodyne_simulator' build argument 'cmake_args' from command line to 'None'
[0.179s] Level 5:colcon.colcon_core.verb:set package 'velodyne_simulator' build argument 'cmake_target' from command line to 'None'
[0.179s] Level 5:colcon.colcon_core.verb:set package 'velodyne_simulator' build argument 'cmake_target_skip_unavailable' from command line to 'False'
[0.179s] Level 5:colcon.colcon_core.verb:set package 'velodyne_simulator' build argument 'cmake_clean_cache' from command line to 'False'
[0.179s] Level 5:colcon.colcon_core.verb:set package 'velodyne_simulator' build argument 'cmake_clean_first' from command line to 'False'
[0.179s] Level 5:colcon.colcon_core.verb:set package 'velodyne_simulator' build argument 'cmake_force_configure' from command line to 'False'
[0.179s] Level 5:colcon.colcon_core.verb:set package 'velodyne_simulator' build argument 'ament_cmake_args' from command line to 'None'
[0.179s] Level 5:colcon.colcon_core.verb:set package 'velodyne_simulator' build argument 'catkin_cmake_args' from command line to 'None'
[0.179s] Level 5:colcon.colcon_core.verb:set package 'velodyne_simulator' build argument 'catkin_skip_building_tests' from command line to 'False'
[0.179s] DEBUG:colcon.colcon_core.verb:Building package 'velodyne_simulator' with the following arguments: {'ament_cmake_args': None, 'build_base': '/home/lumen/workspace/humble_ws/src/omni_robot/build/velodyne_simulator', 'catkin_cmake_args': None, 'catkin_skip_building_tests': False, 'cmake_args': None, 'cmake_clean_cache': False, 'cmake_clean_first': False, 'cmake_force_configure': False, 'cmake_target': None, 'cmake_target_skip_unavailable': False, 'install_base': '/home/lumen/workspace/humble_ws/src/omni_robot/install/velodyne_simulator', 'merge_install': False, 'path': '/home/lumen/workspace/humble_ws/src/omni_robot/velodyne_simulator/velodyne_simulator', 'symlink_install': False, 'test_result_base': None}
[0.179s] INFO:colcon.colcon_core.executor:Executing jobs using 'parallel' executor
[0.179s] DEBUG:colcon.colcon_parallel_executor.executor.parallel:run_until_complete
[0.179s] INFO:colcon.colcon_ros.task.ament_cmake.build:Building ROS package in '/home/lumen/workspace/humble_ws/src/omni_robot/velodyne_simulator/velodyne_description' with build type 'ament_cmake'
[0.180s] INFO:colcon.colcon_cmake.task.cmake.build:Building CMake package in '/home/lumen/workspace/humble_ws/src/omni_robot/velodyne_simulator/velodyne_description'
[0.181s] INFO:colcon.colcon_core.plugin_system:Skipping extension 'colcon_core.shell.bat': Not used on non-Windows systems
[0.181s] INFO:colcon.colcon_core.shell:Skip shell extension 'powershell' for command environment: Not usable outside of PowerShell
[0.181s] DEBUG:colcon.colcon_core.shell:Skip shell extension 'dsv' for command environment
[0.183s] INFO:colcon.colcon_ros.task.ament_cmake.build:Building ROS package in '/home/lumen/workspace/humble_ws/src/omni_robot/velodyne_simulator/velodyne_gazebo_plugins' with build type 'ament_cmake'
[0.183s] INFO:colcon.colcon_cmake.task.cmake.build:Building CMake package in '/home/lumen/workspace/humble_ws/src/omni_robot/velodyne_simulator/velodyne_gazebo_plugins'
[0.183s] INFO:colcon.colcon_core.shell:Skip shell extension 'powershell' for command environment: Not usable outside of PowerShell
[0.183s] DEBUG:colcon.colcon_core.shell:Skip shell extension 'dsv' for command environment
[0.185s] INFO:colcon.colcon_ros.task.ament_cmake.build:Building ROS package in '/home/lumen/workspace/humble_ws/src/omni_robot/omni_gazebo' with build type 'ament_cmake'
[0.185s] INFO:colcon.colcon_cmake.task.cmake.build:Building CMake package in '/home/lumen/workspace/humble_ws/src/omni_robot/omni_gazebo'
[0.185s] INFO:colcon.colcon_core.shell:Skip shell extension 'powershell' for command environment: Not usable outside of PowerShell
[0.185s] DEBUG:colcon.colcon_core.shell:Skip shell extension 'dsv' for command environment
[0.187s] INFO:colcon.colcon_ros.task.ament_cmake.build:Building ROS package in '/home/lumen/workspace/humble_ws/src/omni_robot/uline_patrol_msgs' with build type 'ament_cmake'
[0.187s] INFO:colcon.colcon_cmake.task.cmake.build:Building CMake package in '/home/lumen/workspace/humble_ws/src/omni_robot/uline_patrol_msgs'
[0.188s] INFO:colcon.colcon_core.shell:Skip shell extension 'powershell' for command environment: Not usable outside of PowerShell
[0.188s] DEBUG:colcon.colcon_core.shell:Skip shell extension 'dsv' for command environment
[0.192s] DEBUG:colcon.colcon_core.event_handler.log_command:Invoking command in '/home/lumen/workspace/humble_ws/src/omni_robot/build/velodyne_description': CMAKE_PREFIX_PATH=${CMAKE_PREFIX_PATH}:/opt/ros/humble /usr/bin/cmake --build /home/lumen/workspace/humble_ws/src/omni_robot/build/velodyne_description -- -j32 -l32
[0.195s] DEBUG:colcon.colcon_core.event_handler.log_command:Invoking command in '/home/lumen/workspace/humble_ws/src/omni_robot/build/velodyne_gazebo_plugins': CMAKE_PREFIX_PATH=${CMAKE_PREFIX_PATH}:/opt/ros/humble /usr/bin/cmake --build /home/lumen/workspace/humble_ws/src/omni_robot/build/velodyne_gazebo_plugins -- -j32 -l32
[0.196s] DEBUG:colcon.colcon_core.event_handler.log_command:Invoking command in '/home/lumen/workspace/humble_ws/src/omni_robot/build/omni_gazebo': CMAKE_PREFIX_PATH=${CMAKE_PREFIX_PATH}:/opt/ros/humble /usr/bin/cmake --build /home/lumen/workspace/humble_ws/src/omni_robot/build/omni_gazebo -- -j32 -l32
[0.199s] DEBUG:colcon.colcon_core.event_handler.log_command:Invoking command in '/home/lumen/workspace/humble_ws/src/omni_robot/build/uline_patrol_msgs': CMAKE_PREFIX_PATH=${CMAKE_PREFIX_PATH}:/opt/ros/humble /usr/bin/cmake --build /home/lumen/workspace/humble_ws/src/omni_robot/build/uline_patrol_msgs -- -j32 -l32
[0.219s] DEBUG:colcon.colcon_core.event_handler.log_command:Invoked command in '/home/lumen/workspace/humble_ws/src/omni_robot/build/velodyne_description' returned '0': CMAKE_PREFIX_PATH=${CMAKE_PREFIX_PATH}:/opt/ros/humble /usr/bin/cmake --build /home/lumen/workspace/humble_ws/src/omni_robot/build/velodyne_description -- -j32 -l32
[0.222s] DEBUG:colcon.colcon_core.event_handler.log_command:Invoked command in '/home/lumen/workspace/humble_ws/src/omni_robot/build/omni_gazebo' returned '0': CMAKE_PREFIX_PATH=${CMAKE_PREFIX_PATH}:/opt/ros/humble /usr/bin/cmake --build /home/lumen/workspace/humble_ws/src/omni_robot/build/omni_gazebo -- -j32 -l32
[0.242s] DEBUG:colcon.colcon_core.event_handler.log_command:Invoking command in '/home/lumen/workspace/humble_ws/src/omni_robot/build/velodyne_description': CMAKE_PREFIX_PATH=${CMAKE_PREFIX_PATH}:/opt/ros/humble /usr/bin/cmake --install /home/lumen/workspace/humble_ws/src/omni_robot/build/velodyne_description
[0.243s] DEBUG:colcon.colcon_core.event_handler.log_command:Invoking command in '/home/lumen/workspace/humble_ws/src/omni_robot/build/omni_gazebo': CMAKE_PREFIX_PATH=${CMAKE_PREFIX_PATH}:/opt/ros/humble /usr/bin/cmake --install /home/lumen/workspace/humble_ws/src/omni_robot/build/omni_gazebo
[0.249s] Level 1:colcon.colcon_core.environment:create_environment_scripts_only(velodyne_description)
[0.254s] DEBUG:colcon.colcon_core.event_handler.log_command:Invoked command in '/home/lumen/workspace/humble_ws/src/omni_robot/build/velodyne_description' returned '0': CMAKE_PREFIX_PATH=${CMAKE_PREFIX_PATH}:/opt/ros/humble /usr/bin/cmake --install /home/lumen/workspace/humble_ws/src/omni_robot/build/velodyne_description
[0.256s] Level 1:colcon.colcon_core.environment:checking '/home/lumen/workspace/humble_ws/src/omni_robot/install/velodyne_description' for CMake module files
[0.257s] Level 1:colcon.colcon_core.environment:checking '/home/lumen/workspace/humble_ws/src/omni_robot/install/velodyne_description' for CMake config files
[0.257s] Level 1:colcon.colcon_core.shell:create_environment_hook('velodyne_description', 'cmake_prefix_path')
[0.257s] INFO:colcon.colcon_core.shell:Creating environment hook '/home/lumen/workspace/humble_ws/src/omni_robot/install/velodyne_description/share/velodyne_description/hook/cmake_prefix_path.ps1'
[0.258s] INFO:colcon.colcon_core.shell:Creating environment descriptor '/home/lumen/workspace/humble_ws/src/omni_robot/install/velodyne_description/share/velodyne_description/hook/cmake_prefix_path.dsv'
[0.258s] INFO:colcon.colcon_core.shell:Creating environment hook '/home/lumen/workspace/humble_ws/src/omni_robot/install/velodyne_description/share/velodyne_description/hook/cmake_prefix_path.sh'
[0.258s] Level 1:colcon.colcon_core.environment:checking '/home/lumen/workspace/humble_ws/src/omni_robot/install/velodyne_description/bin'
[0.258s] Level 1:colcon.colcon_core.environment:checking '/home/lumen/workspace/humble_ws/src/omni_robot/install/velodyne_description/lib/pkgconfig/velodyne_description.pc'
[0.258s] Level 1:colcon.colcon_core.environment:checking '/home/lumen/workspace/humble_ws/src/omni_robot/install/velodyne_description/lib/python3.10/site-packages'
[0.259s] Level 1:colcon.colcon_core.environment:checking '/home/lumen/workspace/humble_ws/src/omni_robot/install/velodyne_description/bin'
[0.259s] INFO:colcon.colcon_core.shell:Creating package script '/home/lumen/workspace/humble_ws/src/omni_robot/install/velodyne_description/share/velodyne_description/package.ps1'
[0.259s] INFO:colcon.colcon_core.shell:Creating package descriptor '/home/lumen/workspace/humble_ws/src/omni_robot/install/velodyne_description/share/velodyne_description/package.dsv'
[0.260s] INFO:colcon.colcon_core.shell:Creating package script '/home/lumen/workspace/humble_ws/src/omni_robot/install/velodyne_description/share/velodyne_description/package.sh'
[0.260s] INFO:colcon.colcon_core.shell:Creating package script '/home/lumen/workspace/humble_ws/src/omni_robot/install/velodyne_description/share/velodyne_description/package.bash'
[0.260s] INFO:colcon.colcon_core.shell:Creating package script '/home/lumen/workspace/humble_ws/src/omni_robot/install/velodyne_description/share/velodyne_description/package.zsh'
[0.261s] Level 1:colcon.colcon_core.environment:create_file_with_runtime_dependencies(/home/lumen/workspace/humble_ws/src/omni_robot/install/velodyne_description/share/colcon-core/packages/velodyne_description)
[0.262s] DEBUG:colcon.colcon_core.event_handler.log_command:Invoked command in '/home/lumen/workspace/humble_ws/src/omni_robot/build/velodyne_gazebo_plugins' returned '0': CMAKE_PREFIX_PATH=${CMAKE_PREFIX_PATH}:/opt/ros/humble /usr/bin/cmake --build /home/lumen/workspace/humble_ws/src/omni_robot/build/velodyne_gazebo_plugins -- -j32 -l32
[0.262s] Level 1:colcon.colcon_core.environment:create_environment_scripts_only(omni_gazebo)
[0.263s] Level 1:colcon.colcon_core.environment:checking '/home/lumen/workspace/humble_ws/src/omni_robot/install/omni_gazebo' for CMake module files
[0.263s] DEBUG:colcon.colcon_core.event_handler.log_command:Invoked command in '/home/lumen/workspace/humble_ws/src/omni_robot/build/omni_gazebo' returned '0': CMAKE_PREFIX_PATH=${CMAKE_PREFIX_PATH}:/opt/ros/humble /usr/bin/cmake --install /home/lumen/workspace/humble_ws/src/omni_robot/build/omni_gazebo
[0.263s] Level 1:colcon.colcon_core.environment:checking '/home/lumen/workspace/humble_ws/src/omni_robot/install/omni_gazebo' for CMake config files
[0.264s] Level 1:colcon.colcon_core.shell:create_environment_hook('omni_gazebo', 'cmake_prefix_path')
[0.264s] INFO:colcon.colcon_core.shell:Creating environment hook '/home/lumen/workspace/humble_ws/src/omni_robot/install/omni_gazebo/share/omni_gazebo/hook/cmake_prefix_path.ps1'
[0.264s] INFO:colcon.colcon_core.shell:Creating environment descriptor '/home/lumen/workspace/humble_ws/src/omni_robot/install/omni_gazebo/share/omni_gazebo/hook/cmake_prefix_path.dsv'
[0.264s] INFO:colcon.colcon_core.shell:Creating environment hook '/home/lumen/workspace/humble_ws/src/omni_robot/install/omni_gazebo/share/omni_gazebo/hook/cmake_prefix_path.sh'
[0.265s] Level 1:colcon.colcon_core.environment:checking '/home/lumen/workspace/humble_ws/src/omni_robot/install/omni_gazebo/bin'
[0.265s] Level 1:colcon.colcon_core.environment:checking '/home/lumen/workspace/humble_ws/src/omni_robot/install/omni_gazebo/lib/pkgconfig/omni_gazebo.pc'
[0.265s] Level 1:colcon.colcon_core.environment:checking '/home/lumen/workspace/humble_ws/src/omni_robot/install/omni_gazebo/lib/python3.10/site-packages'
[0.265s] Level 1:colcon.colcon_core.environment:checking '/home/lumen/workspace/humble_ws/src/omni_robot/install/omni_gazebo/bin'
[0.265s] INFO:colcon.colcon_core.shell:Creating package script '/home/lumen/workspace/humble_ws/src/omni_robot/install/omni_gazebo/share/omni_gazebo/package.ps1'
[0.266s] INFO:colcon.colcon_core.shell:Creating package descriptor '/home/lumen/workspace/humble_ws/src/omni_robot/install/omni_gazebo/share/omni_gazebo/package.dsv'
[0.266s] INFO:colcon.colcon_core.shell:Creating package script '/home/lumen/workspace/humble_ws/src/omni_robot/install/omni_gazebo/share/omni_gazebo/package.sh'
[0.266s] INFO:colcon.colcon_core.shell:Creating package script '/home/lumen/workspace/humble_ws/src/omni_robot/install/omni_gazebo/share/omni_gazebo/package.bash'
[0.266s] INFO:colcon.colcon_core.shell:Creating package script '/home/lumen/workspace/humble_ws/src/omni_robot/install/omni_gazebo/share/omni_gazebo/package.zsh'
[0.266s] Level 1:colcon.colcon_core.environment:create_file_with_runtime_dependencies(/home/lumen/workspace/humble_ws/src/omni_robot/install/omni_gazebo/share/colcon-core/packages/omni_gazebo)
[0.278s] Level 1:colcon.colcon_core.environment:create_environment_scripts_only(velodyne_description)
[0.278s] Level 1:colcon.colcon_core.environment:checking '/home/lumen/workspace/humble_ws/src/omni_robot/install/velodyne_description' for CMake module files
[0.279s] Level 1:colcon.colcon_core.environment:checking '/home/lumen/workspace/humble_ws/src/omni_robot/install/velodyne_description' for CMake config files
[0.279s] Level 1:colcon.colcon_core.shell:create_environment_hook('velodyne_description', 'cmake_prefix_path')
[0.279s] INFO:colcon.colcon_core.shell:Creating environment hook '/home/lumen/workspace/humble_ws/src/omni_robot/install/velodyne_description/share/velodyne_description/hook/cmake_prefix_path.ps1'
[0.279s] INFO:colcon.colcon_core.shell:Creating environment descriptor '/home/lumen/workspace/humble_ws/src/omni_robot/install/velodyne_description/share/velodyne_description/hook/cmake_prefix_path.dsv'
[0.279s] INFO:colcon.colcon_core.shell:Creating environment hook '/home/lumen/workspace/humble_ws/src/omni_robot/install/velodyne_description/share/velodyne_description/hook/cmake_prefix_path.sh'
[0.280s] Level 1:colcon.colcon_core.environment:checking '/home/lumen/workspace/humble_ws/src/omni_robot/install/velodyne_description/bin'
[0.280s] Level 1:colcon.colcon_core.environment:checking '/home/lumen/workspace/humble_ws/src/omni_robot/install/velodyne_description/lib/pkgconfig/velodyne_description.pc'
[0.280s] Level 1:colcon.colcon_core.environment:checking '/home/lumen/workspace/humble_ws/src/omni_robot/install/velodyne_description/lib/python3.10/site-packages'
[0.280s] Level 1:colcon.colcon_core.environment:checking '/home/lumen/workspace/humble_ws/src/omni_robot/install/velodyne_description/bin'
[0.280s] INFO:colcon.colcon_core.shell:Creating package script '/home/lumen/workspace/humble_ws/src/omni_robot/install/velodyne_description/share/velodyne_description/package.ps1'
[0.280s] INFO:colcon.colcon_core.shell:Creating package descriptor '/home/lumen/workspace/humble_ws/src/omni_robot/install/velodyne_description/share/velodyne_description/package.dsv'
[0.281s] INFO:colcon.colcon_core.shell:Creating package script '/home/lumen/workspace/humble_ws/src/omni_robot/install/velodyne_description/share/velodyne_description/package.sh'
[0.281s] INFO:colcon.colcon_core.shell:Creating package script '/home/lumen/workspace/humble_ws/src/omni_robot/install/velodyne_description/share/velodyne_description/package.bash'
[0.281s] INFO:colcon.colcon_core.shell:Creating package script '/home/lumen/workspace/humble_ws/src/omni_robot/install/velodyne_description/share/velodyne_description/package.zsh'
[0.281s] Level 1:colcon.colcon_core.environment:create_file_with_runtime_dependencies(/home/lumen/workspace/humble_ws/src/omni_robot/install/velodyne_description/share/colcon-core/packages/velodyne_description)
[0.284s] Level 1:colcon.colcon_core.environment:create_environment_scripts_only(omni_gazebo)
[0.284s] Level 1:colcon.colcon_core.environment:checking '/home/lumen/workspace/humble_ws/src/omni_robot/install/omni_gazebo' for CMake module files
[0.284s] Level 1:colcon.colcon_core.environment:checking '/home/lumen/workspace/humble_ws/src/omni_robot/install/omni_gazebo' for CMake config files
[0.285s] Level 1:colcon.colcon_core.shell:create_environment_hook('omni_gazebo', 'cmake_prefix_path')
[0.285s] INFO:colcon.colcon_core.shell:Creating environment hook '/home/lumen/workspace/humble_ws/src/omni_robot/install/omni_gazebo/share/omni_gazebo/hook/cmake_prefix_path.ps1'
[0.285s] INFO:colcon.colcon_core.shell:Creating environment descriptor '/home/lumen/workspace/humble_ws/src/omni_robot/install/omni_gazebo/share/omni_gazebo/hook/cmake_prefix_path.dsv'
[0.285s] INFO:colcon.colcon_core.shell:Creating environment hook '/home/lumen/workspace/humble_ws/src/omni_robot/install/omni_gazebo/share/omni_gazebo/hook/cmake_prefix_path.sh'
[0.285s] Level 1:colcon.colcon_core.environment:checking '/home/lumen/workspace/humble_ws/src/omni_robot/install/omni_gazebo/bin'
[0.285s] Level 1:colcon.colcon_core.environment:checking '/home/lumen/workspace/humble_ws/src/omni_robot/install/omni_gazebo/lib/pkgconfig/omni_gazebo.pc'
[0.285s] Level 1:colcon.colcon_core.environment:checking '/home/lumen/workspace/humble_ws/src/omni_robot/install/omni_gazebo/lib/python3.10/site-packages'
[0.286s] Level 1:colcon.colcon_core.environment:checking '/home/lumen/workspace/humble_ws/src/omni_robot/install/omni_gazebo/bin'
[0.286s] INFO:colcon.colcon_core.shell:Creating package script '/home/lumen/workspace/humble_ws/src/omni_robot/install/omni_gazebo/share/omni_gazebo/package.ps1'
[0.286s] INFO:colcon.colcon_core.shell:Creating package descriptor '/home/lumen/workspace/humble_ws/src/omni_robot/install/omni_gazebo/share/omni_gazebo/package.dsv'
[0.286s] INFO:colcon.colcon_core.shell:Creating package script '/home/lumen/workspace/humble_ws/src/omni_robot/install/omni_gazebo/share/omni_gazebo/package.sh'
[0.286s] INFO:colcon.colcon_core.shell:Creating package script '/home/lumen/workspace/humble_ws/src/omni_robot/install/omni_gazebo/share/omni_gazebo/package.bash'
[0.287s] INFO:colcon.colcon_core.shell:Creating package script '/home/lumen/workspace/humble_ws/src/omni_robot/install/omni_gazebo/share/omni_gazebo/package.zsh'
[0.287s] Level 1:colcon.colcon_core.environment:create_file_with_runtime_dependencies(/home/lumen/workspace/humble_ws/src/omni_robot/install/omni_gazebo/share/colcon-core/packages/omni_gazebo)
[0.288s] DEBUG:colcon.colcon_core.event_handler.log_command:Invoking command in '/home/lumen/workspace/humble_ws/src/omni_robot/build/velodyne_gazebo_plugins': CMAKE_PREFIX_PATH=${CMAKE_PREFIX_PATH}:/opt/ros/humble /usr/bin/cmake --install /home/lumen/workspace/humble_ws/src/omni_robot/build/velodyne_gazebo_plugins
[0.295s] Level 1:colcon.colcon_core.environment:create_environment_scripts_only(velodyne_gazebo_plugins)
[0.295s] DEBUG:colcon.colcon_core.event_handler.log_command:Invoked command in '/home/lumen/workspace/humble_ws/src/omni_robot/build/velodyne_gazebo_plugins' returned '0': CMAKE_PREFIX_PATH=${CMAKE_PREFIX_PATH}:/opt/ros/humble /usr/bin/cmake --install /home/lumen/workspace/humble_ws/src/omni_robot/build/velodyne_gazebo_plugins
[0.295s] Level 1:colcon.colcon_core.environment:checking '/home/lumen/workspace/humble_ws/src/omni_robot/install/velodyne_gazebo_plugins' for CMake module files
[0.295s] Level 1:colcon.colcon_core.environment:checking '/home/lumen/workspace/humble_ws/src/omni_robot/install/velodyne_gazebo_plugins' for CMake config files
[0.295s] Level 1:colcon.colcon_core.shell:create_environment_hook('velodyne_gazebo_plugins', 'cmake_prefix_path')
[0.295s] INFO:colcon.colcon_core.shell:Creating environment hook '/home/lumen/workspace/humble_ws/src/omni_robot/install/velodyne_gazebo_plugins/share/velodyne_gazebo_plugins/hook/cmake_prefix_path.ps1'
[0.296s] INFO:colcon.colcon_core.shell:Creating environment descriptor '/home/lumen/workspace/humble_ws/src/omni_robot/install/velodyne_gazebo_plugins/share/velodyne_gazebo_plugins/hook/cmake_prefix_path.dsv'
[0.296s] INFO:colcon.colcon_core.shell:Creating environment hook '/home/lumen/workspace/humble_ws/src/omni_robot/install/velodyne_gazebo_plugins/share/velodyne_gazebo_plugins/hook/cmake_prefix_path.sh'
[0.296s] Level 1:colcon.colcon_core.environment:checking '/home/lumen/workspace/humble_ws/src/omni_robot/install/velodyne_gazebo_plugins/lib'
[0.296s] Level 1:colcon.colcon_core.shell:create_environment_hook('velodyne_gazebo_plugins', 'ld_library_path_lib')
[0.297s] INFO:colcon.colcon_core.shell:Creating environment hook '/home/lumen/workspace/humble_ws/src/omni_robot/install/velodyne_gazebo_plugins/share/velodyne_gazebo_plugins/hook/ld_library_path_lib.ps1'
[0.297s] INFO:colcon.colcon_core.shell:Creating environment descriptor '/home/lumen/workspace/humble_ws/src/omni_robot/install/velodyne_gazebo_plugins/share/velodyne_gazebo_plugins/hook/ld_library_path_lib.dsv'
[0.297s] INFO:colcon.colcon_core.shell:Creating environment hook '/home/lumen/workspace/humble_ws/src/omni_robot/install/velodyne_gazebo_plugins/share/velodyne_gazebo_plugins/hook/ld_library_path_lib.sh'
[0.297s] Level 1:colcon.colcon_core.environment:checking '/home/lumen/workspace/humble_ws/src/omni_robot/install/velodyne_gazebo_plugins/bin'
[0.297s] Level 1:colcon.colcon_core.environment:checking '/home/lumen/workspace/humble_ws/src/omni_robot/install/velodyne_gazebo_plugins/lib/pkgconfig/velodyne_gazebo_plugins.pc'
[0.297s] Level 1:colcon.colcon_core.environment:checking '/home/lumen/workspace/humble_ws/src/omni_robot/install/velodyne_gazebo_plugins/lib/python3.10/site-packages'
[0.298s] Level 1:colcon.colcon_core.environment:checking '/home/lumen/workspace/humble_ws/src/omni_robot/install/velodyne_gazebo_plugins/bin'
[0.298s] INFO:colcon.colcon_core.shell:Creating package script '/home/lumen/workspace/humble_ws/src/omni_robot/install/velodyne_gazebo_plugins/share/velodyne_gazebo_plugins/package.ps1'
[0.298s] INFO:colcon.colcon_core.shell:Creating package descriptor '/home/lumen/workspace/humble_ws/src/omni_robot/install/velodyne_gazebo_plugins/share/velodyne_gazebo_plugins/package.dsv'
[0.298s] INFO:colcon.colcon_core.shell:Creating package script '/home/lumen/workspace/humble_ws/src/omni_robot/install/velodyne_gazebo_plugins/share/velodyne_gazebo_plugins/package.sh'
[0.298s] INFO:colcon.colcon_core.shell:Creating package script '/home/lumen/workspace/humble_ws/src/omni_robot/install/velodyne_gazebo_plugins/share/velodyne_gazebo_plugins/package.bash'
[0.299s] INFO:colcon.colcon_core.shell:Creating package script '/home/lumen/workspace/humble_ws/src/omni_robot/install/velodyne_gazebo_plugins/share/velodyne_gazebo_plugins/package.zsh'
[0.299s] Level 1:colcon.colcon_core.environment:create_file_with_runtime_dependencies(/home/lumen/workspace/humble_ws/src/omni_robot/install/velodyne_gazebo_plugins/share/colcon-core/packages/velodyne_gazebo_plugins)
[0.319s] Level 1:colcon.colcon_core.environment:create_environment_scripts_only(velodyne_gazebo_plugins)
[0.319s] Level 1:colcon.colcon_core.environment:checking '/home/lumen/workspace/humble_ws/src/omni_robot/install/velodyne_gazebo_plugins' for CMake module files
[0.319s] Level 1:colcon.colcon_core.environment:checking '/home/lumen/workspace/humble_ws/src/omni_robot/install/velodyne_gazebo_plugins' for CMake config files
[0.319s] Level 1:colcon.colcon_core.shell:create_environment_hook('velodyne_gazebo_plugins', 'cmake_prefix_path')
[0.320s] INFO:colcon.colcon_core.shell:Creating environment hook '/home/lumen/workspace/humble_ws/src/omni_robot/install/velodyne_gazebo_plugins/share/velodyne_gazebo_plugins/hook/cmake_prefix_path.ps1'
[0.320s] INFO:colcon.colcon_core.shell:Creating environment descriptor '/home/lumen/workspace/humble_ws/src/omni_robot/install/velodyne_gazebo_plugins/share/velodyne_gazebo_plugins/hook/cmake_prefix_path.dsv'
[0.320s] INFO:colcon.colcon_core.shell:Creating environment hook '/home/lumen/workspace/humble_ws/src/omni_robot/install/velodyne_gazebo_plugins/share/velodyne_gazebo_plugins/hook/cmake_prefix_path.sh'
[0.320s] Level 1:colcon.colcon_core.environment:checking '/home/lumen/workspace/humble_ws/src/omni_robot/install/velodyne_gazebo_plugins/lib'
[0.320s] Level 1:colcon.colcon_core.shell:create_environment_hook('velodyne_gazebo_plugins', 'ld_library_path_lib')
[0.320s] INFO:colcon.colcon_core.shell:Creating environment hook '/home/lumen/workspace/humble_ws/src/omni_robot/install/velodyne_gazebo_plugins/share/velodyne_gazebo_plugins/hook/ld_library_path_lib.ps1'
[0.321s] INFO:colcon.colcon_core.shell:Creating environment descriptor '/home/lumen/workspace/humble_ws/src/omni_robot/install/velodyne_gazebo_plugins/share/velodyne_gazebo_plugins/hook/ld_library_path_lib.dsv'
[0.321s] INFO:colcon.colcon_core.shell:Creating environment hook '/home/lumen/workspace/humble_ws/src/omni_robot/install/velodyne_gazebo_plugins/share/velodyne_gazebo_plugins/hook/ld_library_path_lib.sh'
[0.321s] Level 1:colcon.colcon_core.environment:checking '/home/lumen/workspace/humble_ws/src/omni_robot/install/velodyne_gazebo_plugins/bin'
[0.321s] Level 1:colcon.colcon_core.environment:checking '/home/lumen/workspace/humble_ws/src/omni_robot/install/velodyne_gazebo_plugins/lib/pkgconfig/velodyne_gazebo_plugins.pc'
[0.321s] Level 1:colcon.colcon_core.environment:checking '/home/lumen/workspace/humble_ws/src/omni_robot/install/velodyne_gazebo_plugins/lib/python3.10/site-packages'
[0.321s] Level 1:colcon.colcon_core.environment:checking '/home/lumen/workspace/humble_ws/src/omni_robot/install/velodyne_gazebo_plugins/bin'
[0.321s] INFO:colcon.colcon_core.shell:Creating package script '/home/lumen/workspace/humble_ws/src/omni_robot/install/velodyne_gazebo_plugins/share/velodyne_gazebo_plugins/package.ps1'
[0.322s] INFO:colcon.colcon_core.shell:Creating package descriptor '/home/lumen/workspace/humble_ws/src/omni_robot/install/velodyne_gazebo_plugins/share/velodyne_gazebo_plugins/package.dsv'
[0.322s] INFO:colcon.colcon_core.shell:Creating package script '/home/lumen/workspace/humble_ws/src/omni_robot/install/velodyne_gazebo_plugins/share/velodyne_gazebo_plugins/package.sh'
[0.322s] INFO:colcon.colcon_core.shell:Creating package script '/home/lumen/workspace/humble_ws/src/omni_robot/install/velodyne_gazebo_plugins/share/velodyne_gazebo_plugins/package.bash'
[0.322s] INFO:colcon.colcon_core.shell:Creating package script '/home/lumen/workspace/humble_ws/src/omni_robot/install/velodyne_gazebo_plugins/share/velodyne_gazebo_plugins/package.zsh'
[0.322s] Level 1:colcon.colcon_core.environment:create_file_with_runtime_dependencies(/home/lumen/workspace/humble_ws/src/omni_robot/install/velodyne_gazebo_plugins/share/colcon-core/packages/velodyne_gazebo_plugins)
[0.323s] INFO:colcon.colcon_ros.task.ament_cmake.build:Building ROS package in '/home/lumen/workspace/humble_ws/src/omni_robot/velodyne_simulator/velodyne_simulator' with build type 'ament_cmake'
[0.323s] INFO:colcon.colcon_cmake.task.cmake.build:Building CMake package in '/home/lumen/workspace/humble_ws/src/omni_robot/velodyne_simulator/velodyne_simulator'
[0.323s] INFO:colcon.colcon_core.shell:Skip shell extension 'powershell' for command environment: Not usable outside of PowerShell
[0.323s] DEBUG:colcon.colcon_core.shell:Skip shell extension 'dsv' for command environment
[0.330s] DEBUG:colcon.colcon_core.event_handler.log_command:Invoking command in '/home/lumen/workspace/humble_ws/src/omni_robot/build/velodyne_simulator': CMAKE_PREFIX_PATH=/home/lumen/workspace/humble_ws/src/omni_robot/install/velodyne_gazebo_plugins:/home/lumen/workspace/humble_ws/src/omni_robot/install/velodyne_description:/home/lumen/workspace/humble_ws/src/omni_robot/install/velodyne_simulator:/home/lumen/workspace/humble_ws/src/omni_robot/install/uline_patrol_msgs:/home/lumen/workspace/humble_ws/src/omni_robot/install/omni_gazebo:/home/lumen/workspace/humble_ws/src/apriltag_ros/install/apriltag_ros:/home/lumen/workspace/humble_ws/src/apriltag_ros/install/sensor_task_msgs:/home/lumen/workspace/humble_ws/src/apriltag_ros/install/rosa_msgs:/home/lumen/workspace/humble_ws/src/apriltag_ros/install/apriltag_msgs:/home/lumen/workspace/humble_ws/src/apriltag_ros/install/apriltag:/opt/ros/humble /usr/bin/cmake --build /home/lumen/workspace/humble_ws/src/omni_robot/build/velodyne_simulator -- -j32 -l32
[0.354s] DEBUG:colcon.colcon_core.event_handler.log_command:Invoked command in '/home/lumen/workspace/humble_ws/src/omni_robot/build/velodyne_simulator' returned '0': CMAKE_PREFIX_PATH=/home/lumen/workspace/humble_ws/src/omni_robot/install/velodyne_gazebo_plugins:/home/lumen/workspace/humble_ws/src/omni_robot/install/velodyne_description:/home/lumen/workspace/humble_ws/src/omni_robot/install/velodyne_simulator:/home/lumen/workspace/humble_ws/src/omni_robot/install/uline_patrol_msgs:/home/lumen/workspace/humble_ws/src/omni_robot/install/omni_gazebo:/home/lumen/workspace/humble_ws/src/apriltag_ros/install/apriltag_ros:/home/lumen/workspace/humble_ws/src/apriltag_ros/install/sensor_task_msgs:/home/lumen/workspace/humble_ws/src/apriltag_ros/install/rosa_msgs:/home/lumen/workspace/humble_ws/src/apriltag_ros/install/apriltag_msgs:/home/lumen/workspace/humble_ws/src/apriltag_ros/install/apriltag:/opt/ros/humble /usr/bin/cmake --build /home/lumen/workspace/humble_ws/src/omni_robot/build/velodyne_simulator -- -j32 -l32
[0.370s] DEBUG:colcon.colcon_core.event_handler.log_command:Invoking command in '/home/lumen/workspace/humble_ws/src/omni_robot/build/velodyne_simulator': CMAKE_PREFIX_PATH=/home/lumen/workspace/humble_ws/src/omni_robot/install/velodyne_gazebo_plugins:/home/lumen/workspace/humble_ws/src/omni_robot/install/velodyne_description:/home/lumen/workspace/humble_ws/src/omni_robot/install/velodyne_simulator:/home/lumen/workspace/humble_ws/src/omni_robot/install/uline_patrol_msgs:/home/lumen/workspace/humble_ws/src/omni_robot/install/omni_gazebo:/home/lumen/workspace/humble_ws/src/apriltag_ros/install/apriltag_ros:/home/lumen/workspace/humble_ws/src/apriltag_ros/install/sensor_task_msgs:/home/lumen/workspace/humble_ws/src/apriltag_ros/install/rosa_msgs:/home/lumen/workspace/humble_ws/src/apriltag_ros/install/apriltag_msgs:/home/lumen/workspace/humble_ws/src/apriltag_ros/install/apriltag:/opt/ros/humble /usr/bin/cmake --install /home/lumen/workspace/humble_ws/src/omni_robot/build/velodyne_simulator
[0.376s] Level 1:colcon.colcon_core.environment:create_environment_scripts_only(velodyne_simulator)
[0.376s] Level 1:colcon.colcon_core.environment:checking '/home/lumen/workspace/humble_ws/src/omni_robot/install/velodyne_simulator' for CMake module files
[0.376s] DEBUG:colcon.colcon_core.event_handler.log_command:Invoked command in '/home/lumen/workspace/humble_ws/src/omni_robot/build/velodyne_simulator' returned '0': CMAKE_PREFIX_PATH=/home/lumen/workspace/humble_ws/src/omni_robot/install/velodyne_gazebo_plugins:/home/lumen/workspace/humble_ws/src/omni_robot/install/velodyne_description:/home/lumen/workspace/humble_ws/src/omni_robot/install/velodyne_simulator:/home/lumen/workspace/humble_ws/src/omni_robot/install/uline_patrol_msgs:/home/lumen/workspace/humble_ws/src/omni_robot/install/omni_gazebo:/home/lumen/workspace/humble_ws/src/apriltag_ros/install/apriltag_ros:/home/lumen/workspace/humble_ws/src/apriltag_ros/install/sensor_task_msgs:/home/lumen/workspace/humble_ws/src/apriltag_ros/install/rosa_msgs:/home/lumen/workspace/humble_ws/src/apriltag_ros/install/apriltag_msgs:/home/lumen/workspace/humble_ws/src/apriltag_ros/install/apriltag:/opt/ros/humble /usr/bin/cmake --install /home/lumen/workspace/humble_ws/src/omni_robot/build/velodyne_simulator
[0.376s] Level 1:colcon.colcon_core.environment:checking '/home/lumen/workspace/humble_ws/src/omni_robot/install/velodyne_simulator' for CMake config files
[0.377s] Level 1:colcon.colcon_core.shell:create_environment_hook('velodyne_simulator', 'cmake_prefix_path')
[0.377s] INFO:colcon.colcon_core.shell:Creating environment hook '/home/lumen/workspace/humble_ws/src/omni_robot/install/velodyne_simulator/share/velodyne_simulator/hook/cmake_prefix_path.ps1'
[0.377s] INFO:colcon.colcon_core.shell:Creating environment descriptor '/home/lumen/workspace/humble_ws/src/omni_robot/install/velodyne_simulator/share/velodyne_simulator/hook/cmake_prefix_path.dsv'
[0.377s] INFO:colcon.colcon_core.shell:Creating environment hook '/home/lumen/workspace/humble_ws/src/omni_robot/install/velodyne_simulator/share/velodyne_simulator/hook/cmake_prefix_path.sh'
[0.377s] Level 1:colcon.colcon_core.environment:checking '/home/lumen/workspace/humble_ws/src/omni_robot/install/velodyne_simulator/bin'
[0.377s] Level 1:colcon.colcon_core.environment:checking '/home/lumen/workspace/humble_ws/src/omni_robot/install/velodyne_simulator/lib/pkgconfig/velodyne_simulator.pc'
[0.378s] Level 1:colcon.colcon_core.environment:checking '/home/lumen/workspace/humble_ws/src/omni_robot/install/velodyne_simulator/lib/python3.10/site-packages'
[0.378s] Level 1:colcon.colcon_core.environment:checking '/home/lumen/workspace/humble_ws/src/omni_robot/install/velodyne_simulator/bin'
[0.378s] INFO:colcon.colcon_core.shell:Creating package script '/home/lumen/workspace/humble_ws/src/omni_robot/install/velodyne_simulator/share/velodyne_simulator/package.ps1'
[0.378s] INFO:colcon.colcon_core.shell:Creating package descriptor '/home/lumen/workspace/humble_ws/src/omni_robot/install/velodyne_simulator/share/velodyne_simulator/package.dsv'
[0.378s] INFO:colcon.colcon_core.shell:Creating package script '/home/lumen/workspace/humble_ws/src/omni_robot/install/velodyne_simulator/share/velodyne_simulator/package.sh'
[0.378s] INFO:colcon.colcon_core.shell:Creating package script '/home/lumen/workspace/humble_ws/src/omni_robot/install/velodyne_simulator/share/velodyne_simulator/package.bash'
[0.379s] INFO:colcon.colcon_core.shell:Creating package script '/home/lumen/workspace/humble_ws/src/omni_robot/install/velodyne_simulator/share/velodyne_simulator/package.zsh'
[0.379s] Level 1:colcon.colcon_core.environment:create_file_with_runtime_dependencies(/home/lumen/workspace/humble_ws/src/omni_robot/install/velodyne_simulator/share/colcon-core/packages/velodyne_simulator)
[0.387s] DEBUG:colcon.colcon_core.event_handler.log_command:Invoked command in '/home/lumen/workspace/humble_ws/src/omni_robot/build/uline_patrol_msgs' returned '0': CMAKE_PREFIX_PATH=${CMAKE_PREFIX_PATH}:/opt/ros/humble /usr/bin/cmake --build /home/lumen/workspace/humble_ws/src/omni_robot/build/uline_patrol_msgs -- -j32 -l32
[0.395s] Level 1:colcon.colcon_core.environment:create_environment_scripts_only(velodyne_simulator)
[0.395s] Level 1:colcon.colcon_core.environment:checking '/home/lumen/workspace/humble_ws/src/omni_robot/install/velodyne_simulator' for CMake module files
[0.396s] Level 1:colcon.colcon_core.environment:checking '/home/lumen/workspace/humble_ws/src/omni_robot/install/velodyne_simulator' for CMake config files
[0.396s] Level 1:colcon.colcon_core.shell:create_environment_hook('velodyne_simulator', 'cmake_prefix_path')
[0.396s] INFO:colcon.colcon_core.shell:Creating environment hook '/home/lumen/workspace/humble_ws/src/omni_robot/install/velodyne_simulator/share/velodyne_simulator/hook/cmake_prefix_path.ps1'
[0.396s] INFO:colcon.colcon_core.shell:Creating environment descriptor '/home/lumen/workspace/humble_ws/src/omni_robot/install/velodyne_simulator/share/velodyne_simulator/hook/cmake_prefix_path.dsv'
[0.396s] INFO:colcon.colcon_core.shell:Creating environment hook '/home/lumen/workspace/humble_ws/src/omni_robot/install/velodyne_simulator/share/velodyne_simulator/hook/cmake_prefix_path.sh'
[0.397s] Level 1:colcon.colcon_core.environment:checking '/home/lumen/workspace/humble_ws/src/omni_robot/install/velodyne_simulator/bin'
[0.397s] Level 1:colcon.colcon_core.environment:checking '/home/lumen/workspace/humble_ws/src/omni_robot/install/velodyne_simulator/lib/pkgconfig/velodyne_simulator.pc'
[0.397s] Level 1:colcon.colcon_core.environment:checking '/home/lumen/workspace/humble_ws/src/omni_robot/install/velodyne_simulator/lib/python3.10/site-packages'
[0.397s] Level 1:colcon.colcon_core.environment:checking '/home/lumen/workspace/humble_ws/src/omni_robot/install/velodyne_simulator/bin'
[0.397s] INFO:colcon.colcon_core.shell:Creating package script '/home/lumen/workspace/humble_ws/src/omni_robot/install/velodyne_simulator/share/velodyne_simulator/package.ps1'
[0.397s] INFO:colcon.colcon_core.shell:Creating package descriptor '/home/lumen/workspace/humble_ws/src/omni_robot/install/velodyne_simulator/share/velodyne_simulator/package.dsv'
[0.397s] INFO:colcon.colcon_core.shell:Creating package script '/home/lumen/workspace/humble_ws/src/omni_robot/install/velodyne_simulator/share/velodyne_simulator/package.sh'
[0.398s] INFO:colcon.colcon_core.shell:Creating package script '/home/lumen/workspace/humble_ws/src/omni_robot/install/velodyne_simulator/share/velodyne_simulator/package.bash'
[0.398s] INFO:colcon.colcon_core.shell:Creating package script '/home/lumen/workspace/humble_ws/src/omni_robot/install/velodyne_simulator/share/velodyne_simulator/package.zsh'
[0.398s] Level 1:colcon.colcon_core.environment:create_file_with_runtime_dependencies(/home/lumen/workspace/humble_ws/src/omni_robot/install/velodyne_simulator/share/colcon-core/packages/velodyne_simulator)
[0.451s] DEBUG:colcon.colcon_core.event_handler.log_command:Invoking command in '/home/lumen/workspace/humble_ws/src/omni_robot/build/uline_patrol_msgs': CMAKE_PREFIX_PATH=${CMAKE_PREFIX_PATH}:/opt/ros/humble /usr/bin/cmake --install /home/lumen/workspace/humble_ws/src/omni_robot/build/uline_patrol_msgs
[0.484s] Level 1:colcon.colcon_core.environment:create_environment_scripts_only(uline_patrol_msgs)
[0.484s] Level 1:colcon.colcon_core.environment:checking '/home/lumen/workspace/humble_ws/src/omni_robot/install/uline_patrol_msgs' for CMake module files
[0.484s] DEBUG:colcon.colcon_core.event_handler.log_command:Invoked command in '/home/lumen/workspace/humble_ws/src/omni_robot/build/uline_patrol_msgs' returned '0': CMAKE_PREFIX_PATH=${CMAKE_PREFIX_PATH}:/opt/ros/humble /usr/bin/cmake --install /home/lumen/workspace/humble_ws/src/omni_robot/build/uline_patrol_msgs
[0.485s] Level 1:colcon.colcon_core.environment:checking '/home/lumen/workspace/humble_ws/src/omni_robot/install/uline_patrol_msgs' for CMake config files
[0.485s] Level 1:colcon.colcon_core.shell:create_environment_hook('uline_patrol_msgs', 'cmake_prefix_path')
[0.485s] INFO:colcon.colcon_core.shell:Creating environment hook '/home/lumen/workspace/humble_ws/src/omni_robot/install/uline_patrol_msgs/share/uline_patrol_msgs/hook/cmake_prefix_path.ps1'
[0.485s] INFO:colcon.colcon_core.shell:Creating environment descriptor '/home/lumen/workspace/humble_ws/src/omni_robot/install/uline_patrol_msgs/share/uline_patrol_msgs/hook/cmake_prefix_path.dsv'
[0.485s] INFO:colcon.colcon_core.shell:Creating environment hook '/home/lumen/workspace/humble_ws/src/omni_robot/install/uline_patrol_msgs/share/uline_patrol_msgs/hook/cmake_prefix_path.sh'
[0.486s] Level 1:colcon.colcon_core.environment:checking '/home/lumen/workspace/humble_ws/src/omni_robot/install/uline_patrol_msgs/lib'
[0.486s] Level 1:colcon.colcon_core.shell:create_environment_hook('uline_patrol_msgs', 'ld_library_path_lib')
[0.486s] INFO:colcon.colcon_core.shell:Creating environment hook '/home/lumen/workspace/humble_ws/src/omni_robot/install/uline_patrol_msgs/share/uline_patrol_msgs/hook/ld_library_path_lib.ps1'
[0.486s] INFO:colcon.colcon_core.shell:Creating environment descriptor '/home/lumen/workspace/humble_ws/src/omni_robot/install/uline_patrol_msgs/share/uline_patrol_msgs/hook/ld_library_path_lib.dsv'
[0.486s] INFO:colcon.colcon_core.shell:Creating environment hook '/home/lumen/workspace/humble_ws/src/omni_robot/install/uline_patrol_msgs/share/uline_patrol_msgs/hook/ld_library_path_lib.sh'
[0.486s] Level 1:colcon.colcon_core.environment:checking '/home/lumen/workspace/humble_ws/src/omni_robot/install/uline_patrol_msgs/bin'
[0.486s] Level 1:colcon.colcon_core.environment:checking '/home/lumen/workspace/humble_ws/src/omni_robot/install/uline_patrol_msgs/lib/pkgconfig/uline_patrol_msgs.pc'
[0.486s] Level 1:colcon.colcon_core.environment:checking '/home/lumen/workspace/humble_ws/src/omni_robot/install/uline_patrol_msgs/lib/python3.10/site-packages'
[0.487s] Level 1:colcon.colcon_core.environment:checking '/home/lumen/workspace/humble_ws/src/omni_robot/install/uline_patrol_msgs/bin'
[0.487s] INFO:colcon.colcon_core.shell:Creating package script '/home/lumen/workspace/humble_ws/src/omni_robot/install/uline_patrol_msgs/share/uline_patrol_msgs/package.ps1'
[0.487s] INFO:colcon.colcon_core.shell:Creating package descriptor '/home/lumen/workspace/humble_ws/src/omni_robot/install/uline_patrol_msgs/share/uline_patrol_msgs/package.dsv'
[0.487s] INFO:colcon.colcon_core.shell:Creating package script '/home/lumen/workspace/humble_ws/src/omni_robot/install/uline_patrol_msgs/share/uline_patrol_msgs/package.sh'
[0.487s] INFO:colcon.colcon_core.shell:Creating package script '/home/lumen/workspace/humble_ws/src/omni_robot/install/uline_patrol_msgs/share/uline_patrol_msgs/package.bash'
[0.487s] INFO:colcon.colcon_core.shell:Creating package script '/home/lumen/workspace/humble_ws/src/omni_robot/install/uline_patrol_msgs/share/uline_patrol_msgs/package.zsh'
[0.488s] Level 1:colcon.colcon_core.environment:create_file_with_runtime_dependencies(/home/lumen/workspace/humble_ws/src/omni_robot/install/uline_patrol_msgs/share/colcon-core/packages/uline_patrol_msgs)
[0.552s] Level 1:colcon.colcon_core.environment:create_environment_scripts_only(uline_patrol_msgs)
[0.552s] Level 1:colcon.colcon_core.environment:checking '/home/lumen/workspace/humble_ws/src/omni_robot/install/uline_patrol_msgs' for CMake module files
[0.553s] Level 1:colcon.colcon_core.environment:checking '/home/lumen/workspace/humble_ws/src/omni_robot/install/uline_patrol_msgs' for CMake config files
[0.553s] Level 1:colcon.colcon_core.shell:create_environment_hook('uline_patrol_msgs', 'cmake_prefix_path')
[0.553s] INFO:colcon.colcon_core.shell:Creating environment hook '/home/lumen/workspace/humble_ws/src/omni_robot/install/uline_patrol_msgs/share/uline_patrol_msgs/hook/cmake_prefix_path.ps1'
[0.553s] INFO:colcon.colcon_core.shell:Creating environment descriptor '/home/lumen/workspace/humble_ws/src/omni_robot/install/uline_patrol_msgs/share/uline_patrol_msgs/hook/cmake_prefix_path.dsv'
[0.553s] INFO:colcon.colcon_core.shell:Creating environment hook '/home/lumen/workspace/humble_ws/src/omni_robot/install/uline_patrol_msgs/share/uline_patrol_msgs/hook/cmake_prefix_path.sh'
[0.554s] Level 1:colcon.colcon_core.environment:checking '/home/lumen/workspace/humble_ws/src/omni_robot/install/uline_patrol_msgs/lib'
[0.554s] Level 1:colcon.colcon_core.shell:create_environment_hook('uline_patrol_msgs', 'ld_library_path_lib')
[0.554s] INFO:colcon.colcon_core.shell:Creating environment hook '/home/lumen/workspace/humble_ws/src/omni_robot/install/uline_patrol_msgs/share/uline_patrol_msgs/hook/ld_library_path_lib.ps1'
[0.554s] INFO:colcon.colcon_core.shell:Creating environment descriptor '/home/lumen/workspace/humble_ws/src/omni_robot/install/uline_patrol_msgs/share/uline_patrol_msgs/hook/ld_library_path_lib.dsv'
[0.554s] INFO:colcon.colcon_core.shell:Creating environment hook '/home/lumen/workspace/humble_ws/src/omni_robot/install/uline_patrol_msgs/share/uline_patrol_msgs/hook/ld_library_path_lib.sh'
[0.554s] Level 1:colcon.colcon_core.environment:checking '/home/lumen/workspace/humble_ws/src/omni_robot/install/uline_patrol_msgs/bin'
[0.554s] Level 1:colcon.colcon_core.environment:checking '/home/lumen/workspace/humble_ws/src/omni_robot/install/uline_patrol_msgs/lib/pkgconfig/uline_patrol_msgs.pc'
[0.554s] Level 1:colcon.colcon_core.environment:checking '/home/lumen/workspace/humble_ws/src/omni_robot/install/uline_patrol_msgs/lib/python3.10/site-packages'
[0.555s] Level 1:colcon.colcon_core.environment:checking '/home/lumen/workspace/humble_ws/src/omni_robot/install/uline_patrol_msgs/bin'
[0.555s] INFO:colcon.colcon_core.shell:Creating package script '/home/lumen/workspace/humble_ws/src/omni_robot/install/uline_patrol_msgs/share/uline_patrol_msgs/package.ps1'
[0.555s] INFO:colcon.colcon_core.shell:Creating package descriptor '/home/lumen/workspace/humble_ws/src/omni_robot/install/uline_patrol_msgs/share/uline_patrol_msgs/package.dsv'
[0.555s] INFO:colcon.colcon_core.shell:Creating package script '/home/lumen/workspace/humble_ws/src/omni_robot/install/uline_patrol_msgs/share/uline_patrol_msgs/package.sh'
[0.555s] INFO:colcon.colcon_core.shell:Creating package script '/home/lumen/workspace/humble_ws/src/omni_robot/install/uline_patrol_msgs/share/uline_patrol_msgs/package.bash'
[0.556s] INFO:colcon.colcon_core.shell:Creating package script '/home/lumen/workspace/humble_ws/src/omni_robot/install/uline_patrol_msgs/share/uline_patrol_msgs/package.zsh'
[0.556s] Level 1:colcon.colcon_core.environment:create_file_with_runtime_dependencies(/home/lumen/workspace/humble_ws/src/omni_robot/install/uline_patrol_msgs/share/colcon-core/packages/uline_patrol_msgs)
[0.556s] DEBUG:colcon.colcon_parallel_executor.executor.parallel:closing loop
[0.556s] DEBUG:colcon.colcon_parallel_executor.executor.parallel:loop closed
[0.556s] DEBUG:colcon.colcon_parallel_executor.executor.parallel:run_until_complete finished with '0'
[0.556s] DEBUG:colcon.colcon_core.event_reactor:joining thread
[0.559s] INFO:colcon.colcon_core.plugin_system:Skipping extension 'colcon_notification.desktop_notification.terminal_notifier': Not used on non-Darwin systems
[0.559s] INFO:colcon.colcon_core.plugin_system:Skipping extension 'colcon_notification.desktop_notification.win32': Not used on non-Windows systems
[0.559s] INFO:colcon.colcon_notification.desktop_notification:Sending desktop notification using 'notify2'
[0.565s] DEBUG:colcon.colcon_core.event_reactor:joined thread
[0.565s] INFO:colcon.colcon_core.shell:Creating prefix script '/home/lumen/workspace/humble_ws/src/omni_robot/install/local_setup.ps1'
[0.565s] INFO:colcon.colcon_core.shell:Creating prefix util module '/home/lumen/workspace/humble_ws/src/omni_robot/install/_local_setup_util_ps1.py'
[0.566s] INFO:colcon.colcon_core.shell:Creating prefix chain script '/home/lumen/workspace/humble_ws/src/omni_robot/install/setup.ps1'
[0.567s] INFO:colcon.colcon_core.shell:Creating prefix script '/home/lumen/workspace/humble_ws/src/omni_robot/install/local_setup.sh'
[0.567s] INFO:colcon.colcon_core.shell:Creating prefix util module '/home/lumen/workspace/humble_ws/src/omni_robot/install/_local_setup_util_sh.py'
[0.567s] INFO:colcon.colcon_core.shell:Creating prefix chain script '/home/lumen/workspace/humble_ws/src/omni_robot/install/setup.sh'
[0.568s] INFO:colcon.colcon_core.shell:Creating prefix script '/home/lumen/workspace/humble_ws/src/omni_robot/install/local_setup.bash'
[0.568s] INFO:colcon.colcon_core.shell:Creating prefix chain script '/home/lumen/workspace/humble_ws/src/omni_robot/install/setup.bash'
[0.569s] INFO:colcon.colcon_core.shell:Creating prefix script '/home/lumen/workspace/humble_ws/src/omni_robot/install/local_setup.zsh'
[0.569s] INFO:colcon.colcon_core.shell:Creating prefix chain script '/home/lumen/workspace/humble_ws/src/omni_robot/install/setup.zsh'
