-- Install configuration: ""
-- Up-to-date: /home/lumen/workspace/humble_ws/src/omni_robot/install/omni_gazebo/share/omni_gazebo/config
-- Up-to-date: /home/lumen/workspace/humble_ws/src/omni_robot/install/omni_gazebo/share/omni_gazebo/config/rviz_config.rviz
-- Up-to-date: /home/lumen/workspace/humble_ws/src/omni_robot/install/omni_gazebo/share/omni_gazebo/meshes
-- Up-to-date: /home/lumen/workspace/humble_ws/src/omni_robot/install/omni_gazebo/share/omni_gazebo/meshes/roller.stl
-- Up-to-date: /home/lumen/workspace/humble_ws/src/omni_robot/install/omni_gazebo/share/omni_gazebo/meshes/tfs_1.bmp
-- Up-to-date: /home/lumen/workspace/humble_ws/src/omni_robot/install/omni_gazebo/share/omni_gazebo/meshes/chassis_agvs.stl
-- Up-to-date: /home/lumen/workspace/humble_ws/src/omni_robot/install/omni_gazebo/share/omni_gazebo/meshes/agvs_wheel.dae
-- Up-to-date: /home/lumen/workspace/humble_ws/src/omni_robot/install/omni_gazebo/share/omni_gazebo/meshes/agvs_wheel.stl
-- Up-to-date: /home/lumen/workspace/humble_ws/src/omni_robot/install/omni_gazebo/share/omni_gazebo/meshes/rgbd
-- Up-to-date: /home/lumen/workspace/humble_ws/src/omni_robot/install/omni_gazebo/share/omni_gazebo/meshes/rgbd/astra.jpg
-- Up-to-date: /home/lumen/workspace/humble_ws/src/omni_robot/install/omni_gazebo/share/omni_gazebo/meshes/rgbd/r200.jpg
-- Up-to-date: /home/lumen/workspace/humble_ws/src/omni_robot/install/omni_gazebo/share/omni_gazebo/meshes/rgbd/xtion_pro_camera.dae
-- Up-to-date: /home/lumen/workspace/humble_ws/src/omni_robot/install/omni_gazebo/share/omni_gazebo/meshes/rgbd/hokuyo.dae
-- Up-to-date: /home/lumen/workspace/humble_ws/src/omni_robot/install/omni_gazebo/share/omni_gazebo/meshes/rgbd/sensor_pole.dae
-- Up-to-date: /home/lumen/workspace/humble_ws/src/omni_robot/install/omni_gazebo/share/omni_gazebo/meshes/rgbd/kinect.dae
-- Up-to-date: /home/lumen/workspace/humble_ws/src/omni_robot/install/omni_gazebo/share/omni_gazebo/meshes/rgbd/r200.dae
-- Up-to-date: /home/lumen/workspace/humble_ws/src/omni_robot/install/omni_gazebo/share/omni_gazebo/meshes/rgbd/xtion_pro_stack.dae
-- Up-to-date: /home/lumen/workspace/humble_ws/src/omni_robot/install/omni_gazebo/share/omni_gazebo/meshes/rgbd/asus_xtion_pro_live.dae
-- Up-to-date: /home/lumen/workspace/humble_ws/src/omni_robot/install/omni_gazebo/share/omni_gazebo/meshes/rgbd/astra.dae
-- Up-to-date: /home/lumen/workspace/humble_ws/src/omni_robot/install/omni_gazebo/share/omni_gazebo/meshes/rgbd/0_xtion_pro.jpg
-- Up-to-date: /home/lumen/workspace/humble_ws/src/omni_robot/install/omni_gazebo/share/omni_gazebo/meshes/rgbd/xtion_pro_camera.jpg
-- Up-to-date: /home/lumen/workspace/humble_ws/src/omni_robot/install/omni_gazebo/share/omni_gazebo/meshes/rgbd/kinect.tga
-- Up-to-date: /home/lumen/workspace/humble_ws/src/omni_robot/install/omni_gazebo/share/omni_gazebo/meshes/rgbd/r200_bracket.stl
-- Up-to-date: /home/lumen/workspace/humble_ws/src/omni_robot/install/omni_gazebo/share/omni_gazebo/meshes/rgbd/kinect.jpg
-- Up-to-date: /home/lumen/workspace/humble_ws/src/omni_robot/install/omni_gazebo/share/omni_gazebo/meshes/rgbd/asus_xtion_pro_live.png
-- Up-to-date: /home/lumen/workspace/humble_ws/src/omni_robot/install/omni_gazebo/share/omni_gazebo/meshes/rgbd/r200_bracket_end.stl
-- Up-to-date: /home/lumen/workspace/humble_ws/src/omni_robot/install/omni_gazebo/share/omni_gazebo/meshes/rgbd/xtion_pro.jpg
-- Up-to-date: /home/lumen/workspace/humble_ws/src/omni_robot/install/omni_gazebo/share/omni_gazebo/meshes/chassis_agvs.dae
-- Up-to-date: /home/lumen/workspace/humble_ws/src/omni_robot/install/omni_gazebo/share/omni_gazebo/meshes/omniwheel.dae
-- Up-to-date: /home/lumen/workspace/humble_ws/src/omni_robot/install/omni_gazebo/share/omni_gazebo/meshes/side_wheel_agvs.stl
-- Up-to-date: /home/lumen/workspace/humble_ws/src/omni_robot/install/omni_gazebo/share/omni_gazebo/meshes/box.dae
-- Up-to-date: /home/lumen/workspace/humble_ws/src/omni_robot/install/omni_gazebo/share/omni_gazebo/meshes/base.stl
-- Up-to-date: /home/lumen/workspace/humble_ws/src/omni_robot/install/omni_gazebo/share/omni_gazebo/meshes/agvs_logos.stl
-- Up-to-date: /home/lumen/workspace/humble_ws/src/omni_robot/install/omni_gazebo/share/omni_gazebo/meshes/rplidar.dae
-- Up-to-date: /home/lumen/workspace/humble_ws/src/omni_robot/install/omni_gazebo/share/omni_gazebo/meshes/motor_wheel.stl
-- Up-to-date: /home/lumen/workspace/humble_ws/src/omni_robot/install/omni_gazebo/share/omni_gazebo/meshes/robot
-- Up-to-date: /home/lumen/workspace/humble_ws/src/omni_robot/install/omni_gazebo/share/omni_gazebo/meshes/robot/WheelDrive_degenerateDissolve_cleanUpGeometry002_centered.dae
-- Up-to-date: /home/lumen/workspace/humble_ws/src/omni_robot/install/omni_gazebo/share/omni_gazebo/meshes/robot/ExtendedAmiroOnly_degenerateDissolve_cleanUpGeometry005.dae
-- Up-to-date: /home/lumen/workspace/humble_ws/src/omni_robot/install/omni_gazebo/share/omni_gazebo/meshes/stacks
-- Up-to-date: /home/lumen/workspace/humble_ws/src/omni_robot/install/omni_gazebo/share/omni_gazebo/meshes/stacks/hexagons
-- Up-to-date: /home/lumen/workspace/humble_ws/src/omni_robot/install/omni_gazebo/share/omni_gazebo/meshes/stacks/hexagons/plate_middle.dae
-- Up-to-date: /home/lumen/workspace/humble_ws/src/omni_robot/install/omni_gazebo/share/omni_gazebo/meshes/stacks/hexagons/pole_middle.dae
-- Up-to-date: /home/lumen/workspace/humble_ws/src/omni_robot/install/omni_gazebo/share/omni_gazebo/meshes/stacks/hexagons/plate_top.dae
-- Up-to-date: /home/lumen/workspace/humble_ws/src/omni_robot/install/omni_gazebo/share/omni_gazebo/meshes/stacks/hexagons/pole_bottom.dae
-- Up-to-date: /home/lumen/workspace/humble_ws/src/omni_robot/install/omni_gazebo/share/omni_gazebo/meshes/stacks/hexagons/pole_kinect.dae
-- Up-to-date: /home/lumen/workspace/humble_ws/src/omni_robot/install/omni_gazebo/share/omni_gazebo/meshes/stacks/hexagons/plate_bottom.dae
-- Up-to-date: /home/lumen/workspace/humble_ws/src/omni_robot/install/omni_gazebo/share/omni_gazebo/meshes/stacks/hexagons/pole_top.dae
-- Up-to-date: /home/lumen/workspace/humble_ws/src/omni_robot/install/omni_gazebo/share/omni_gazebo/meshes/stacks/circles
-- Up-to-date: /home/lumen/workspace/humble_ws/src/omni_robot/install/omni_gazebo/share/omni_gazebo/meshes/stacks/circles/68-04552-1000-RA_Turtlebot_M-F_Standoff_color.png
-- Up-to-date: /home/lumen/workspace/humble_ws/src/omni_robot/install/omni_gazebo/share/omni_gazebo/meshes/stacks/circles/68-04552-1000-RA_Turtlebot_M-F_Standoff.dae
-- Up-to-date: /home/lumen/workspace/humble_ws/src/omni_robot/install/omni_gazebo/share/omni_gazebo/meshes/stacks/circles/plate_0_logo.tga
-- Up-to-date: /home/lumen/workspace/humble_ws/src/omni_robot/install/omni_gazebo/share/omni_gazebo/meshes/stacks/circles/68-04552-2000-RA_Turtlebot_M-F_Standoff.dae
-- Up-to-date: /home/lumen/workspace/humble_ws/src/omni_robot/install/omni_gazebo/share/omni_gazebo/meshes/stacks/circles/68-04552-2000-RA_Turtlebot_M-F_Standoff_color.png
-- Up-to-date: /home/lumen/workspace/humble_ws/src/omni_robot/install/omni_gazebo/share/omni_gazebo/meshes/stacks/circles/plate_1_logo.dae
-- Up-to-date: /home/lumen/workspace/humble_ws/src/omni_robot/install/omni_gazebo/share/omni_gazebo/meshes/stacks/circles/68-04556-RA_Kinect_Standoff_Assy.dae
-- Up-to-date: /home/lumen/workspace/humble_ws/src/omni_robot/install/omni_gazebo/share/omni_gazebo/meshes/stacks/circles/68-02421-8000-RA_Turtlebot_F-F_Standoff.dae
-- Up-to-date: /home/lumen/workspace/humble_ws/src/omni_robot/install/omni_gazebo/share/omni_gazebo/meshes/stacks/circles/plate_1_logo.tga
-- Up-to-date: /home/lumen/workspace/humble_ws/src/omni_robot/install/omni_gazebo/share/omni_gazebo/meshes/stacks/circles/plate_2_logo.tga
-- Up-to-date: /home/lumen/workspace/humble_ws/src/omni_robot/install/omni_gazebo/share/omni_gazebo/meshes/stacks/circles/68-04556-RA_Kinect_Standoff_Assy.3ds
-- Up-to-date: /home/lumen/workspace/humble_ws/src/omni_robot/install/omni_gazebo/share/omni_gazebo/meshes/stacks/circles/68-02403-125_Spacer.dae
-- Up-to-date: /home/lumen/workspace/humble_ws/src/omni_robot/install/omni_gazebo/share/omni_gazebo/meshes/stacks/circles/plate_0_logo.dae
-- Up-to-date: /home/lumen/workspace/humble_ws/src/omni_robot/install/omni_gazebo/share/omni_gazebo/meshes/stacks/circles/plate_2_logo.dae
-- Up-to-date: /home/lumen/workspace/humble_ws/src/omni_robot/install/omni_gazebo/share/omni_gazebo/meshes/stacks/circles/68-02421-8000-RA_Turtlebot_F-F_Standoff_color.png
-- Up-to-date: /home/lumen/workspace/humble_ws/src/omni_robot/install/omni_gazebo/share/omni_gazebo/meshes/agvs_top.stl
-- Up-to-date: /home/lumen/workspace/humble_ws/src/omni_robot/install/omni_gazebo/share/omni_gazebo/meshes/motor_wheel.dae
-- Up-to-date: /home/lumen/workspace/humble_ws/src/omni_robot/install/omni_gazebo/share/omni_gazebo/meshes/astra.dae
-- Up-to-date: /home/lumen/workspace/humble_ws/src/omni_robot/install/omni_gazebo/share/omni_gazebo/meshes/tfs_2.bmp
-- Up-to-date: /home/lumen/workspace/humble_ws/src/omni_robot/install/omni_gazebo/share/omni_gazebo/meshes/omni_wheel_2.dae
-- Up-to-date: /home/lumen/workspace/humble_ws/src/omni_robot/install/omni_gazebo/share/omni_gazebo/meshes/laser
-- Up-to-date: /home/lumen/workspace/humble_ws/src/omni_robot/install/omni_gazebo/share/omni_gazebo/meshes/laser/hokuyo.dae
-- Up-to-date: /home/lumen/workspace/humble_ws/src/omni_robot/install/omni_gazebo/share/omni_gazebo/meshes/omni_wheel_1.dae
-- Up-to-date: /home/lumen/workspace/humble_ws/src/omni_robot/install/omni_gazebo/share/omni_gazebo/meshes/rim.stl
-- Up-to-date: /home/lumen/workspace/humble_ws/src/omni_robot/install/omni_gazebo/share/omni_gazebo/meshes/agvs_logos.dae
-- Up-to-date: /home/lumen/workspace/humble_ws/src/omni_robot/install/omni_gazebo/share/omni_gazebo/meshes/agvs_top.dae
-- Up-to-date: /home/lumen/workspace/humble_ws/src/omni_robot/install/omni_gazebo/share/omni_gazebo/meshes/rim1.dae
-- Up-to-date: /home/lumen/workspace/humble_ws/src/omni_robot/install/omni_gazebo/share/omni_gazebo/meshes/upper.dae
-- Up-to-date: /home/lumen/workspace/humble_ws/src/omni_robot/install/omni_gazebo/share/omni_gazebo/meshes/sensors
-- Up-to-date: /home/lumen/workspace/humble_ws/src/omni_robot/install/omni_gazebo/share/omni_gazebo/meshes/sensors/astra.jpg
-- Up-to-date: /home/lumen/workspace/humble_ws/src/omni_robot/install/omni_gazebo/share/omni_gazebo/meshes/sensors/r200.jpg
-- Up-to-date: /home/lumen/workspace/humble_ws/src/omni_robot/install/omni_gazebo/share/omni_gazebo/meshes/sensors/xtion_pro_camera.dae
-- Up-to-date: /home/lumen/workspace/humble_ws/src/omni_robot/install/omni_gazebo/share/omni_gazebo/meshes/sensors/sensor_pole.dae
-- Up-to-date: /home/lumen/workspace/humble_ws/src/omni_robot/install/omni_gazebo/share/omni_gazebo/meshes/sensors/kinect.dae
-- Up-to-date: /home/lumen/workspace/humble_ws/src/omni_robot/install/omni_gazebo/share/omni_gazebo/meshes/sensors/r200.dae
-- Up-to-date: /home/lumen/workspace/humble_ws/src/omni_robot/install/omni_gazebo/share/omni_gazebo/meshes/sensors/xtion_pro_stack.dae
-- Up-to-date: /home/lumen/workspace/humble_ws/src/omni_robot/install/omni_gazebo/share/omni_gazebo/meshes/sensors/asus_xtion_pro_live.dae
-- Up-to-date: /home/lumen/workspace/humble_ws/src/omni_robot/install/omni_gazebo/share/omni_gazebo/meshes/sensors/astra.dae
-- Up-to-date: /home/lumen/workspace/humble_ws/src/omni_robot/install/omni_gazebo/share/omni_gazebo/meshes/sensors/0_xtion_pro.jpg
-- Up-to-date: /home/lumen/workspace/humble_ws/src/omni_robot/install/omni_gazebo/share/omni_gazebo/meshes/sensors/xtion_pro_camera.jpg
-- Up-to-date: /home/lumen/workspace/humble_ws/src/omni_robot/install/omni_gazebo/share/omni_gazebo/meshes/sensors/kinect.tga
-- Up-to-date: /home/lumen/workspace/humble_ws/src/omni_robot/install/omni_gazebo/share/omni_gazebo/meshes/sensors/r200_bracket.stl
-- Up-to-date: /home/lumen/workspace/humble_ws/src/omni_robot/install/omni_gazebo/share/omni_gazebo/meshes/sensors/kinect.jpg
-- Up-to-date: /home/lumen/workspace/humble_ws/src/omni_robot/install/omni_gazebo/share/omni_gazebo/meshes/sensors/asus_xtion_pro_live.png
-- Up-to-date: /home/lumen/workspace/humble_ws/src/omni_robot/install/omni_gazebo/share/omni_gazebo/meshes/sensors/r200_bracket_end.stl
-- Up-to-date: /home/lumen/workspace/humble_ws/src/omni_robot/install/omni_gazebo/share/omni_gazebo/meshes/sensors/xtion_pro.jpg
-- Up-to-date: /home/lumen/workspace/humble_ws/src/omni_robot/install/omni_gazebo/share/omni_gazebo/meshes/meshes
-- Up-to-date: /home/lumen/workspace/humble_ws/src/omni_robot/install/omni_gazebo/share/omni_gazebo/meshes/meshes/box.dae
-- Up-to-date: /home/lumen/workspace/humble_ws/src/omni_robot/install/omni_gazebo/share/omni_gazebo/meshes/meshes/rplidar.dae
-- Up-to-date: /home/lumen/workspace/humble_ws/src/omni_robot/install/omni_gazebo/share/omni_gazebo/meshes/meshes/astra.dae
-- Up-to-date: /home/lumen/workspace/humble_ws/src/omni_robot/install/omni_gazebo/share/omni_gazebo/meshes/meshes/upper.dae
-- Up-to-date: /home/lumen/workspace/humble_ws/src/omni_robot/install/omni_gazebo/share/omni_gazebo/meshes/meshes/wheel.dae
-- Up-to-date: /home/lumen/workspace/humble_ws/src/omni_robot/install/omni_gazebo/share/omni_gazebo/meshes/side_wheel_agvs.dae
-- Up-to-date: /home/lumen/workspace/humble_ws/src/omni_robot/install/omni_gazebo/share/omni_gazebo/meshes/rimfix.stl
-- Up-to-date: /home/lumen/workspace/humble_ws/src/omni_robot/install/omni_gazebo/share/omni_gazebo/meshes/wheel.dae
-- Up-to-date: /home/lumen/workspace/humble_ws/src/omni_robot/install/omni_gazebo/share/omni_gazebo/urdf
-- Up-to-date: /home/lumen/workspace/humble_ws/src/omni_robot/install/omni_gazebo/share/omni_gazebo/urdf/camera
-- Up-to-date: /home/lumen/workspace/humble_ws/src/omni_robot/install/omni_gazebo/share/omni_gazebo/urdf/camera/generic_rgbd.xacro
-- Up-to-date: /home/lumen/workspace/humble_ws/src/omni_robot/install/omni_gazebo/share/omni_gazebo/urdf/camera/camera.xacro
-- Up-to-date: /home/lumen/workspace/humble_ws/src/omni_robot/install/omni_gazebo/share/omni_gazebo/urdf/camera/astra.xacro
-- Up-to-date: /home/lumen/workspace/humble_ws/src/omni_robot/install/omni_gazebo/share/omni_gazebo/urdf/omni_robot.gazebo
-- Up-to-date: /home/lumen/workspace/humble_ws/src/omni_robot/install/omni_gazebo/share/omni_gazebo/urdf/laser
-- Up-to-date: /home/lumen/workspace/humble_ws/src/omni_robot/install/omni_gazebo/share/omni_gazebo/urdf/laser/hokuyo.xacro
-- Up-to-date: /home/lumen/workspace/humble_ws/src/omni_robot/install/omni_gazebo/share/omni_gazebo/urdf/laser/hokuyo_gpu.xacro
-- Up-to-date: /home/lumen/workspace/humble_ws/src/omni_robot/install/omni_gazebo/share/omni_gazebo/urdf/omni_robot.xacro
-- Up-to-date: /home/lumen/workspace/humble_ws/src/omni_robot/install/omni_gazebo/share/omni_gazebo/urdf/proximity
-- Up-to-date: /home/lumen/workspace/humble_ws/src/omni_robot/install/omni_gazebo/share/omni_gazebo/urdf/proximity/ring.xacro
-- Up-to-date: /home/lumen/workspace/humble_ws/src/omni_robot/install/omni_gazebo/share/omni_gazebo/urdf/proximity/floor.xacro
-- Up-to-date: /home/lumen/workspace/humble_ws/src/omni_robot/install/omni_gazebo/share/omni_gazebo/urdf/proximity/proximity.xacro
-- Up-to-date: /home/lumen/workspace/humble_ws/src/omni_robot/install/omni_gazebo/share/omni_gazebo/urdf/sensors
-- Up-to-date: /home/lumen/workspace/humble_ws/src/omni_robot/install/omni_gazebo/share/omni_gazebo/urdf/sensors/asus_xtion_pro.urdf.xacro
-- Up-to-date: /home/lumen/workspace/humble_ws/src/omni_robot/install/omni_gazebo/share/omni_gazebo/urdf/sensors/kinect.urdf.xacro
-- Up-to-date: /home/lumen/workspace/humble_ws/src/omni_robot/install/omni_gazebo/share/omni_gazebo/urdf/sensors/r200.urdf.xacro
-- Up-to-date: /home/lumen/workspace/humble_ws/src/omni_robot/install/omni_gazebo/share/omni_gazebo/urdf/sensors/laser_support.xacro
-- Up-to-date: /home/lumen/workspace/humble_ws/src/omni_robot/install/omni_gazebo/share/omni_gazebo/urdf/sensors/imu.xacro
-- Up-to-date: /home/lumen/workspace/humble_ws/src/omni_robot/install/omni_gazebo/share/omni_gazebo/urdf/sensors/inertial.xacro
-- Up-to-date: /home/lumen/workspace/humble_ws/src/omni_robot/install/omni_gazebo/share/omni_gazebo/urdf/sensors/astra.urdf.xacro
-- Up-to-date: /home/lumen/workspace/humble_ws/src/omni_robot/install/omni_gazebo/share/omni_gazebo/urdf/sensors/asus_xtion_pro_offset.urdf.xacro
-- Up-to-date: /home/lumen/workspace/humble_ws/src/omni_robot/install/omni_gazebo/share/omni_gazebo/world
-- Up-to-date: /home/lumen/workspace/humble_ws/src/omni_robot/install/omni_gazebo/share/omni_gazebo/world/line1.world
-- Installing: /home/lumen/workspace/humble_ws/src/omni_robot/install/omni_gazebo/share/omni_gazebo/world/line2_with_apriltag.world
-- Up-to-date: /home/lumen/workspace/humble_ws/src/omni_robot/install/omni_gazebo/share/omni_gazebo/world/jiandan.world
-- Up-to-date: /home/lumen/workspace/humble_ws/src/omni_robot/install/omni_gazebo/share/omni_gazebo/world/line2.world
-- Up-to-date: /home/lumen/workspace/humble_ws/src/omni_robot/install/omni_gazebo/share/omni_gazebo/world/spare_room
-- Up-to-date: /home/lumen/workspace/humble_ws/src/omni_robot/install/omni_gazebo/share/omni_gazebo/world/spare_room/simple
-- Up-to-date: /home/lumen/workspace/humble_ws/src/omni_robot/install/omni_gazebo/share/omni_gazebo/world/spare_room/simple/model.config
-- Up-to-date: /home/lumen/workspace/humble_ws/src/omni_robot/install/omni_gazebo/share/omni_gazebo/world/spare_room/simple/model.sdf
-- Up-to-date: /home/lumen/workspace/humble_ws/src/omni_robot/install/omni_gazebo/share/omni_gazebo/world/spare_room/room_test
-- Up-to-date: /home/lumen/workspace/humble_ws/src/omni_robot/install/omni_gazebo/share/omni_gazebo/world/spare_room/room_test/model.config
-- Up-to-date: /home/lumen/workspace/humble_ws/src/omni_robot/install/omni_gazebo/share/omni_gazebo/world/spare_room/room_test/model.sdf
-- Up-to-date: /home/lumen/workspace/humble_ws/src/omni_robot/install/omni_gazebo/share/omni_gazebo/world/s322.world
-- Up-to-date: /home/lumen/workspace/humble_ws/src/omni_robot/install/omni_gazebo/share/omni_gazebo/world/simple.world
-- Up-to-date: /home/lumen/workspace/humble_ws/src/omni_robot/install/omni_gazebo/share/omni_gazebo/world/room.world
-- Up-to-date: /home/lumen/workspace/humble_ws/src/omni_robot/install/omni_gazebo/share/omni_gazebo/world/empty.world
-- Up-to-date: /home/lumen/workspace/humble_ws/src/omni_robot/install/omni_gazebo/share/omni_gazebo/launch
-- Up-to-date: /home/lumen/workspace/humble_ws/src/omni_robot/install/omni_gazebo/share/omni_gazebo/launch/gazebo.launch.py
-- Up-to-date: /home/lumen/workspace/humble_ws/src/omni_robot/install/omni_gazebo/share/omni_gazebo/launch/empty_world.launch.py
-- Up-to-date: /home/lumen/workspace/humble_ws/src/omni_robot/install/omni_gazebo/share/ament_index/resource_index/package_run_dependencies/omni_gazebo
-- Up-to-date: /home/lumen/workspace/humble_ws/src/omni_robot/install/omni_gazebo/share/ament_index/resource_index/parent_prefix_path/omni_gazebo
-- Up-to-date: /home/lumen/workspace/humble_ws/src/omni_robot/install/omni_gazebo/share/omni_gazebo/environment/ament_prefix_path.sh
-- Up-to-date: /home/lumen/workspace/humble_ws/src/omni_robot/install/omni_gazebo/share/omni_gazebo/environment/ament_prefix_path.dsv
-- Up-to-date: /home/lumen/workspace/humble_ws/src/omni_robot/install/omni_gazebo/share/omni_gazebo/environment/path.sh
-- Up-to-date: /home/lumen/workspace/humble_ws/src/omni_robot/install/omni_gazebo/share/omni_gazebo/environment/path.dsv
-- Up-to-date: /home/lumen/workspace/humble_ws/src/omni_robot/install/omni_gazebo/share/omni_gazebo/local_setup.bash
-- Up-to-date: /home/lumen/workspace/humble_ws/src/omni_robot/install/omni_gazebo/share/omni_gazebo/local_setup.sh
-- Up-to-date: /home/lumen/workspace/humble_ws/src/omni_robot/install/omni_gazebo/share/omni_gazebo/local_setup.zsh
-- Up-to-date: /home/lumen/workspace/humble_ws/src/omni_robot/install/omni_gazebo/share/omni_gazebo/local_setup.dsv
-- Up-to-date: /home/lumen/workspace/humble_ws/src/omni_robot/install/omni_gazebo/share/omni_gazebo/package.dsv
-- Up-to-date: /home/lumen/workspace/humble_ws/src/omni_robot/install/omni_gazebo/share/ament_index/resource_index/packages/omni_gazebo
-- Up-to-date: /home/lumen/workspace/humble_ws/src/omni_robot/install/omni_gazebo/share/omni_gazebo/cmake/omni_gazeboConfig.cmake
-- Up-to-date: /home/lumen/workspace/humble_ws/src/omni_robot/install/omni_gazebo/share/omni_gazebo/cmake/omni_gazeboConfig-version.cmake
-- Up-to-date: /home/lumen/workspace/humble_ws/src/omni_robot/install/omni_gazebo/share/omni_gazebo/package.xml
