[0.011s] Invoking command in '/home/lumen/workspace/humble_ws/src/omni_robot/build/omni_gazebo': CMAKE_PREFIX_PATH=${CMAKE_PREFIX_PATH}:/opt/ros/humble /usr/bin/cmake --build /home/lumen/workspace/humble_ws/src/omni_robot/build/omni_gazebo -- -j32 -l32
[0.037s] Invoked command in '/home/lumen/workspace/humble_ws/src/omni_robot/build/omni_gazebo' returned '0': CMAKE_PREFIX_PATH=${CMAKE_PREFIX_PATH}:/opt/ros/humble /usr/bin/cmake --build /home/lumen/workspace/humble_ws/src/omni_robot/build/omni_gazebo -- -j32 -l32
[0.058s] Invoking command in '/home/lumen/workspace/humble_ws/src/omni_robot/build/omni_gazebo': CMAKE_PREFIX_PATH=${CMAKE_PREFIX_PATH}:/opt/ros/humble /usr/bin/cmake --install /home/lumen/workspace/humble_ws/src/omni_robot/build/omni_gazebo
[0.063s] -- Install configuration: ""
[0.063s] -- Up-to-date: /home/lumen/workspace/humble_ws/src/omni_robot/install/omni_gazebo/share/omni_gazebo/config
[0.063s] -- Up-to-date: /home/lumen/workspace/humble_ws/src/omni_robot/install/omni_gazebo/share/omni_gazebo/config/rviz_config.rviz
[0.064s] -- Up-to-date: /home/lumen/workspace/humble_ws/src/omni_robot/install/omni_gazebo/share/omni_gazebo/meshes
[0.064s] -- Up-to-date: /home/lumen/workspace/humble_ws/src/omni_robot/install/omni_gazebo/share/omni_gazebo/meshes/roller.stl
[0.064s] -- Up-to-date: /home/lumen/workspace/humble_ws/src/omni_robot/install/omni_gazebo/share/omni_gazebo/meshes/tfs_1.bmp
[0.064s] -- Up-to-date: /home/lumen/workspace/humble_ws/src/omni_robot/install/omni_gazebo/share/omni_gazebo/meshes/chassis_agvs.stl
[0.064s] -- Up-to-date: /home/lumen/workspace/humble_ws/src/omni_robot/install/omni_gazebo/share/omni_gazebo/meshes/agvs_wheel.dae
[0.064s] -- Up-to-date: /home/lumen/workspace/humble_ws/src/omni_robot/install/omni_gazebo/share/omni_gazebo/meshes/agvs_wheel.stl
[0.064s] -- Up-to-date: /home/lumen/workspace/humble_ws/src/omni_robot/install/omni_gazebo/share/omni_gazebo/meshes/rgbd
[0.064s] -- Up-to-date: /home/lumen/workspace/humble_ws/src/omni_robot/install/omni_gazebo/share/omni_gazebo/meshes/rgbd/astra.jpg
[0.064s] -- Up-to-date: /home/lumen/workspace/humble_ws/src/omni_robot/install/omni_gazebo/share/omni_gazebo/meshes/rgbd/r200.jpg
[0.064s] -- Up-to-date: /home/lumen/workspace/humble_ws/src/omni_robot/install/omni_gazebo/share/omni_gazebo/meshes/rgbd/xtion_pro_camera.dae
[0.065s] -- Up-to-date: /home/lumen/workspace/humble_ws/src/omni_robot/install/omni_gazebo/share/omni_gazebo/meshes/rgbd/hokuyo.dae
[0.065s] -- Up-to-date: /home/lumen/workspace/humble_ws/src/omni_robot/install/omni_gazebo/share/omni_gazebo/meshes/rgbd/sensor_pole.dae
[0.065s] -- Up-to-date: /home/lumen/workspace/humble_ws/src/omni_robot/install/omni_gazebo/share/omni_gazebo/meshes/rgbd/kinect.dae
[0.065s] -- Up-to-date: /home/lumen/workspace/humble_ws/src/omni_robot/install/omni_gazebo/share/omni_gazebo/meshes/rgbd/r200.dae
[0.065s] -- Up-to-date: /home/lumen/workspace/humble_ws/src/omni_robot/install/omni_gazebo/share/omni_gazebo/meshes/rgbd/xtion_pro_stack.dae
[0.065s] -- Up-to-date: /home/lumen/workspace/humble_ws/src/omni_robot/install/omni_gazebo/share/omni_gazebo/meshes/rgbd/asus_xtion_pro_live.dae
[0.065s] -- Up-to-date: /home/lumen/workspace/humble_ws/src/omni_robot/install/omni_gazebo/share/omni_gazebo/meshes/rgbd/astra.dae
[0.065s] -- Up-to-date: /home/lumen/workspace/humble_ws/src/omni_robot/install/omni_gazebo/share/omni_gazebo/meshes/rgbd/0_xtion_pro.jpg
[0.065s] -- Up-to-date: /home/lumen/workspace/humble_ws/src/omni_robot/install/omni_gazebo/share/omni_gazebo/meshes/rgbd/xtion_pro_camera.jpg
[0.065s] -- Up-to-date: /home/lumen/workspace/humble_ws/src/omni_robot/install/omni_gazebo/share/omni_gazebo/meshes/rgbd/kinect.tga
[0.065s] -- Up-to-date: /home/lumen/workspace/humble_ws/src/omni_robot/install/omni_gazebo/share/omni_gazebo/meshes/rgbd/r200_bracket.stl
[0.065s] -- Up-to-date: /home/lumen/workspace/humble_ws/src/omni_robot/install/omni_gazebo/share/omni_gazebo/meshes/rgbd/kinect.jpg
[0.065s] -- Up-to-date: /home/lumen/workspace/humble_ws/src/omni_robot/install/omni_gazebo/share/omni_gazebo/meshes/rgbd/asus_xtion_pro_live.png
[0.066s] -- Up-to-date: /home/lumen/workspace/humble_ws/src/omni_robot/install/omni_gazebo/share/omni_gazebo/meshes/rgbd/r200_bracket_end.stl
[0.066s] -- Up-to-date: /home/lumen/workspace/humble_ws/src/omni_robot/install/omni_gazebo/share/omni_gazebo/meshes/rgbd/xtion_pro.jpg
[0.066s] -- Up-to-date: /home/lumen/workspace/humble_ws/src/omni_robot/install/omni_gazebo/share/omni_gazebo/meshes/chassis_agvs.dae
[0.066s] -- Up-to-date: /home/lumen/workspace/humble_ws/src/omni_robot/install/omni_gazebo/share/omni_gazebo/meshes/omniwheel.dae
[0.066s] -- Up-to-date: /home/lumen/workspace/humble_ws/src/omni_robot/install/omni_gazebo/share/omni_gazebo/meshes/side_wheel_agvs.stl
[0.066s] -- Up-to-date: /home/lumen/workspace/humble_ws/src/omni_robot/install/omni_gazebo/share/omni_gazebo/meshes/box.dae
[0.066s] -- Up-to-date: /home/lumen/workspace/humble_ws/src/omni_robot/install/omni_gazebo/share/omni_gazebo/meshes/base.stl
[0.066s] -- Up-to-date: /home/lumen/workspace/humble_ws/src/omni_robot/install/omni_gazebo/share/omni_gazebo/meshes/agvs_logos.stl
[0.066s] -- Up-to-date: /home/lumen/workspace/humble_ws/src/omni_robot/install/omni_gazebo/share/omni_gazebo/meshes/rplidar.dae
[0.066s] -- Up-to-date: /home/lumen/workspace/humble_ws/src/omni_robot/install/omni_gazebo/share/omni_gazebo/meshes/motor_wheel.stl
[0.066s] -- Up-to-date: /home/lumen/workspace/humble_ws/src/omni_robot/install/omni_gazebo/share/omni_gazebo/meshes/robot
[0.066s] -- Up-to-date: /home/lumen/workspace/humble_ws/src/omni_robot/install/omni_gazebo/share/omni_gazebo/meshes/robot/WheelDrive_degenerateDissolve_cleanUpGeometry002_centered.dae
[0.066s] -- Up-to-date: /home/lumen/workspace/humble_ws/src/omni_robot/install/omni_gazebo/share/omni_gazebo/meshes/robot/ExtendedAmiroOnly_degenerateDissolve_cleanUpGeometry005.dae
[0.066s] -- Up-to-date: /home/lumen/workspace/humble_ws/src/omni_robot/install/omni_gazebo/share/omni_gazebo/meshes/stacks
[0.066s] -- Up-to-date: /home/lumen/workspace/humble_ws/src/omni_robot/install/omni_gazebo/share/omni_gazebo/meshes/stacks/hexagons
[0.066s] -- Up-to-date: /home/lumen/workspace/humble_ws/src/omni_robot/install/omni_gazebo/share/omni_gazebo/meshes/stacks/hexagons/plate_middle.dae
[0.066s] -- Up-to-date: /home/lumen/workspace/humble_ws/src/omni_robot/install/omni_gazebo/share/omni_gazebo/meshes/stacks/hexagons/pole_middle.dae
[0.066s] -- Up-to-date: /home/lumen/workspace/humble_ws/src/omni_robot/install/omni_gazebo/share/omni_gazebo/meshes/stacks/hexagons/plate_top.dae
[0.066s] -- Up-to-date: /home/lumen/workspace/humble_ws/src/omni_robot/install/omni_gazebo/share/omni_gazebo/meshes/stacks/hexagons/pole_bottom.dae
[0.066s] -- Up-to-date: /home/lumen/workspace/humble_ws/src/omni_robot/install/omni_gazebo/share/omni_gazebo/meshes/stacks/hexagons/pole_kinect.dae
[0.067s] -- Up-to-date: /home/lumen/workspace/humble_ws/src/omni_robot/install/omni_gazebo/share/omni_gazebo/meshes/stacks/hexagons/plate_bottom.dae
[0.067s] -- Up-to-date: /home/lumen/workspace/humble_ws/src/omni_robot/install/omni_gazebo/share/omni_gazebo/meshes/stacks/hexagons/pole_top.dae
[0.067s] -- Up-to-date: /home/lumen/workspace/humble_ws/src/omni_robot/install/omni_gazebo/share/omni_gazebo/meshes/stacks/circles
[0.067s] -- Up-to-date: /home/lumen/workspace/humble_ws/src/omni_robot/install/omni_gazebo/share/omni_gazebo/meshes/stacks/circles/68-04552-1000-RA_Turtlebot_M-F_Standoff_color.png
[0.067s] -- Up-to-date: /home/lumen/workspace/humble_ws/src/omni_robot/install/omni_gazebo/share/omni_gazebo/meshes/stacks/circles/68-04552-1000-RA_Turtlebot_M-F_Standoff.dae
[0.067s] -- Up-to-date: /home/lumen/workspace/humble_ws/src/omni_robot/install/omni_gazebo/share/omni_gazebo/meshes/stacks/circles/plate_0_logo.tga
[0.067s] -- Up-to-date: /home/lumen/workspace/humble_ws/src/omni_robot/install/omni_gazebo/share/omni_gazebo/meshes/stacks/circles/68-04552-2000-RA_Turtlebot_M-F_Standoff.dae
[0.067s] -- Up-to-date: /home/lumen/workspace/humble_ws/src/omni_robot/install/omni_gazebo/share/omni_gazebo/meshes/stacks/circles/68-04552-2000-RA_Turtlebot_M-F_Standoff_color.png
[0.067s] -- Up-to-date: /home/lumen/workspace/humble_ws/src/omni_robot/install/omni_gazebo/share/omni_gazebo/meshes/stacks/circles/plate_1_logo.dae
[0.067s] -- Up-to-date: /home/lumen/workspace/humble_ws/src/omni_robot/install/omni_gazebo/share/omni_gazebo/meshes/stacks/circles/68-04556-RA_Kinect_Standoff_Assy.dae
[0.067s] -- Up-to-date: /home/lumen/workspace/humble_ws/src/omni_robot/install/omni_gazebo/share/omni_gazebo/meshes/stacks/circles/68-02421-8000-RA_Turtlebot_F-F_Standoff.dae
[0.067s] -- Up-to-date: /home/lumen/workspace/humble_ws/src/omni_robot/install/omni_gazebo/share/omni_gazebo/meshes/stacks/circles/plate_1_logo.tga
[0.067s] -- Up-to-date: /home/lumen/workspace/humble_ws/src/omni_robot/install/omni_gazebo/share/omni_gazebo/meshes/stacks/circles/plate_2_logo.tga
[0.067s] -- Up-to-date: /home/lumen/workspace/humble_ws/src/omni_robot/install/omni_gazebo/share/omni_gazebo/meshes/stacks/circles/68-04556-RA_Kinect_Standoff_Assy.3ds
[0.067s] -- Up-to-date: /home/lumen/workspace/humble_ws/src/omni_robot/install/omni_gazebo/share/omni_gazebo/meshes/stacks/circles/68-02403-125_Spacer.dae
[0.067s] -- Up-to-date: /home/lumen/workspace/humble_ws/src/omni_robot/install/omni_gazebo/share/omni_gazebo/meshes/stacks/circles/plate_0_logo.dae
[0.067s] -- Up-to-date: /home/lumen/workspace/humble_ws/src/omni_robot/install/omni_gazebo/share/omni_gazebo/meshes/stacks/circles/plate_2_logo.dae
[0.067s] -- Up-to-date: /home/lumen/workspace/humble_ws/src/omni_robot/install/omni_gazebo/share/omni_gazebo/meshes/stacks/circles/68-02421-8000-RA_Turtlebot_F-F_Standoff_color.png
[0.068s] -- Up-to-date: /home/lumen/workspace/humble_ws/src/omni_robot/install/omni_gazebo/share/omni_gazebo/meshes/agvs_top.stl
[0.068s] -- Up-to-date: /home/lumen/workspace/humble_ws/src/omni_robot/install/omni_gazebo/share/omni_gazebo/meshes/motor_wheel.dae
[0.068s] -- Up-to-date: /home/lumen/workspace/humble_ws/src/omni_robot/install/omni_gazebo/share/omni_gazebo/meshes/astra.dae
[0.068s] -- Up-to-date: /home/lumen/workspace/humble_ws/src/omni_robot/install/omni_gazebo/share/omni_gazebo/meshes/tfs_2.bmp
[0.068s] -- Up-to-date: /home/lumen/workspace/humble_ws/src/omni_robot/install/omni_gazebo/share/omni_gazebo/meshes/omni_wheel_2.dae
[0.068s] -- Up-to-date: /home/lumen/workspace/humble_ws/src/omni_robot/install/omni_gazebo/share/omni_gazebo/meshes/laser
[0.068s] -- Up-to-date: /home/lumen/workspace/humble_ws/src/omni_robot/install/omni_gazebo/share/omni_gazebo/meshes/laser/hokuyo.dae
[0.068s] -- Up-to-date: /home/lumen/workspace/humble_ws/src/omni_robot/install/omni_gazebo/share/omni_gazebo/meshes/omni_wheel_1.dae
[0.068s] -- Up-to-date: /home/lumen/workspace/humble_ws/src/omni_robot/install/omni_gazebo/share/omni_gazebo/meshes/rim.stl
[0.068s] -- Up-to-date: /home/lumen/workspace/humble_ws/src/omni_robot/install/omni_gazebo/share/omni_gazebo/meshes/agvs_logos.dae
[0.068s] -- Up-to-date: /home/lumen/workspace/humble_ws/src/omni_robot/install/omni_gazebo/share/omni_gazebo/meshes/agvs_top.dae
[0.068s] -- Up-to-date: /home/lumen/workspace/humble_ws/src/omni_robot/install/omni_gazebo/share/omni_gazebo/meshes/rim1.dae
[0.068s] -- Up-to-date: /home/lumen/workspace/humble_ws/src/omni_robot/install/omni_gazebo/share/omni_gazebo/meshes/upper.dae
[0.068s] -- Up-to-date: /home/lumen/workspace/humble_ws/src/omni_robot/install/omni_gazebo/share/omni_gazebo/meshes/sensors
[0.068s] -- Up-to-date: /home/lumen/workspace/humble_ws/src/omni_robot/install/omni_gazebo/share/omni_gazebo/meshes/sensors/astra.jpg
[0.068s] -- Up-to-date: /home/lumen/workspace/humble_ws/src/omni_robot/install/omni_gazebo/share/omni_gazebo/meshes/sensors/r200.jpg
[0.068s] -- Up-to-date: /home/lumen/workspace/humble_ws/src/omni_robot/install/omni_gazebo/share/omni_gazebo/meshes/sensors/xtion_pro_camera.dae
[0.068s] -- Up-to-date: /home/lumen/workspace/humble_ws/src/omni_robot/install/omni_gazebo/share/omni_gazebo/meshes/sensors/sensor_pole.dae
[0.068s] -- Up-to-date: /home/lumen/workspace/humble_ws/src/omni_robot/install/omni_gazebo/share/omni_gazebo/meshes/sensors/kinect.dae
[0.068s] -- Up-to-date: /home/lumen/workspace/humble_ws/src/omni_robot/install/omni_gazebo/share/omni_gazebo/meshes/sensors/r200.dae
[0.068s] -- Up-to-date: /home/lumen/workspace/humble_ws/src/omni_robot/install/omni_gazebo/share/omni_gazebo/meshes/sensors/xtion_pro_stack.dae
[0.068s] -- Up-to-date: /home/lumen/workspace/humble_ws/src/omni_robot/install/omni_gazebo/share/omni_gazebo/meshes/sensors/asus_xtion_pro_live.dae
[0.068s] -- Up-to-date: /home/lumen/workspace/humble_ws/src/omni_robot/install/omni_gazebo/share/omni_gazebo/meshes/sensors/astra.dae
[0.068s] -- Up-to-date: /home/lumen/workspace/humble_ws/src/omni_robot/install/omni_gazebo/share/omni_gazebo/meshes/sensors/0_xtion_pro.jpg
[0.068s] -- Up-to-date: /home/lumen/workspace/humble_ws/src/omni_robot/install/omni_gazebo/share/omni_gazebo/meshes/sensors/xtion_pro_camera.jpg
[0.068s] -- Up-to-date: /home/lumen/workspace/humble_ws/src/omni_robot/install/omni_gazebo/share/omni_gazebo/meshes/sensors/kinect.tga
[0.069s] -- Up-to-date: /home/lumen/workspace/humble_ws/src/omni_robot/install/omni_gazebo/share/omni_gazebo/meshes/sensors/r200_bracket.stl
[0.069s] -- Up-to-date: /home/lumen/workspace/humble_ws/src/omni_robot/install/omni_gazebo/share/omni_gazebo/meshes/sensors/kinect.jpg
[0.069s] -- Up-to-date: /home/lumen/workspace/humble_ws/src/omni_robot/install/omni_gazebo/share/omni_gazebo/meshes/sensors/asus_xtion_pro_live.png
[0.069s] -- Up-to-date: /home/lumen/workspace/humble_ws/src/omni_robot/install/omni_gazebo/share/omni_gazebo/meshes/sensors/r200_bracket_end.stl
[0.069s] -- Up-to-date: /home/lumen/workspace/humble_ws/src/omni_robot/install/omni_gazebo/share/omni_gazebo/meshes/sensors/xtion_pro.jpg
[0.069s] -- Up-to-date: /home/lumen/workspace/humble_ws/src/omni_robot/install/omni_gazebo/share/omni_gazebo/meshes/meshes
[0.069s] -- Up-to-date: /home/lumen/workspace/humble_ws/src/omni_robot/install/omni_gazebo/share/omni_gazebo/meshes/meshes/box.dae
[0.069s] -- Up-to-date: /home/lumen/workspace/humble_ws/src/omni_robot/install/omni_gazebo/share/omni_gazebo/meshes/meshes/rplidar.dae
[0.069s] -- Up-to-date: /home/lumen/workspace/humble_ws/src/omni_robot/install/omni_gazebo/share/omni_gazebo/meshes/meshes/astra.dae
[0.069s] -- Up-to-date: /home/lumen/workspace/humble_ws/src/omni_robot/install/omni_gazebo/share/omni_gazebo/meshes/meshes/upper.dae
[0.069s] -- Up-to-date: /home/lumen/workspace/humble_ws/src/omni_robot/install/omni_gazebo/share/omni_gazebo/meshes/meshes/wheel.dae
[0.069s] -- Up-to-date: /home/lumen/workspace/humble_ws/src/omni_robot/install/omni_gazebo/share/omni_gazebo/meshes/side_wheel_agvs.dae
[0.069s] -- Up-to-date: /home/lumen/workspace/humble_ws/src/omni_robot/install/omni_gazebo/share/omni_gazebo/meshes/rimfix.stl
[0.069s] -- Up-to-date: /home/lumen/workspace/humble_ws/src/omni_robot/install/omni_gazebo/share/omni_gazebo/meshes/wheel.dae
[0.069s] -- Up-to-date: /home/lumen/workspace/humble_ws/src/omni_robot/install/omni_gazebo/share/omni_gazebo/urdf
[0.069s] -- Up-to-date: /home/lumen/workspace/humble_ws/src/omni_robot/install/omni_gazebo/share/omni_gazebo/urdf/camera
[0.069s] -- Up-to-date: /home/lumen/workspace/humble_ws/src/omni_robot/install/omni_gazebo/share/omni_gazebo/urdf/camera/generic_rgbd.xacro
[0.070s] -- Up-to-date: /home/lumen/workspace/humble_ws/src/omni_robot/install/omni_gazebo/share/omni_gazebo/urdf/camera/camera.xacro
[0.070s] -- Up-to-date: /home/lumen/workspace/humble_ws/src/omni_robot/install/omni_gazebo/share/omni_gazebo/urdf/camera/astra.xacro
[0.070s] -- Up-to-date: /home/lumen/workspace/humble_ws/src/omni_robot/install/omni_gazebo/share/omni_gazebo/urdf/omni_robot.gazebo
[0.070s] -- Up-to-date: /home/lumen/workspace/humble_ws/src/omni_robot/install/omni_gazebo/share/omni_gazebo/urdf/laser
[0.070s] -- Up-to-date: /home/lumen/workspace/humble_ws/src/omni_robot/install/omni_gazebo/share/omni_gazebo/urdf/laser/hokuyo.xacro
[0.070s] -- Up-to-date: /home/lumen/workspace/humble_ws/src/omni_robot/install/omni_gazebo/share/omni_gazebo/urdf/laser/hokuyo_gpu.xacro
[0.070s] -- Up-to-date: /home/lumen/workspace/humble_ws/src/omni_robot/install/omni_gazebo/share/omni_gazebo/urdf/omni_robot.xacro
[0.070s] -- Up-to-date: /home/lumen/workspace/humble_ws/src/omni_robot/install/omni_gazebo/share/omni_gazebo/urdf/proximity
[0.070s] -- Up-to-date: /home/lumen/workspace/humble_ws/src/omni_robot/install/omni_gazebo/share/omni_gazebo/urdf/proximity/ring.xacro
[0.070s] -- Up-to-date: /home/lumen/workspace/humble_ws/src/omni_robot/install/omni_gazebo/share/omni_gazebo/urdf/proximity/floor.xacro
[0.070s] -- Up-to-date: /home/lumen/workspace/humble_ws/src/omni_robot/install/omni_gazebo/share/omni_gazebo/urdf/proximity/proximity.xacro
[0.070s] -- Up-to-date: /home/lumen/workspace/humble_ws/src/omni_robot/install/omni_gazebo/share/omni_gazebo/urdf/sensors
[0.070s] -- Up-to-date: /home/lumen/workspace/humble_ws/src/omni_robot/install/omni_gazebo/share/omni_gazebo/urdf/sensors/asus_xtion_pro.urdf.xacro
[0.070s] -- Up-to-date: /home/lumen/workspace/humble_ws/src/omni_robot/install/omni_gazebo/share/omni_gazebo/urdf/sensors/kinect.urdf.xacro
[0.070s] -- Up-to-date: /home/lumen/workspace/humble_ws/src/omni_robot/install/omni_gazebo/share/omni_gazebo/urdf/sensors/r200.urdf.xacro
[0.070s] -- Up-to-date: /home/lumen/workspace/humble_ws/src/omni_robot/install/omni_gazebo/share/omni_gazebo/urdf/sensors/laser_support.xacro
[0.070s] -- Up-to-date: /home/lumen/workspace/humble_ws/src/omni_robot/install/omni_gazebo/share/omni_gazebo/urdf/sensors/imu.xacro
[0.070s] -- Up-to-date: /home/lumen/workspace/humble_ws/src/omni_robot/install/omni_gazebo/share/omni_gazebo/urdf/sensors/inertial.xacro
[0.070s] -- Up-to-date: /home/lumen/workspace/humble_ws/src/omni_robot/install/omni_gazebo/share/omni_gazebo/urdf/sensors/astra.urdf.xacro
[0.070s] -- Up-to-date: /home/lumen/workspace/humble_ws/src/omni_robot/install/omni_gazebo/share/omni_gazebo/urdf/sensors/asus_xtion_pro_offset.urdf.xacro
[0.070s] -- Up-to-date: /home/lumen/workspace/humble_ws/src/omni_robot/install/omni_gazebo/share/omni_gazebo/world
[0.070s] -- Up-to-date: /home/lumen/workspace/humble_ws/src/omni_robot/install/omni_gazebo/share/omni_gazebo/world/line1.world
[0.070s] -- Installing: /home/lumen/workspace/humble_ws/src/omni_robot/install/omni_gazebo/share/omni_gazebo/world/line2_with_apriltag.world
[0.070s] -- Up-to-date: /home/lumen/workspace/humble_ws/src/omni_robot/install/omni_gazebo/share/omni_gazebo/world/jiandan.world
[0.070s] -- Up-to-date: /home/lumen/workspace/humble_ws/src/omni_robot/install/omni_gazebo/share/omni_gazebo/world/line2.world
[0.070s] -- Up-to-date: /home/lumen/workspace/humble_ws/src/omni_robot/install/omni_gazebo/share/omni_gazebo/world/spare_room
[0.070s] -- Up-to-date: /home/lumen/workspace/humble_ws/src/omni_robot/install/omni_gazebo/share/omni_gazebo/world/spare_room/simple
[0.070s] -- Up-to-date: /home/lumen/workspace/humble_ws/src/omni_robot/install/omni_gazebo/share/omni_gazebo/world/spare_room/simple/model.config
[0.070s] -- Up-to-date: /home/lumen/workspace/humble_ws/src/omni_robot/install/omni_gazebo/share/omni_gazebo/world/spare_room/simple/model.sdf
[0.070s] -- Up-to-date: /home/lumen/workspace/humble_ws/src/omni_robot/install/omni_gazebo/share/omni_gazebo/world/spare_room/room_test
[0.070s] -- Up-to-date: /home/lumen/workspace/humble_ws/src/omni_robot/install/omni_gazebo/share/omni_gazebo/world/spare_room/room_test/model.config
[0.070s] -- Up-to-date: /home/lumen/workspace/humble_ws/src/omni_robot/install/omni_gazebo/share/omni_gazebo/world/spare_room/room_test/model.sdf
[0.070s] -- Up-to-date: /home/lumen/workspace/humble_ws/src/omni_robot/install/omni_gazebo/share/omni_gazebo/world/s322.world
[0.070s] -- Up-to-date: /home/lumen/workspace/humble_ws/src/omni_robot/install/omni_gazebo/share/omni_gazebo/world/simple.world
[0.070s] -- Up-to-date: /home/lumen/workspace/humble_ws/src/omni_robot/install/omni_gazebo/share/omni_gazebo/world/room.world
[0.071s] -- Up-to-date: /home/lumen/workspace/humble_ws/src/omni_robot/install/omni_gazebo/share/omni_gazebo/world/empty.world
[0.071s] -- Up-to-date: /home/lumen/workspace/humble_ws/src/omni_robot/install/omni_gazebo/share/omni_gazebo/launch
[0.071s] -- Up-to-date: /home/lumen/workspace/humble_ws/src/omni_robot/install/omni_gazebo/share/omni_gazebo/launch/gazebo.launch.py
[0.071s] -- Up-to-date: /home/lumen/workspace/humble_ws/src/omni_robot/install/omni_gazebo/share/omni_gazebo/launch/empty_world.launch.py
[0.071s] -- Up-to-date: /home/lumen/workspace/humble_ws/src/omni_robot/install/omni_gazebo/share/ament_index/resource_index/package_run_dependencies/omni_gazebo
[0.071s] -- Up-to-date: /home/lumen/workspace/humble_ws/src/omni_robot/install/omni_gazebo/share/ament_index/resource_index/parent_prefix_path/omni_gazebo
[0.071s] -- Up-to-date: /home/lumen/workspace/humble_ws/src/omni_robot/install/omni_gazebo/share/omni_gazebo/environment/ament_prefix_path.sh
[0.071s] -- Up-to-date: /home/lumen/workspace/humble_ws/src/omni_robot/install/omni_gazebo/share/omni_gazebo/environment/ament_prefix_path.dsv
[0.071s] -- Up-to-date: /home/lumen/workspace/humble_ws/src/omni_robot/install/omni_gazebo/share/omni_gazebo/environment/path.sh
[0.071s] -- Up-to-date: /home/lumen/workspace/humble_ws/src/omni_robot/install/omni_gazebo/share/omni_gazebo/environment/path.dsv
[0.071s] -- Up-to-date: /home/lumen/workspace/humble_ws/src/omni_robot/install/omni_gazebo/share/omni_gazebo/local_setup.bash
[0.071s] -- Up-to-date: /home/lumen/workspace/humble_ws/src/omni_robot/install/omni_gazebo/share/omni_gazebo/local_setup.sh
[0.071s] -- Up-to-date: /home/lumen/workspace/humble_ws/src/omni_robot/install/omni_gazebo/share/omni_gazebo/local_setup.zsh
[0.071s] -- Up-to-date: /home/lumen/workspace/humble_ws/src/omni_robot/install/omni_gazebo/share/omni_gazebo/local_setup.dsv
[0.071s] -- Up-to-date: /home/lumen/workspace/humble_ws/src/omni_robot/install/omni_gazebo/share/omni_gazebo/package.dsv
[0.071s] -- Up-to-date: /home/lumen/workspace/humble_ws/src/omni_robot/install/omni_gazebo/share/ament_index/resource_index/packages/omni_gazebo
[0.071s] -- Up-to-date: /home/lumen/workspace/humble_ws/src/omni_robot/install/omni_gazebo/share/omni_gazebo/cmake/omni_gazeboConfig.cmake
[0.071s] -- Up-to-date: /home/lumen/workspace/humble_ws/src/omni_robot/install/omni_gazebo/share/omni_gazebo/cmake/omni_gazeboConfig-version.cmake
[0.071s] -- Up-to-date: /home/lumen/workspace/humble_ws/src/omni_robot/install/omni_gazebo/share/omni_gazebo/package.xml
[0.077s] Invoked command in '/home/lumen/workspace/humble_ws/src/omni_robot/build/omni_gazebo' returned '0': CMAKE_PREFIX_PATH=${CMAKE_PREFIX_PATH}:/opt/ros/humble /usr/bin/cmake --install /home/lumen/workspace/humble_ws/src/omni_robot/build/omni_gazebo
