[0.009s] Invoking command in '/home/lumen/workspace/humble_ws/src/omni_robot/build/uline_patrol_msgs': CMAKE_PREFIX_PATH=${CMAKE_PREFIX_PATH}:/opt/ros/humble /usr/bin/cmake /home/lumen/workspace/humble_ws/src/omni_robot/uline_patrol_msgs -DCMAKE_INSTALL_PREFIX=/home/lumen/workspace/humble_ws/src/omni_robot/install/uline_patrol_msgs
[0.041s] -- The C compiler identification is GNU 11.4.0
[0.073s] -- The CXX compiler identification is GNU 11.4.0
[0.077s] -- Detecting C compiler ABI info
[0.120s] -- Detecting C compiler ABI info - done
[0.123s] -- Check for working C compiler: /usr/bin/cc - skipped
[0.123s] -- Detecting C compile features
[0.124s] -- Detecting C compile features - done
[0.125s] -- Detecting CXX compiler ABI info
[0.175s] -- Detecting CXX compiler ABI info - done
[0.179s] -- Check for working CXX compiler: /usr/bin/c++ - skipped
[0.179s] -- Detecting CXX compile features
[0.180s] -- Detecting CXX compile features - done
[0.181s] -- Found ament_cmake: 1.3.10 (/opt/ros/humble/share/ament_cmake/cmake)
[0.265s] -- Found Python3: /usr/bin/python3 (found version "3.10.12") found components: Interpreter 
[0.311s] -- Found std_msgs: 4.2.4 (/opt/ros/humble/share/std_msgs/cmake)
[0.332s] -- Found rosidl_generator_c: 3.1.5 (/opt/ros/humble/share/rosidl_generator_c/cmake)
[0.334s] -- Found rosidl_adapter: 3.1.5 (/opt/ros/humble/share/rosidl_adapter/cmake)
[0.339s] -- Found rosidl_generator_cpp: 3.1.5 (/opt/ros/humble/share/rosidl_generator_cpp/cmake)
[0.346s] -- Using all available rosidl_typesupport_c: rosidl_typesupport_fastrtps_c;rosidl_typesupport_introspection_c
[0.355s] -- Using all available rosidl_typesupport_cpp: rosidl_typesupport_fastrtps_cpp;rosidl_typesupport_introspection_cpp
[0.369s] -- Found rosidl_default_generators: 1.2.0 (/opt/ros/humble/share/rosidl_default_generators/cmake)
[0.545s] -- Found ament_cmake_ros: 0.10.0 (/opt/ros/humble/share/ament_cmake_ros/cmake)
[0.757s] -- Using all available rosidl_typesupport_c: rosidl_typesupport_fastrtps_c;rosidl_typesupport_introspection_c
[0.837s] -- Using all available rosidl_typesupport_cpp: rosidl_typesupport_fastrtps_cpp;rosidl_typesupport_introspection_cpp
[0.849s] -- Found PythonInterp: /usr/bin/python3 (found suitable version "3.10.12", minimum required is "3.6") 
[0.850s] -- Found python_cmake_module: 0.10.0 (/opt/ros/humble/share/python_cmake_module/cmake)
[0.864s] -- Found PythonLibs: /usr/lib/x86_64-linux-gnu/libpython3.10.so (found suitable version "3.10.12", minimum required is "3.5") 
[0.864s] -- Using PYTHON_EXECUTABLE: /usr/bin/python3
[0.864s] -- Using PYTHON_INCLUDE_DIRS: /usr/include/python3.10
[0.864s] -- Using PYTHON_LIBRARIES: /usr/lib/x86_64-linux-gnu/libpython3.10.so
[0.876s] -- Found PythonExtra: .so  
[0.907s] -- Configuring done
[0.928s] -- Generating done
[0.930s] -- Build files have been written to: /home/lumen/workspace/humble_ws/src/omni_robot/build/uline_patrol_msgs
[0.936s] Invoked command in '/home/lumen/workspace/humble_ws/src/omni_robot/build/uline_patrol_msgs' returned '0': CMAKE_PREFIX_PATH=${CMAKE_PREFIX_PATH}:/opt/ros/humble /usr/bin/cmake /home/lumen/workspace/humble_ws/src/omni_robot/uline_patrol_msgs -DCMAKE_INSTALL_PREFIX=/home/lumen/workspace/humble_ws/src/omni_robot/install/uline_patrol_msgs
[0.938s] Invoking command in '/home/lumen/workspace/humble_ws/src/omni_robot/build/uline_patrol_msgs': CMAKE_PREFIX_PATH=${CMAKE_PREFIX_PATH}:/opt/ros/humble /usr/bin/cmake --build /home/lumen/workspace/humble_ws/src/omni_robot/build/uline_patrol_msgs -- -j32 -l32
[0.964s] [  2%] [34m[1mGenerating C code for ROS interfaces[0m
[0.971s] [  5%] [34m[1mGenerating C++ code for ROS interfaces[0m
[0.976s] [  5%] Built target ament_cmake_python_copy_uline_patrol_msgs
[1.096s] running egg_info
[1.096s] creating uline_patrol_msgs.egg-info
[1.097s] writing uline_patrol_msgs.egg-info/PKG-INFO
[1.097s] writing dependency_links to uline_patrol_msgs.egg-info/dependency_links.txt
[1.097s] writing top-level names to uline_patrol_msgs.egg-info/top_level.txt
[1.097s] writing manifest file 'uline_patrol_msgs.egg-info/SOURCES.txt'
[1.098s] reading manifest file 'uline_patrol_msgs.egg-info/SOURCES.txt'
[1.098s] writing manifest file 'uline_patrol_msgs.egg-info/SOURCES.txt'
[1.113s] [  5%] Built target ament_cmake_python_build_uline_patrol_msgs_egg
[1.228s] [  5%] Built target uline_patrol_msgs__cpp
[1.234s] [  7%] [34m[1mGenerating C++ type support dispatch for ROS interfaces[0m
[1.234s] [ 10%] [34m[1mGenerating C++ type support for eProsima Fast-RTPS[0m
[1.234s] [ 12%] [34m[1mGenerating C++ introspection for ROS interfaces[0m
[1.239s] [ 15%] [32mBuilding C object CMakeFiles/uline_patrol_msgs__rosidl_generator_c.dir/rosidl_generator_c/uline_patrol_msgs/srv/detail/uline_patrol_command__functions.c.o[0m
[1.239s] [ 17%] [32mBuilding C object CMakeFiles/uline_patrol_msgs__rosidl_generator_c.dir/rosidl_generator_c/uline_patrol_msgs/action/detail/uline_patrol_command__functions.c.o[0m
[1.313s] [ 20%] [32m[1mLinking C shared library libuline_patrol_msgs__rosidl_generator_c.so[0m
[1.338s] [ 20%] Built target uline_patrol_msgs__rosidl_generator_c
[1.345s] [ 25%] [34m[1mGenerating C introspection for ROS interfaces[0m
[1.345s] [ 25%] [34m[1mGenerating C type support dispatch for ROS interfaces[0m
[1.346s] [ 28%] [34m[1mGenerating C type support for eProsima Fast-RTPS[0m
[1.414s] [ 30%] [32mBuilding CXX object CMakeFiles/uline_patrol_msgs__rosidl_typesupport_cpp.dir/rosidl_typesupport_cpp/uline_patrol_msgs/action/uline_patrol_command__type_support.cpp.o[0m
[1.414s] [ 33%] [32mBuilding CXX object CMakeFiles/uline_patrol_msgs__rosidl_typesupport_cpp.dir/rosidl_typesupport_cpp/uline_patrol_msgs/srv/uline_patrol_command__type_support.cpp.o[0m
[1.442s] [ 35%] [32mBuilding CXX object CMakeFiles/uline_patrol_msgs__rosidl_typesupport_introspection_cpp.dir/rosidl_typesupport_introspection_cpp/uline_patrol_msgs/srv/detail/uline_patrol_command__type_support.cpp.o[0m
[1.442s] [ 38%] [32mBuilding CXX object CMakeFiles/uline_patrol_msgs__rosidl_typesupport_introspection_cpp.dir/rosidl_typesupport_introspection_cpp/uline_patrol_msgs/action/detail/uline_patrol_command__type_support.cpp.o[0m
[1.482s] [ 41%] [32mBuilding CXX object CMakeFiles/uline_patrol_msgs__rosidl_typesupport_fastrtps_cpp.dir/rosidl_typesupport_fastrtps_cpp/uline_patrol_msgs/srv/detail/dds_fastrtps/uline_patrol_command__type_support.cpp.o[0m
[1.482s] [ 43%] [32mBuilding CXX object CMakeFiles/uline_patrol_msgs__rosidl_typesupport_fastrtps_cpp.dir/rosidl_typesupport_fastrtps_cpp/uline_patrol_msgs/action/detail/dds_fastrtps/uline_patrol_command__type_support.cpp.o[0m
[1.527s] [ 48%] [32mBuilding CXX object CMakeFiles/uline_patrol_msgs__rosidl_typesupport_c.dir/rosidl_typesupport_c/uline_patrol_msgs/srv/uline_patrol_command__type_support.cpp.o[0m
[1.527s] [ 48%] [32mBuilding CXX object CMakeFiles/uline_patrol_msgs__rosidl_typesupport_c.dir/rosidl_typesupport_c/uline_patrol_msgs/action/uline_patrol_command__type_support.cpp.o[0m
[1.559s] [ 51%] [32m[1mLinking CXX shared library libuline_patrol_msgs__rosidl_typesupport_c.so[0m
[1.574s] [ 56%] [32mBuilding C object CMakeFiles/uline_patrol_msgs__rosidl_typesupport_introspection_c.dir/rosidl_typesupport_introspection_c/uline_patrol_msgs/srv/detail/uline_patrol_command__type_support.c.o[0m
[1.575s] [ 56%] [32mBuilding C object CMakeFiles/uline_patrol_msgs__rosidl_typesupport_introspection_c.dir/rosidl_typesupport_introspection_c/uline_patrol_msgs/action/detail/uline_patrol_command__type_support.c.o[0m
[1.583s] [ 58%] [32mBuilding CXX object CMakeFiles/uline_patrol_msgs__rosidl_typesupport_fastrtps_c.dir/rosidl_typesupport_fastrtps_c/uline_patrol_msgs/srv/detail/uline_patrol_command__type_support_c.cpp.o[0m
[1.584s] [ 61%] [32mBuilding CXX object CMakeFiles/uline_patrol_msgs__rosidl_typesupport_fastrtps_c.dir/rosidl_typesupport_fastrtps_c/uline_patrol_msgs/action/detail/uline_patrol_command__type_support_c.cpp.o[0m
[1.588s] [ 61%] Built target uline_patrol_msgs__rosidl_typesupport_c
[1.606s] [ 64%] [32m[1mLinking C shared library libuline_patrol_msgs__rosidl_typesupport_introspection_c.so[0m
[1.628s] [ 64%] Built target uline_patrol_msgs__rosidl_typesupport_introspection_c
[1.657s] [ 66%] [32m[1mLinking CXX shared library libuline_patrol_msgs__rosidl_typesupport_cpp.so[0m
[1.685s] [ 66%] Built target uline_patrol_msgs__rosidl_typesupport_cpp
[1.754s] [ 69%] [32m[1mLinking CXX shared library libuline_patrol_msgs__rosidl_typesupport_introspection_cpp.so[0m
[1.784s] [ 71%] [32m[1mLinking CXX shared library libuline_patrol_msgs__rosidl_typesupport_fastrtps_cpp.so[0m
[1.791s] [ 74%] [32m[1mLinking CXX shared library libuline_patrol_msgs__rosidl_typesupport_fastrtps_c.so[0m
[1.797s] [ 74%] Built target uline_patrol_msgs__rosidl_typesupport_introspection_cpp
[1.831s] [ 74%] Built target uline_patrol_msgs__rosidl_typesupport_fastrtps_cpp
[1.837s] [ 74%] Built target uline_patrol_msgs__rosidl_typesupport_fastrtps_c
[1.849s] [ 74%] Built target uline_patrol_msgs
[1.860s] [ 76%] [34m[1mGenerating Python code for ROS interfaces[0m
[2.296s] [ 76%] Built target uline_patrol_msgs__py
[2.307s] [ 79%] [32mBuilding C object CMakeFiles/uline_patrol_msgs__rosidl_generator_py.dir/rosidl_generator_py/uline_patrol_msgs/srv/_uline_patrol_command_s.c.o[0m
[2.307s] [ 82%] [32mBuilding C object CMakeFiles/uline_patrol_msgs__rosidl_generator_py.dir/rosidl_generator_py/uline_patrol_msgs/action/_uline_patrol_command_s.c.o[0m
[2.386s] [ 84%] [32m[1mLinking C shared library rosidl_generator_py/uline_patrol_msgs/libuline_patrol_msgs__rosidl_generator_py.so[0m
[2.415s] [ 84%] Built target uline_patrol_msgs__rosidl_generator_py
[2.429s] [ 89%] [32mBuilding C object CMakeFiles/uline_patrol_msgs__rosidl_typesupport_fastrtps_c__pyext.dir/rosidl_generator_py/uline_patrol_msgs/_uline_patrol_msgs_s.ep.rosidl_typesupport_fastrtps_c.c.o[0m
[2.429s] [ 89%] [32mBuilding C object CMakeFiles/uline_patrol_msgs__rosidl_typesupport_introspection_c__pyext.dir/rosidl_generator_py/uline_patrol_msgs/_uline_patrol_msgs_s.ep.rosidl_typesupport_introspection_c.c.o[0m
[2.431s] [ 92%] [32mBuilding C object CMakeFiles/uline_patrol_msgs__rosidl_typesupport_c__pyext.dir/rosidl_generator_py/uline_patrol_msgs/_uline_patrol_msgs_s.ep.rosidl_typesupport_c.c.o[0m
[2.501s] [ 94%] [32m[1mLinking C shared library rosidl_generator_py/uline_patrol_msgs/uline_patrol_msgs_s__rosidl_typesupport_introspection_c.cpython-310-x86_64-linux-gnu.so[0m
[2.502s] [ 97%] [32m[1mLinking C shared library rosidl_generator_py/uline_patrol_msgs/uline_patrol_msgs_s__rosidl_typesupport_fastrtps_c.cpython-310-x86_64-linux-gnu.so[0m
[2.506s] [100%] [32m[1mLinking C shared library rosidl_generator_py/uline_patrol_msgs/uline_patrol_msgs_s__rosidl_typesupport_c.cpython-310-x86_64-linux-gnu.so[0m
[2.526s] [100%] Built target uline_patrol_msgs__rosidl_typesupport_introspection_c__pyext
[2.526s] [100%] Built target uline_patrol_msgs__rosidl_typesupport_fastrtps_c__pyext
[2.531s] [100%] Built target uline_patrol_msgs__rosidl_typesupport_c__pyext
[2.539s] Invoked command in '/home/lumen/workspace/humble_ws/src/omni_robot/build/uline_patrol_msgs' returned '0': CMAKE_PREFIX_PATH=${CMAKE_PREFIX_PATH}:/opt/ros/humble /usr/bin/cmake --build /home/lumen/workspace/humble_ws/src/omni_robot/build/uline_patrol_msgs -- -j32 -l32
[2.591s] Invoking command in '/home/lumen/workspace/humble_ws/src/omni_robot/build/uline_patrol_msgs': CMAKE_PREFIX_PATH=${CMAKE_PREFIX_PATH}:/opt/ros/humble /usr/bin/cmake --install /home/lumen/workspace/humble_ws/src/omni_robot/build/uline_patrol_msgs
[2.597s] -- Install configuration: ""
[2.597s] -- Installing: /home/lumen/workspace/humble_ws/src/omni_robot/install/uline_patrol_msgs/share/ament_index/resource_index/rosidl_interfaces/uline_patrol_msgs
[2.597s] -- Installing: /home/lumen/workspace/humble_ws/src/omni_robot/install/uline_patrol_msgs/include/uline_patrol_msgs/uline_patrol_msgs
[2.597s] -- Installing: /home/lumen/workspace/humble_ws/src/omni_robot/install/uline_patrol_msgs/include/uline_patrol_msgs/uline_patrol_msgs/action
[2.597s] -- Installing: /home/lumen/workspace/humble_ws/src/omni_robot/install/uline_patrol_msgs/include/uline_patrol_msgs/uline_patrol_msgs/action/detail
[2.597s] -- Installing: /home/lumen/workspace/humble_ws/src/omni_robot/install/uline_patrol_msgs/include/uline_patrol_msgs/uline_patrol_msgs/action/detail/uline_patrol_command__functions.h
[2.598s] -- Installing: /home/lumen/workspace/humble_ws/src/omni_robot/install/uline_patrol_msgs/include/uline_patrol_msgs/uline_patrol_msgs/action/detail/uline_patrol_command__functions.c
[2.598s] -- Installing: /home/lumen/workspace/humble_ws/src/omni_robot/install/uline_patrol_msgs/include/uline_patrol_msgs/uline_patrol_msgs/action/detail/uline_patrol_command__type_support.h
[2.598s] -- Installing: /home/lumen/workspace/humble_ws/src/omni_robot/install/uline_patrol_msgs/include/uline_patrol_msgs/uline_patrol_msgs/action/detail/uline_patrol_command__struct.h
[2.598s] -- Installing: /home/lumen/workspace/humble_ws/src/omni_robot/install/uline_patrol_msgs/include/uline_patrol_msgs/uline_patrol_msgs/action/uline_patrol_command.h
[2.598s] -- Installing: /home/lumen/workspace/humble_ws/src/omni_robot/install/uline_patrol_msgs/include/uline_patrol_msgs/uline_patrol_msgs/msg
[2.598s] -- Installing: /home/lumen/workspace/humble_ws/src/omni_robot/install/uline_patrol_msgs/include/uline_patrol_msgs/uline_patrol_msgs/msg/rosidl_generator_c__visibility_control.h
[2.598s] -- Installing: /home/lumen/workspace/humble_ws/src/omni_robot/install/uline_patrol_msgs/include/uline_patrol_msgs/uline_patrol_msgs/srv
[2.598s] -- Installing: /home/lumen/workspace/humble_ws/src/omni_robot/install/uline_patrol_msgs/include/uline_patrol_msgs/uline_patrol_msgs/srv/detail
[2.598s] -- Installing: /home/lumen/workspace/humble_ws/src/omni_robot/install/uline_patrol_msgs/include/uline_patrol_msgs/uline_patrol_msgs/srv/detail/uline_patrol_command__functions.h
[2.598s] -- Installing: /home/lumen/workspace/humble_ws/src/omni_robot/install/uline_patrol_msgs/include/uline_patrol_msgs/uline_patrol_msgs/srv/detail/uline_patrol_command__functions.c
[2.598s] -- Installing: /home/lumen/workspace/humble_ws/src/omni_robot/install/uline_patrol_msgs/include/uline_patrol_msgs/uline_patrol_msgs/srv/detail/uline_patrol_command__type_support.h
[2.599s] -- Installing: /home/lumen/workspace/humble_ws/src/omni_robot/install/uline_patrol_msgs/include/uline_patrol_msgs/uline_patrol_msgs/srv/detail/uline_patrol_command__struct.h
[2.599s] -- Installing: /home/lumen/workspace/humble_ws/src/omni_robot/install/uline_patrol_msgs/include/uline_patrol_msgs/uline_patrol_msgs/srv/uline_patrol_command.h
[2.599s] -- Installing: /home/lumen/workspace/humble_ws/src/omni_robot/install/uline_patrol_msgs/share/uline_patrol_msgs/environment/library_path.sh
[2.599s] -- Installing: /home/lumen/workspace/humble_ws/src/omni_robot/install/uline_patrol_msgs/share/uline_patrol_msgs/environment/library_path.dsv
[2.599s] -- Installing: /home/lumen/workspace/humble_ws/src/omni_robot/install/uline_patrol_msgs/lib/libuline_patrol_msgs__rosidl_generator_c.so
[2.599s] -- Set runtime path of "/home/lumen/workspace/humble_ws/src/omni_robot/install/uline_patrol_msgs/lib/libuline_patrol_msgs__rosidl_generator_c.so" to ""
[2.599s] -- Up-to-date: /home/lumen/workspace/humble_ws/src/omni_robot/install/uline_patrol_msgs/include/uline_patrol_msgs/uline_patrol_msgs
[2.599s] -- Up-to-date: /home/lumen/workspace/humble_ws/src/omni_robot/install/uline_patrol_msgs/include/uline_patrol_msgs/uline_patrol_msgs/action
[2.599s] -- Up-to-date: /home/lumen/workspace/humble_ws/src/omni_robot/install/uline_patrol_msgs/include/uline_patrol_msgs/uline_patrol_msgs/action/detail
[2.600s] -- Installing: /home/lumen/workspace/humble_ws/src/omni_robot/install/uline_patrol_msgs/include/uline_patrol_msgs/uline_patrol_msgs/action/detail/uline_patrol_command__rosidl_typesupport_fastrtps_c.h
[2.600s] -- Up-to-date: /home/lumen/workspace/humble_ws/src/omni_robot/install/uline_patrol_msgs/include/uline_patrol_msgs/uline_patrol_msgs/msg
[2.600s] -- Installing: /home/lumen/workspace/humble_ws/src/omni_robot/install/uline_patrol_msgs/include/uline_patrol_msgs/uline_patrol_msgs/msg/rosidl_typesupport_fastrtps_c__visibility_control.h
[2.600s] -- Up-to-date: /home/lumen/workspace/humble_ws/src/omni_robot/install/uline_patrol_msgs/include/uline_patrol_msgs/uline_patrol_msgs/srv
[2.600s] -- Up-to-date: /home/lumen/workspace/humble_ws/src/omni_robot/install/uline_patrol_msgs/include/uline_patrol_msgs/uline_patrol_msgs/srv/detail
[2.600s] -- Installing: /home/lumen/workspace/humble_ws/src/omni_robot/install/uline_patrol_msgs/include/uline_patrol_msgs/uline_patrol_msgs/srv/detail/uline_patrol_command__rosidl_typesupport_fastrtps_c.h
[2.600s] -- Installing: /home/lumen/workspace/humble_ws/src/omni_robot/install/uline_patrol_msgs/lib/libuline_patrol_msgs__rosidl_typesupport_fastrtps_c.so
[2.600s] -- Set runtime path of "/home/lumen/workspace/humble_ws/src/omni_robot/install/uline_patrol_msgs/lib/libuline_patrol_msgs__rosidl_typesupport_fastrtps_c.so" to ""
[2.600s] -- Up-to-date: /home/lumen/workspace/humble_ws/src/omni_robot/install/uline_patrol_msgs/include/uline_patrol_msgs/uline_patrol_msgs
[2.600s] -- Up-to-date: /home/lumen/workspace/humble_ws/src/omni_robot/install/uline_patrol_msgs/include/uline_patrol_msgs/uline_patrol_msgs/action
[2.600s] -- Up-to-date: /home/lumen/workspace/humble_ws/src/omni_robot/install/uline_patrol_msgs/include/uline_patrol_msgs/uline_patrol_msgs/action/detail
[2.600s] -- Installing: /home/lumen/workspace/humble_ws/src/omni_robot/install/uline_patrol_msgs/include/uline_patrol_msgs/uline_patrol_msgs/action/detail/uline_patrol_command__builder.hpp
[2.600s] -- Installing: /home/lumen/workspace/humble_ws/src/omni_robot/install/uline_patrol_msgs/include/uline_patrol_msgs/uline_patrol_msgs/action/detail/uline_patrol_command__struct.hpp
[2.600s] -- Installing: /home/lumen/workspace/humble_ws/src/omni_robot/install/uline_patrol_msgs/include/uline_patrol_msgs/uline_patrol_msgs/action/detail/uline_patrol_command__traits.hpp
[2.600s] -- Installing: /home/lumen/workspace/humble_ws/src/omni_robot/install/uline_patrol_msgs/include/uline_patrol_msgs/uline_patrol_msgs/action/uline_patrol_command.hpp
[2.601s] -- Up-to-date: /home/lumen/workspace/humble_ws/src/omni_robot/install/uline_patrol_msgs/include/uline_patrol_msgs/uline_patrol_msgs/srv
[2.601s] -- Up-to-date: /home/lumen/workspace/humble_ws/src/omni_robot/install/uline_patrol_msgs/include/uline_patrol_msgs/uline_patrol_msgs/srv/detail
[2.601s] -- Installing: /home/lumen/workspace/humble_ws/src/omni_robot/install/uline_patrol_msgs/include/uline_patrol_msgs/uline_patrol_msgs/srv/detail/uline_patrol_command__builder.hpp
[2.601s] -- Installing: /home/lumen/workspace/humble_ws/src/omni_robot/install/uline_patrol_msgs/include/uline_patrol_msgs/uline_patrol_msgs/srv/detail/uline_patrol_command__struct.hpp
[2.601s] -- Installing: /home/lumen/workspace/humble_ws/src/omni_robot/install/uline_patrol_msgs/include/uline_patrol_msgs/uline_patrol_msgs/srv/detail/uline_patrol_command__traits.hpp
[2.601s] -- Installing: /home/lumen/workspace/humble_ws/src/omni_robot/install/uline_patrol_msgs/include/uline_patrol_msgs/uline_patrol_msgs/srv/uline_patrol_command.hpp
[2.601s] -- Up-to-date: /home/lumen/workspace/humble_ws/src/omni_robot/install/uline_patrol_msgs/include/uline_patrol_msgs/uline_patrol_msgs
[2.601s] -- Up-to-date: /home/lumen/workspace/humble_ws/src/omni_robot/install/uline_patrol_msgs/include/uline_patrol_msgs/uline_patrol_msgs/action
[2.601s] -- Up-to-date: /home/lumen/workspace/humble_ws/src/omni_robot/install/uline_patrol_msgs/include/uline_patrol_msgs/uline_patrol_msgs/action/detail
[2.601s] -- Installing: /home/lumen/workspace/humble_ws/src/omni_robot/install/uline_patrol_msgs/include/uline_patrol_msgs/uline_patrol_msgs/action/detail/dds_fastrtps
[2.601s] -- Installing: /home/lumen/workspace/humble_ws/src/omni_robot/install/uline_patrol_msgs/include/uline_patrol_msgs/uline_patrol_msgs/action/detail/uline_patrol_command__rosidl_typesupport_fastrtps_cpp.hpp
[2.601s] -- Up-to-date: /home/lumen/workspace/humble_ws/src/omni_robot/install/uline_patrol_msgs/include/uline_patrol_msgs/uline_patrol_msgs/msg
[2.601s] -- Installing: /home/lumen/workspace/humble_ws/src/omni_robot/install/uline_patrol_msgs/include/uline_patrol_msgs/uline_patrol_msgs/msg/rosidl_typesupport_fastrtps_cpp__visibility_control.h
[2.601s] -- Up-to-date: /home/lumen/workspace/humble_ws/src/omni_robot/install/uline_patrol_msgs/include/uline_patrol_msgs/uline_patrol_msgs/srv
[2.601s] -- Up-to-date: /home/lumen/workspace/humble_ws/src/omni_robot/install/uline_patrol_msgs/include/uline_patrol_msgs/uline_patrol_msgs/srv/detail
[2.601s] -- Installing: /home/lumen/workspace/humble_ws/src/omni_robot/install/uline_patrol_msgs/include/uline_patrol_msgs/uline_patrol_msgs/srv/detail/dds_fastrtps
[2.601s] -- Installing: /home/lumen/workspace/humble_ws/src/omni_robot/install/uline_patrol_msgs/include/uline_patrol_msgs/uline_patrol_msgs/srv/detail/uline_patrol_command__rosidl_typesupport_fastrtps_cpp.hpp
[2.601s] -- Installing: /home/lumen/workspace/humble_ws/src/omni_robot/install/uline_patrol_msgs/lib/libuline_patrol_msgs__rosidl_typesupport_fastrtps_cpp.so
[2.602s] -- Set runtime path of "/home/lumen/workspace/humble_ws/src/omni_robot/install/uline_patrol_msgs/lib/libuline_patrol_msgs__rosidl_typesupport_fastrtps_cpp.so" to ""
[2.602s] -- Up-to-date: /home/lumen/workspace/humble_ws/src/omni_robot/install/uline_patrol_msgs/include/uline_patrol_msgs/uline_patrol_msgs
[2.602s] -- Up-to-date: /home/lumen/workspace/humble_ws/src/omni_robot/install/uline_patrol_msgs/include/uline_patrol_msgs/uline_patrol_msgs/action
[2.602s] -- Up-to-date: /home/lumen/workspace/humble_ws/src/omni_robot/install/uline_patrol_msgs/include/uline_patrol_msgs/uline_patrol_msgs/action/detail
[2.602s] -- Installing: /home/lumen/workspace/humble_ws/src/omni_robot/install/uline_patrol_msgs/include/uline_patrol_msgs/uline_patrol_msgs/action/detail/uline_patrol_command__type_support.c
[2.602s] -- Installing: /home/lumen/workspace/humble_ws/src/omni_robot/install/uline_patrol_msgs/include/uline_patrol_msgs/uline_patrol_msgs/action/detail/uline_patrol_command__rosidl_typesupport_introspection_c.h
[2.602s] -- Up-to-date: /home/lumen/workspace/humble_ws/src/omni_robot/install/uline_patrol_msgs/include/uline_patrol_msgs/uline_patrol_msgs/msg
[2.602s] -- Installing: /home/lumen/workspace/humble_ws/src/omni_robot/install/uline_patrol_msgs/include/uline_patrol_msgs/uline_patrol_msgs/msg/rosidl_typesupport_introspection_c__visibility_control.h
[2.602s] -- Up-to-date: /home/lumen/workspace/humble_ws/src/omni_robot/install/uline_patrol_msgs/include/uline_patrol_msgs/uline_patrol_msgs/srv
[2.602s] -- Up-to-date: /home/lumen/workspace/humble_ws/src/omni_robot/install/uline_patrol_msgs/include/uline_patrol_msgs/uline_patrol_msgs/srv/detail
[2.602s] -- Installing: /home/lumen/workspace/humble_ws/src/omni_robot/install/uline_patrol_msgs/include/uline_patrol_msgs/uline_patrol_msgs/srv/detail/uline_patrol_command__type_support.c
[2.602s] -- Installing: /home/lumen/workspace/humble_ws/src/omni_robot/install/uline_patrol_msgs/include/uline_patrol_msgs/uline_patrol_msgs/srv/detail/uline_patrol_command__rosidl_typesupport_introspection_c.h
[2.603s] -- Installing: /home/lumen/workspace/humble_ws/src/omni_robot/install/uline_patrol_msgs/lib/libuline_patrol_msgs__rosidl_typesupport_introspection_c.so
[2.603s] -- Set runtime path of "/home/lumen/workspace/humble_ws/src/omni_robot/install/uline_patrol_msgs/lib/libuline_patrol_msgs__rosidl_typesupport_introspection_c.so" to ""
[2.603s] -- Installing: /home/lumen/workspace/humble_ws/src/omni_robot/install/uline_patrol_msgs/lib/libuline_patrol_msgs__rosidl_typesupport_c.so
[2.603s] -- Set runtime path of "/home/lumen/workspace/humble_ws/src/omni_robot/install/uline_patrol_msgs/lib/libuline_patrol_msgs__rosidl_typesupport_c.so" to ""
[2.603s] -- Up-to-date: /home/lumen/workspace/humble_ws/src/omni_robot/install/uline_patrol_msgs/include/uline_patrol_msgs/uline_patrol_msgs
[2.603s] -- Up-to-date: /home/lumen/workspace/humble_ws/src/omni_robot/install/uline_patrol_msgs/include/uline_patrol_msgs/uline_patrol_msgs/action
[2.603s] -- Up-to-date: /home/lumen/workspace/humble_ws/src/omni_robot/install/uline_patrol_msgs/include/uline_patrol_msgs/uline_patrol_msgs/action/detail
[2.603s] -- Installing: /home/lumen/workspace/humble_ws/src/omni_robot/install/uline_patrol_msgs/include/uline_patrol_msgs/uline_patrol_msgs/action/detail/uline_patrol_command__type_support.cpp
[2.603s] -- Installing: /home/lumen/workspace/humble_ws/src/omni_robot/install/uline_patrol_msgs/include/uline_patrol_msgs/uline_patrol_msgs/action/detail/uline_patrol_command__rosidl_typesupport_introspection_cpp.hpp
[2.604s] -- Up-to-date: /home/lumen/workspace/humble_ws/src/omni_robot/install/uline_patrol_msgs/include/uline_patrol_msgs/uline_patrol_msgs/srv
[2.604s] -- Up-to-date: /home/lumen/workspace/humble_ws/src/omni_robot/install/uline_patrol_msgs/include/uline_patrol_msgs/uline_patrol_msgs/srv/detail
[2.604s] -- Installing: /home/lumen/workspace/humble_ws/src/omni_robot/install/uline_patrol_msgs/include/uline_patrol_msgs/uline_patrol_msgs/srv/detail/uline_patrol_command__type_support.cpp
[2.604s] -- Installing: /home/lumen/workspace/humble_ws/src/omni_robot/install/uline_patrol_msgs/include/uline_patrol_msgs/uline_patrol_msgs/srv/detail/uline_patrol_command__rosidl_typesupport_introspection_cpp.hpp
[2.604s] -- Installing: /home/lumen/workspace/humble_ws/src/omni_robot/install/uline_patrol_msgs/lib/libuline_patrol_msgs__rosidl_typesupport_introspection_cpp.so
[2.604s] -- Set runtime path of "/home/lumen/workspace/humble_ws/src/omni_robot/install/uline_patrol_msgs/lib/libuline_patrol_msgs__rosidl_typesupport_introspection_cpp.so" to ""
[2.604s] -- Installing: /home/lumen/workspace/humble_ws/src/omni_robot/install/uline_patrol_msgs/lib/libuline_patrol_msgs__rosidl_typesupport_cpp.so
[2.604s] -- Set runtime path of "/home/lumen/workspace/humble_ws/src/omni_robot/install/uline_patrol_msgs/lib/libuline_patrol_msgs__rosidl_typesupport_cpp.so" to ""
[2.604s] -- Installing: /home/lumen/workspace/humble_ws/src/omni_robot/install/uline_patrol_msgs/share/uline_patrol_msgs/environment/pythonpath.sh
[2.604s] -- Installing: /home/lumen/workspace/humble_ws/src/omni_robot/install/uline_patrol_msgs/share/uline_patrol_msgs/environment/pythonpath.dsv
[2.604s] -- Installing: /home/lumen/workspace/humble_ws/src/omni_robot/install/uline_patrol_msgs/local/lib/python3.10/dist-packages/uline_patrol_msgs-0.0.0-py3.10.egg-info
[2.605s] -- Installing: /home/lumen/workspace/humble_ws/src/omni_robot/install/uline_patrol_msgs/local/lib/python3.10/dist-packages/uline_patrol_msgs-0.0.0-py3.10.egg-info/PKG-INFO
[2.605s] -- Installing: /home/lumen/workspace/humble_ws/src/omni_robot/install/uline_patrol_msgs/local/lib/python3.10/dist-packages/uline_patrol_msgs-0.0.0-py3.10.egg-info/dependency_links.txt
[2.605s] -- Installing: /home/lumen/workspace/humble_ws/src/omni_robot/install/uline_patrol_msgs/local/lib/python3.10/dist-packages/uline_patrol_msgs-0.0.0-py3.10.egg-info/SOURCES.txt
[2.605s] -- Installing: /home/lumen/workspace/humble_ws/src/omni_robot/install/uline_patrol_msgs/local/lib/python3.10/dist-packages/uline_patrol_msgs-0.0.0-py3.10.egg-info/top_level.txt
[2.605s] -- Installing: /home/lumen/workspace/humble_ws/src/omni_robot/install/uline_patrol_msgs/local/lib/python3.10/dist-packages/uline_patrol_msgs
[2.605s] -- Installing: /home/lumen/workspace/humble_ws/src/omni_robot/install/uline_patrol_msgs/local/lib/python3.10/dist-packages/uline_patrol_msgs/__init__.py
[2.605s] -- Installing: /home/lumen/workspace/humble_ws/src/omni_robot/install/uline_patrol_msgs/local/lib/python3.10/dist-packages/uline_patrol_msgs/uline_patrol_msgs_s__rosidl_typesupport_introspection_c.cpython-310-x86_64-linux-gnu.so
[2.605s] -- Installing: /home/lumen/workspace/humble_ws/src/omni_robot/install/uline_patrol_msgs/local/lib/python3.10/dist-packages/uline_patrol_msgs/_uline_patrol_msgs_s.ep.rosidl_typesupport_fastrtps_c.c
[2.605s] -- Installing: /home/lumen/workspace/humble_ws/src/omni_robot/install/uline_patrol_msgs/local/lib/python3.10/dist-packages/uline_patrol_msgs/libuline_patrol_msgs__rosidl_generator_py.so
[2.606s] -- Installing: /home/lumen/workspace/humble_ws/src/omni_robot/install/uline_patrol_msgs/local/lib/python3.10/dist-packages/uline_patrol_msgs/_uline_patrol_msgs_s.ep.rosidl_typesupport_c.c
[2.606s] -- Installing: /home/lumen/workspace/humble_ws/src/omni_robot/install/uline_patrol_msgs/local/lib/python3.10/dist-packages/uline_patrol_msgs/uline_patrol_msgs_s__rosidl_typesupport_fastrtps_c.cpython-310-x86_64-linux-gnu.so
[2.606s] -- Installing: /home/lumen/workspace/humble_ws/src/omni_robot/install/uline_patrol_msgs/local/lib/python3.10/dist-packages/uline_patrol_msgs/uline_patrol_msgs_s__rosidl_typesupport_c.cpython-310-x86_64-linux-gnu.so
[2.606s] -- Installing: /home/lumen/workspace/humble_ws/src/omni_robot/install/uline_patrol_msgs/local/lib/python3.10/dist-packages/uline_patrol_msgs/action
[2.606s] -- Installing: /home/lumen/workspace/humble_ws/src/omni_robot/install/uline_patrol_msgs/local/lib/python3.10/dist-packages/uline_patrol_msgs/action/_uline_patrol_command_s.c
[2.606s] -- Installing: /home/lumen/workspace/humble_ws/src/omni_robot/install/uline_patrol_msgs/local/lib/python3.10/dist-packages/uline_patrol_msgs/action/__init__.py
[2.606s] -- Installing: /home/lumen/workspace/humble_ws/src/omni_robot/install/uline_patrol_msgs/local/lib/python3.10/dist-packages/uline_patrol_msgs/action/_uline_patrol_command.py
[2.606s] -- Installing: /home/lumen/workspace/humble_ws/src/omni_robot/install/uline_patrol_msgs/local/lib/python3.10/dist-packages/uline_patrol_msgs/_uline_patrol_msgs_s.ep.rosidl_typesupport_introspection_c.c
[2.606s] -- Installing: /home/lumen/workspace/humble_ws/src/omni_robot/install/uline_patrol_msgs/local/lib/python3.10/dist-packages/uline_patrol_msgs/srv
[2.606s] -- Installing: /home/lumen/workspace/humble_ws/src/omni_robot/install/uline_patrol_msgs/local/lib/python3.10/dist-packages/uline_patrol_msgs/srv/_uline_patrol_command_s.c
[2.607s] -- Installing: /home/lumen/workspace/humble_ws/src/omni_robot/install/uline_patrol_msgs/local/lib/python3.10/dist-packages/uline_patrol_msgs/srv/__init__.py
[2.607s] -- Installing: /home/lumen/workspace/humble_ws/src/omni_robot/install/uline_patrol_msgs/local/lib/python3.10/dist-packages/uline_patrol_msgs/srv/_uline_patrol_command.py
[2.629s] Listing '/home/lumen/workspace/humble_ws/src/omni_robot/install/uline_patrol_msgs/local/lib/python3.10/dist-packages/uline_patrol_msgs'...
[2.629s] Compiling '/home/lumen/workspace/humble_ws/src/omni_robot/install/uline_patrol_msgs/local/lib/python3.10/dist-packages/uline_patrol_msgs/__init__.py'...
[2.629s] Listing '/home/lumen/workspace/humble_ws/src/omni_robot/install/uline_patrol_msgs/local/lib/python3.10/dist-packages/uline_patrol_msgs/action'...
[2.629s] Compiling '/home/lumen/workspace/humble_ws/src/omni_robot/install/uline_patrol_msgs/local/lib/python3.10/dist-packages/uline_patrol_msgs/action/__init__.py'...
[2.629s] Compiling '/home/lumen/workspace/humble_ws/src/omni_robot/install/uline_patrol_msgs/local/lib/python3.10/dist-packages/uline_patrol_msgs/action/_uline_patrol_command.py'...
[2.629s] Listing '/home/lumen/workspace/humble_ws/src/omni_robot/install/uline_patrol_msgs/local/lib/python3.10/dist-packages/uline_patrol_msgs/srv'...
[2.629s] Compiling '/home/lumen/workspace/humble_ws/src/omni_robot/install/uline_patrol_msgs/local/lib/python3.10/dist-packages/uline_patrol_msgs/srv/__init__.py'...
[2.629s] Compiling '/home/lumen/workspace/humble_ws/src/omni_robot/install/uline_patrol_msgs/local/lib/python3.10/dist-packages/uline_patrol_msgs/srv/_uline_patrol_command.py'...
[2.631s] -- Installing: /home/lumen/workspace/humble_ws/src/omni_robot/install/uline_patrol_msgs/local/lib/python3.10/dist-packages/uline_patrol_msgs/uline_patrol_msgs_s__rosidl_typesupport_fastrtps_c.cpython-310-x86_64-linux-gnu.so
[2.632s] -- Set runtime path of "/home/lumen/workspace/humble_ws/src/omni_robot/install/uline_patrol_msgs/local/lib/python3.10/dist-packages/uline_patrol_msgs/uline_patrol_msgs_s__rosidl_typesupport_fastrtps_c.cpython-310-x86_64-linux-gnu.so" to ""
[2.632s] -- Installing: /home/lumen/workspace/humble_ws/src/omni_robot/install/uline_patrol_msgs/local/lib/python3.10/dist-packages/uline_patrol_msgs/uline_patrol_msgs_s__rosidl_typesupport_introspection_c.cpython-310-x86_64-linux-gnu.so
[2.632s] -- Set runtime path of "/home/lumen/workspace/humble_ws/src/omni_robot/install/uline_patrol_msgs/local/lib/python3.10/dist-packages/uline_patrol_msgs/uline_patrol_msgs_s__rosidl_typesupport_introspection_c.cpython-310-x86_64-linux-gnu.so" to ""
[2.632s] -- Installing: /home/lumen/workspace/humble_ws/src/omni_robot/install/uline_patrol_msgs/local/lib/python3.10/dist-packages/uline_patrol_msgs/uline_patrol_msgs_s__rosidl_typesupport_c.cpython-310-x86_64-linux-gnu.so
[2.632s] -- Set runtime path of "/home/lumen/workspace/humble_ws/src/omni_robot/install/uline_patrol_msgs/local/lib/python3.10/dist-packages/uline_patrol_msgs/uline_patrol_msgs_s__rosidl_typesupport_c.cpython-310-x86_64-linux-gnu.so" to ""
[2.632s] -- Installing: /home/lumen/workspace/humble_ws/src/omni_robot/install/uline_patrol_msgs/lib/libuline_patrol_msgs__rosidl_generator_py.so
[2.633s] -- Set runtime path of "/home/lumen/workspace/humble_ws/src/omni_robot/install/uline_patrol_msgs/lib/libuline_patrol_msgs__rosidl_generator_py.so" to ""
[2.633s] -- Installing: /home/lumen/workspace/humble_ws/src/omni_robot/install/uline_patrol_msgs/share/uline_patrol_msgs/srv/UlinePatrolCommand.idl
[2.633s] -- Installing: /home/lumen/workspace/humble_ws/src/omni_robot/install/uline_patrol_msgs/share/uline_patrol_msgs/action/UlinePatrolCommand.idl
[2.633s] -- Installing: /home/lumen/workspace/humble_ws/src/omni_robot/install/uline_patrol_msgs/share/uline_patrol_msgs/srv/UlinePatrolCommand.srv
[2.633s] -- Installing: /home/lumen/workspace/humble_ws/src/omni_robot/install/uline_patrol_msgs/share/uline_patrol_msgs/srv/UlinePatrolCommand_Request.msg
[2.633s] -- Installing: /home/lumen/workspace/humble_ws/src/omni_robot/install/uline_patrol_msgs/share/uline_patrol_msgs/srv/UlinePatrolCommand_Response.msg
[2.633s] -- Installing: /home/lumen/workspace/humble_ws/src/omni_robot/install/uline_patrol_msgs/share/uline_patrol_msgs/action/UlinePatrolCommand.action
[2.633s] -- Installing: /home/lumen/workspace/humble_ws/src/omni_robot/install/uline_patrol_msgs/share/ament_index/resource_index/package_run_dependencies/uline_patrol_msgs
[2.633s] -- Installing: /home/lumen/workspace/humble_ws/src/omni_robot/install/uline_patrol_msgs/share/ament_index/resource_index/parent_prefix_path/uline_patrol_msgs
[2.634s] -- Installing: /home/lumen/workspace/humble_ws/src/omni_robot/install/uline_patrol_msgs/share/uline_patrol_msgs/environment/ament_prefix_path.sh
[2.634s] -- Installing: /home/lumen/workspace/humble_ws/src/omni_robot/install/uline_patrol_msgs/share/uline_patrol_msgs/environment/ament_prefix_path.dsv
[2.634s] -- Installing: /home/lumen/workspace/humble_ws/src/omni_robot/install/uline_patrol_msgs/share/uline_patrol_msgs/environment/path.sh
[2.634s] -- Installing: /home/lumen/workspace/humble_ws/src/omni_robot/install/uline_patrol_msgs/share/uline_patrol_msgs/environment/path.dsv
[2.634s] -- Installing: /home/lumen/workspace/humble_ws/src/omni_robot/install/uline_patrol_msgs/share/uline_patrol_msgs/local_setup.bash
[2.634s] -- Installing: /home/lumen/workspace/humble_ws/src/omni_robot/install/uline_patrol_msgs/share/uline_patrol_msgs/local_setup.sh
[2.634s] -- Installing: /home/lumen/workspace/humble_ws/src/omni_robot/install/uline_patrol_msgs/share/uline_patrol_msgs/local_setup.zsh
[2.634s] -- Installing: /home/lumen/workspace/humble_ws/src/omni_robot/install/uline_patrol_msgs/share/uline_patrol_msgs/local_setup.dsv
[2.634s] -- Installing: /home/lumen/workspace/humble_ws/src/omni_robot/install/uline_patrol_msgs/share/uline_patrol_msgs/package.dsv
[2.634s] -- Installing: /home/lumen/workspace/humble_ws/src/omni_robot/install/uline_patrol_msgs/share/ament_index/resource_index/packages/uline_patrol_msgs
[2.635s] -- Installing: /home/lumen/workspace/humble_ws/src/omni_robot/install/uline_patrol_msgs/share/uline_patrol_msgs/cmake/export_uline_patrol_msgs__rosidl_generator_cExport.cmake
[2.635s] -- Installing: /home/lumen/workspace/humble_ws/src/omni_robot/install/uline_patrol_msgs/share/uline_patrol_msgs/cmake/export_uline_patrol_msgs__rosidl_generator_cExport-noconfig.cmake
[2.635s] -- Installing: /home/lumen/workspace/humble_ws/src/omni_robot/install/uline_patrol_msgs/share/uline_patrol_msgs/cmake/export_uline_patrol_msgs__rosidl_typesupport_fastrtps_cExport.cmake
[2.635s] -- Installing: /home/lumen/workspace/humble_ws/src/omni_robot/install/uline_patrol_msgs/share/uline_patrol_msgs/cmake/export_uline_patrol_msgs__rosidl_typesupport_fastrtps_cExport-noconfig.cmake
[2.635s] -- Installing: /home/lumen/workspace/humble_ws/src/omni_robot/install/uline_patrol_msgs/share/uline_patrol_msgs/cmake/export_uline_patrol_msgs__rosidl_generator_cppExport.cmake
[2.635s] -- Installing: /home/lumen/workspace/humble_ws/src/omni_robot/install/uline_patrol_msgs/share/uline_patrol_msgs/cmake/export_uline_patrol_msgs__rosidl_typesupport_fastrtps_cppExport.cmake
[2.635s] -- Installing: /home/lumen/workspace/humble_ws/src/omni_robot/install/uline_patrol_msgs/share/uline_patrol_msgs/cmake/export_uline_patrol_msgs__rosidl_typesupport_fastrtps_cppExport-noconfig.cmake
[2.635s] -- Installing: /home/lumen/workspace/humble_ws/src/omni_robot/install/uline_patrol_msgs/share/uline_patrol_msgs/cmake/uline_patrol_msgs__rosidl_typesupport_introspection_cExport.cmake
[2.635s] -- Installing: /home/lumen/workspace/humble_ws/src/omni_robot/install/uline_patrol_msgs/share/uline_patrol_msgs/cmake/uline_patrol_msgs__rosidl_typesupport_introspection_cExport-noconfig.cmake
[2.635s] -- Installing: /home/lumen/workspace/humble_ws/src/omni_robot/install/uline_patrol_msgs/share/uline_patrol_msgs/cmake/uline_patrol_msgs__rosidl_typesupport_cExport.cmake
[2.635s] -- Installing: /home/lumen/workspace/humble_ws/src/omni_robot/install/uline_patrol_msgs/share/uline_patrol_msgs/cmake/uline_patrol_msgs__rosidl_typesupport_cExport-noconfig.cmake
[2.636s] -- Installing: /home/lumen/workspace/humble_ws/src/omni_robot/install/uline_patrol_msgs/share/uline_patrol_msgs/cmake/uline_patrol_msgs__rosidl_typesupport_introspection_cppExport.cmake
[2.636s] -- Installing: /home/lumen/workspace/humble_ws/src/omni_robot/install/uline_patrol_msgs/share/uline_patrol_msgs/cmake/uline_patrol_msgs__rosidl_typesupport_introspection_cppExport-noconfig.cmake
[2.636s] -- Installing: /home/lumen/workspace/humble_ws/src/omni_robot/install/uline_patrol_msgs/share/uline_patrol_msgs/cmake/uline_patrol_msgs__rosidl_typesupport_cppExport.cmake
[2.636s] -- Installing: /home/lumen/workspace/humble_ws/src/omni_robot/install/uline_patrol_msgs/share/uline_patrol_msgs/cmake/uline_patrol_msgs__rosidl_typesupport_cppExport-noconfig.cmake
[2.636s] -- Installing: /home/lumen/workspace/humble_ws/src/omni_robot/install/uline_patrol_msgs/share/uline_patrol_msgs/cmake/export_uline_patrol_msgs__rosidl_generator_pyExport.cmake
[2.636s] -- Installing: /home/lumen/workspace/humble_ws/src/omni_robot/install/uline_patrol_msgs/share/uline_patrol_msgs/cmake/export_uline_patrol_msgs__rosidl_generator_pyExport-noconfig.cmake
[2.636s] -- Installing: /home/lumen/workspace/humble_ws/src/omni_robot/install/uline_patrol_msgs/share/uline_patrol_msgs/cmake/rosidl_cmake-extras.cmake
[2.636s] -- Installing: /home/lumen/workspace/humble_ws/src/omni_robot/install/uline_patrol_msgs/share/uline_patrol_msgs/cmake/ament_cmake_export_dependencies-extras.cmake
[2.636s] -- Installing: /home/lumen/workspace/humble_ws/src/omni_robot/install/uline_patrol_msgs/share/uline_patrol_msgs/cmake/ament_cmake_export_include_directories-extras.cmake
[2.636s] -- Installing: /home/lumen/workspace/humble_ws/src/omni_robot/install/uline_patrol_msgs/share/uline_patrol_msgs/cmake/ament_cmake_export_libraries-extras.cmake
[2.637s] -- Installing: /home/lumen/workspace/humble_ws/src/omni_robot/install/uline_patrol_msgs/share/uline_patrol_msgs/cmake/ament_cmake_export_targets-extras.cmake
[2.637s] -- Installing: /home/lumen/workspace/humble_ws/src/omni_robot/install/uline_patrol_msgs/share/uline_patrol_msgs/cmake/rosidl_cmake_export_typesupport_targets-extras.cmake
[2.637s] -- Installing: /home/lumen/workspace/humble_ws/src/omni_robot/install/uline_patrol_msgs/share/uline_patrol_msgs/cmake/rosidl_cmake_export_typesupport_libraries-extras.cmake
[2.637s] -- Installing: /home/lumen/workspace/humble_ws/src/omni_robot/install/uline_patrol_msgs/share/uline_patrol_msgs/cmake/uline_patrol_msgsConfig.cmake
[2.637s] -- Installing: /home/lumen/workspace/humble_ws/src/omni_robot/install/uline_patrol_msgs/share/uline_patrol_msgs/cmake/uline_patrol_msgsConfig-version.cmake
[2.637s] -- Installing: /home/lumen/workspace/humble_ws/src/omni_robot/install/uline_patrol_msgs/share/uline_patrol_msgs/package.xml
[2.639s] Invoked command in '/home/lumen/workspace/humble_ws/src/omni_robot/build/uline_patrol_msgs' returned '0': CMAKE_PREFIX_PATH=${CMAKE_PREFIX_PATH}:/opt/ros/humble /usr/bin/cmake --install /home/lumen/workspace/humble_ws/src/omni_robot/build/uline_patrol_msgs
