[0.006s] Invoking command in '/home/lumen/workspace/humble_ws/src/omni_robot/build/velodyne_simulator': CMAKE_PREFIX_PATH=/home/lumen/workspace/humble_ws/src/omni_robot/install/velodyne_gazebo_plugins:/home/lumen/workspace/humble_ws/src/omni_robot/install/velodyne_description:/home/lumen/workspace/humble_ws/src/omni_robot/install/velodyne_simulator:/home/lumen/workspace/humble_ws/src/omni_robot/install/uline_patrol_msgs:/home/lumen/workspace/humble_ws/src/omni_robot/install/omni_gazebo:/opt/ros/humble /usr/bin/cmake /home/lumen/workspace/humble_ws/src/omni_robot/velodyne_simulator/velodyne_simulator -DCMAKE_INSTALL_PREFIX=/home/lumen/workspace/humble_ws/src/omni_robot/install/velodyne_simulator
[0.038s] -- The C compiler identification is GNU 11.4.0
[0.071s] -- The CXX compiler identification is GNU 11.4.0
[0.075s] -- Detecting C compiler ABI info
[0.119s] -- Detecting C compiler ABI info - done
[0.123s] -- Check for working C compiler: /usr/bin/cc - skipped
[0.123s] -- Detecting C compile features
[0.123s] -- Detecting C compile features - done
[0.125s] -- Detecting CXX compiler ABI info
[0.172s] -- Detecting CXX compiler ABI info - done
[0.176s] -- Check for working CXX compiler: /usr/bin/c++ - skipped
[0.176s] -- Detecting CXX compile features
[0.176s] -- Detecting CXX compile features - done
[0.178s] -- Found ament_cmake: 1.3.10 (/opt/ros/humble/share/ament_cmake/cmake)
[0.260s] -- Found Python3: /usr/bin/python3 (found version "3.10.12") found components: Interpreter 
[0.310s] -- Found ament_lint_auto: 0.12.11 (/opt/ros/humble/share/ament_lint_auto/cmake)
[0.344s] -- Configuring done
[0.346s] -- Generating done
[0.346s] -- Build files have been written to: /home/lumen/workspace/humble_ws/src/omni_robot/build/velodyne_simulator
[0.349s] Invoked command in '/home/lumen/workspace/humble_ws/src/omni_robot/build/velodyne_simulator' returned '0': CMAKE_PREFIX_PATH=/home/lumen/workspace/humble_ws/src/omni_robot/install/velodyne_gazebo_plugins:/home/lumen/workspace/humble_ws/src/omni_robot/install/velodyne_description:/home/lumen/workspace/humble_ws/src/omni_robot/install/velodyne_simulator:/home/lumen/workspace/humble_ws/src/omni_robot/install/uline_patrol_msgs:/home/lumen/workspace/humble_ws/src/omni_robot/install/omni_gazebo:/opt/ros/humble /usr/bin/cmake /home/lumen/workspace/humble_ws/src/omni_robot/velodyne_simulator/velodyne_simulator -DCMAKE_INSTALL_PREFIX=/home/lumen/workspace/humble_ws/src/omni_robot/install/velodyne_simulator
[0.350s] Invoking command in '/home/lumen/workspace/humble_ws/src/omni_robot/build/velodyne_simulator': CMAKE_PREFIX_PATH=/home/lumen/workspace/humble_ws/src/omni_robot/install/velodyne_gazebo_plugins:/home/lumen/workspace/humble_ws/src/omni_robot/install/velodyne_description:/home/lumen/workspace/humble_ws/src/omni_robot/install/velodyne_simulator:/home/lumen/workspace/humble_ws/src/omni_robot/install/uline_patrol_msgs:/home/lumen/workspace/humble_ws/src/omni_robot/install/omni_gazebo:/opt/ros/humble /usr/bin/cmake --build /home/lumen/workspace/humble_ws/src/omni_robot/build/velodyne_simulator -- -j32 -l32
[0.373s] Invoked command in '/home/lumen/workspace/humble_ws/src/omni_robot/build/velodyne_simulator' returned '0': CMAKE_PREFIX_PATH=/home/lumen/workspace/humble_ws/src/omni_robot/install/velodyne_gazebo_plugins:/home/lumen/workspace/humble_ws/src/omni_robot/install/velodyne_description:/home/lumen/workspace/humble_ws/src/omni_robot/install/velodyne_simulator:/home/lumen/workspace/humble_ws/src/omni_robot/install/uline_patrol_msgs:/home/lumen/workspace/humble_ws/src/omni_robot/install/omni_gazebo:/opt/ros/humble /usr/bin/cmake --build /home/lumen/workspace/humble_ws/src/omni_robot/build/velodyne_simulator -- -j32 -l32
[0.389s] Invoking command in '/home/lumen/workspace/humble_ws/src/omni_robot/build/velodyne_simulator': CMAKE_PREFIX_PATH=/home/lumen/workspace/humble_ws/src/omni_robot/install/velodyne_gazebo_plugins:/home/lumen/workspace/humble_ws/src/omni_robot/install/velodyne_description:/home/lumen/workspace/humble_ws/src/omni_robot/install/velodyne_simulator:/home/lumen/workspace/humble_ws/src/omni_robot/install/uline_patrol_msgs:/home/lumen/workspace/humble_ws/src/omni_robot/install/omni_gazebo:/opt/ros/humble /usr/bin/cmake --install /home/lumen/workspace/humble_ws/src/omni_robot/build/velodyne_simulator
[0.393s] -- Install configuration: ""
[0.393s] -- Installing: /home/lumen/workspace/humble_ws/src/omni_robot/install/velodyne_simulator/share/ament_index/resource_index/package_run_dependencies/velodyne_simulator
[0.393s] -- Installing: /home/lumen/workspace/humble_ws/src/omni_robot/install/velodyne_simulator/share/ament_index/resource_index/parent_prefix_path/velodyne_simulator
[0.393s] -- Installing: /home/lumen/workspace/humble_ws/src/omni_robot/install/velodyne_simulator/share/velodyne_simulator/environment/ament_prefix_path.sh
[0.393s] -- Installing: /home/lumen/workspace/humble_ws/src/omni_robot/install/velodyne_simulator/share/velodyne_simulator/environment/ament_prefix_path.dsv
[0.394s] -- Installing: /home/lumen/workspace/humble_ws/src/omni_robot/install/velodyne_simulator/share/velodyne_simulator/environment/path.sh
[0.394s] -- Installing: /home/lumen/workspace/humble_ws/src/omni_robot/install/velodyne_simulator/share/velodyne_simulator/environment/path.dsv
[0.394s] -- Installing: /home/lumen/workspace/humble_ws/src/omni_robot/install/velodyne_simulator/share/velodyne_simulator/local_setup.bash
[0.394s] -- Installing: /home/lumen/workspace/humble_ws/src/omni_robot/install/velodyne_simulator/share/velodyne_simulator/local_setup.sh
[0.394s] -- Installing: /home/lumen/workspace/humble_ws/src/omni_robot/install/velodyne_simulator/share/velodyne_simulator/local_setup.zsh
[0.394s] -- Installing: /home/lumen/workspace/humble_ws/src/omni_robot/install/velodyne_simulator/share/velodyne_simulator/local_setup.dsv
[0.394s] -- Installing: /home/lumen/workspace/humble_ws/src/omni_robot/install/velodyne_simulator/share/velodyne_simulator/package.dsv
[0.394s] -- Installing: /home/lumen/workspace/humble_ws/src/omni_robot/install/velodyne_simulator/share/ament_index/resource_index/packages/velodyne_simulator
[0.394s] -- Installing: /home/lumen/workspace/humble_ws/src/omni_robot/install/velodyne_simulator/share/velodyne_simulator/cmake/velodyne_simulatorConfig.cmake
[0.394s] -- Installing: /home/lumen/workspace/humble_ws/src/omni_robot/install/velodyne_simulator/share/velodyne_simulator/cmake/velodyne_simulatorConfig-version.cmake
[0.394s] -- Installing: /home/lumen/workspace/humble_ws/src/omni_robot/install/velodyne_simulator/share/velodyne_simulator/package.xml
[0.395s] Invoked command in '/home/lumen/workspace/humble_ws/src/omni_robot/build/velodyne_simulator' returned '0': CMAKE_PREFIX_PATH=/home/lumen/workspace/humble_ws/src/omni_robot/install/velodyne_gazebo_plugins:/home/lumen/workspace/humble_ws/src/omni_robot/install/velodyne_description:/home/lumen/workspace/humble_ws/src/omni_robot/install/velodyne_simulator:/home/lumen/workspace/humble_ws/src/omni_robot/install/uline_patrol_msgs:/home/lumen/workspace/humble_ws/src/omni_robot/install/omni_gazebo:/opt/ros/humble /usr/bin/cmake --install /home/lumen/workspace/humble_ws/src/omni_robot/build/velodyne_simulator
