[0.009s] Invoking command in '/home/lumen/workspace/humble_ws/src/omni_robot/build/velodyne_gazebo_plugins': CMAKE_PREFIX_PATH=${CMAKE_PREFIX_PATH}:/opt/ros/humble /usr/bin/cmake /home/lumen/workspace/humble_ws/src/omni_robot/velodyne_simulator/velodyne_gazebo_plugins -DCMAKE_INSTALL_PREFIX=/home/lumen/workspace/humble_ws/src/omni_robot/install/velodyne_gazebo_plugins
[0.042s] -- The C compiler identification is GNU 11.4.0
[0.075s] -- The CXX compiler identification is GNU 11.4.0
[0.080s] -- Detecting C compiler ABI info
[0.122s] -- Detecting C compiler ABI info - done
[0.126s] -- Check for working C compiler: /usr/bin/cc - skipped
[0.126s] -- Detecting C compile features
[0.126s] -- Detecting C compile features - done
[0.128s] -- Detecting CXX compiler ABI info
[0.176s] -- Detecting CXX compiler ABI info - done
[0.180s] -- Check for working CXX compiler: /usr/bin/c++ - skipped
[0.180s] -- Detecting CXX compile features
[0.180s] -- Detecting CXX compile features - done
[0.182s] -- Found ament_cmake: 1.3.10 (/opt/ros/humble/share/ament_cmake/cmake)
[0.267s] -- Found Python3: /usr/bin/python3 (found version "3.10.12") found components: Interpreter 
[0.313s] -- Found gazebo_dev: 3.7.0 (/opt/ros/humble/share/gazebo_dev/cmake)
[0.318s] -- Found PkgConfig: /usr/bin/pkg-config (found version "0.29.2") 
[0.321s] -- Checking for module 'bullet>=2.82'
[0.331s] --   Found bullet, version 3.05
[0.407s] -- Found fcl: /usr/include (found suitable version "0.7.0", minimum required is "0.5.0") 
[0.447s] -- Found assimp: /usr/include (found version "5.2.0") 
[0.465s] -- Found DART: /usr/include (Required is at least version "6.6") found components: dart 
[0.575s] -- Found Boost: /usr/lib/x86_64-linux-gnu/cmake/Boost-1.74.0/BoostConfig.cmake (found suitable version "1.74.0", minimum required is "1.40.0") found components: thread system filesystem program_options regex iostreams date_time 
[0.591s] -- Found Protobuf: /usr/lib/x86_64-linux-gnu/libprotobuf.so (found version "3.12.4") 
[0.596s] -- Looking for ignition-math6 -- found version 6.15.1
[0.603s] -- Searching for dependencies of ignition-math6
[0.605s] -- Looking for OGRE...
[0.605s] -- OGRE_PREFIX_WATCH changed.
[0.609s] -- Checking for module 'OGRE'
[0.620s] --   Found OGRE, version 1.9.0
[0.642s] -- Found Ogre Ghadamon (1.9.0)
[0.649s] -- Found OGRE: optimized;/usr/lib/x86_64-linux-gnu/libOgreMain.so;debug;/usr/lib/x86_64-linux-gnu/libOgreMain.so
[0.654s] -- Looking for OGRE_Paging...
[0.658s] -- Found OGRE_Paging: optimized;/usr/lib/x86_64-linux-gnu/libOgrePaging.so;debug;/usr/lib/x86_64-linux-gnu/libOgrePaging.so
[0.658s] -- Looking for OGRE_Terrain...
[0.661s] -- Found OGRE_Terrain: optimized;/usr/lib/x86_64-linux-gnu/libOgreTerrain.so;debug;/usr/lib/x86_64-linux-gnu/libOgreTerrain.so
[0.661s] -- Looking for OGRE_Property...
[0.664s] -- Found OGRE_Property: optimized;/usr/lib/x86_64-linux-gnu/libOgreProperty.so;debug;/usr/lib/x86_64-linux-gnu/libOgreProperty.so
[0.664s] -- Looking for OGRE_RTShaderSystem...
[0.667s] -- Found OGRE_RTShaderSystem: optimized;/usr/lib/x86_64-linux-gnu/libOgreRTShaderSystem.so;debug;/usr/lib/x86_64-linux-gnu/libOgreRTShaderSystem.so
[0.667s] -- Looking for OGRE_Volume...
[0.671s] -- Found OGRE_Volume: optimized;/usr/lib/x86_64-linux-gnu/libOgreVolume.so;debug;/usr/lib/x86_64-linux-gnu/libOgreVolume.so
[0.671s] -- Looking for OGRE_Overlay...
[0.674s] -- Found OGRE_Overlay: optimized;/usr/lib/x86_64-linux-gnu/libOgreOverlay.so;debug;/usr/lib/x86_64-linux-gnu/libOgreOverlay.so
[0.747s] -- Looking for ignition-math6 -- found version 6.15.1
[0.750s] -- Looking for ignition-transport8 -- found version 8.2.1
[0.750s] -- Searching for dependencies of ignition-transport8
[0.763s] -- Found Protobuf: /usr/lib/x86_64-linux-gnu/libprotobuf.so (found suitable version "3.12.4", minimum required is "3") 
[0.771s] -- Config-file not installed for ZeroMQ -- checking for pkg-config
[0.774s] -- Checking for module 'libzmq >= 4'
[0.789s] --   Found libzmq , version 4.3.4
[0.815s] -- Found ZeroMQ: TRUE (Required is at least version "4") 
[0.826s] -- Checking for module 'uuid'
[0.835s] --   Found uuid, version 2.37.2
[0.855s] -- Found UUID: TRUE  
[0.857s] -- Looking for ignition-msgs5 -- found version 5.8.1
[0.858s] -- Searching for dependencies of ignition-msgs5
[0.870s] -- Looking for ignition-math6 -- found version 6.15.1
[0.873s] -- Checking for module 'tinyxml2'
[0.881s] --   Found tinyxml2, version 9.0.0
[0.906s] -- Looking for ignition-msgs5 -- found version 5.8.1
[0.908s] -- Looking for ignition-common3 -- found version 3.14.0
[0.908s] -- Searching for dependencies of ignition-common3
[0.909s] -- Looking for dlfcn.h - found
[0.909s] -- Looking for libdl - found
[0.910s] -- Found DL: TRUE  
[0.918s] -- Found tinyobjloader: /usr/lib/x86_64-linux-gnu/cmake/tinyobjloader/tinyobjloader-config.cmake (found version "2.0.0") 
[0.918s] -- Searching for <ignition-common3> component [graphics]
[0.920s] -- Looking for ignition-common3-graphics -- found version 3.14.0
[0.920s] -- Searching for dependencies of ignition-common3-graphics
[0.920s] -- Looking for ignition-math6 -- found version 6.15.1
[0.922s] -- Looking for ignition-fuel_tools4 -- found version 4.4.0
[0.923s] -- Searching for dependencies of ignition-fuel_tools4
[0.975s] -- Found CURL: /usr/lib/x86_64-linux-gnu/libcurl.so (found version "7.81.0")  
[0.982s] -- Checking for module 'jsoncpp'
[0.992s] --   Found jsoncpp, version 1.9.5
[1.017s] -- Found JSONCPP: TRUE  
[1.022s] -- Checking for module 'libzip'
[1.032s] --   Found libzip, version 1.7.3
[1.057s] -- Found ZIP: TRUE  
[1.057s] -- Looking for ignition-common3 -- found version 3.14.0
[1.057s] -- Looking for ignition-math6 -- found version 6.15.1
[1.057s] -- Looking for ignition-msgs5 -- found version 5.8.1
[1.060s] -- Gazebo version: 11.10
[1.060s] -- Checking for module 'tbb'
[1.071s] --   Found tbb, version 2021.5.0
[1.094s] -- Found gazebo_ros: 3.7.0 (/opt/ros/humble/share/gazebo_ros/cmake)
[1.117s] -- Found rosidl_generator_c: 3.1.5 (/opt/ros/humble/share/rosidl_generator_c/cmake)
[1.120s] -- Found rosidl_adapter: 3.1.5 (/opt/ros/humble/share/rosidl_adapter/cmake)
[1.125s] -- Found rosidl_generator_cpp: 3.1.5 (/opt/ros/humble/share/rosidl_generator_cpp/cmake)
[1.132s] -- Using all available rosidl_typesupport_c: rosidl_typesupport_fastrtps_c;rosidl_typesupport_introspection_c
[1.141s] -- Using all available rosidl_typesupport_cpp: rosidl_typesupport_fastrtps_cpp;rosidl_typesupport_introspection_cpp
[1.166s] -- Found rmw_implementation_cmake: 6.1.2 (/opt/ros/humble/share/rmw_implementation_cmake/cmake)
[1.168s] -- Found rmw_fastrtps_cpp: 6.2.7 (/opt/ros/humble/share/rmw_fastrtps_cpp/cmake)
[1.235s] -- Found OpenSSL: /usr/lib/x86_64-linux-gnu/libcrypto.so (found version "3.0.2")  
[1.253s] -- Found FastRTPS: /opt/ros/humble/include  
[1.283s] -- Using RMW implementation 'rmw_fastrtps_cpp' as default
[1.288s] -- Found Threads: TRUE  
[1.317s] -- Found gazebo_msgs: 3.7.0 (/opt/ros/humble/share/gazebo_msgs/cmake)
[1.357s] -- Found sensor_msgs: 4.2.4 (/opt/ros/humble/share/sensor_msgs/cmake)
[1.367s] -- Found tf2: 0.25.7 (/opt/ros/humble/share/tf2/cmake)
[1.419s] -- Configuring done
[1.440s] -- Generating done
[1.441s] -- Build files have been written to: /home/lumen/workspace/humble_ws/src/omni_robot/build/velodyne_gazebo_plugins
[1.451s] Invoked command in '/home/lumen/workspace/humble_ws/src/omni_robot/build/velodyne_gazebo_plugins' returned '0': CMAKE_PREFIX_PATH=${CMAKE_PREFIX_PATH}:/opt/ros/humble /usr/bin/cmake /home/lumen/workspace/humble_ws/src/omni_robot/velodyne_simulator/velodyne_gazebo_plugins -DCMAKE_INSTALL_PREFIX=/home/lumen/workspace/humble_ws/src/omni_robot/install/velodyne_gazebo_plugins
[1.452s] Invoking command in '/home/lumen/workspace/humble_ws/src/omni_robot/build/velodyne_gazebo_plugins': CMAKE_PREFIX_PATH=${CMAKE_PREFIX_PATH}:/opt/ros/humble /usr/bin/cmake --build /home/lumen/workspace/humble_ws/src/omni_robot/build/velodyne_gazebo_plugins -- -j32 -l32
[1.488s] [ 50%] [32mBuilding CXX object CMakeFiles/gazebo_ros_velodyne_laser.dir/src/GazeboRosVelodyneLaser.cpp.o[0m
[3.783s] In file included from [01m[K/usr/include/gazebo-11/gazebo/transport/Node.hh:22[m[K,
[3.783s]                  from [01m[K/home/lumen/workspace/humble_ws/src/omni_robot/velodyne_simulator/velodyne_gazebo_plugins/include/velodyne_gazebo_plugins/GazeboRosVelodyneLaser.h:45[m[K,
[3.783s]                  from [01m[K/home/lumen/workspace/humble_ws/src/omni_robot/velodyne_simulator/velodyne_gazebo_plugins/src/GazeboRosVelodyneLaser.cpp:35[m[K:
[3.783s] [01m[K/usr/local/include/tbb/task.h:21:139:[m[K [01;36m[Knote: [m[K‘[01m[K#pragma message: TBB Warning: tbb/task.h is deprecated. For details, please see Deprecated Features appendix in the TBB reference manual.[m[K’
[3.783s]    21 | #pragma message("TBB Warning: tbb/task.h is deprecated. For details, please see Deprecated Features appendix in the TBB reference manual."[01;36m[K)[m[K
[3.783s]       |                                                                                                                                           [01;36m[K^[m[K
[6.829s] In file included from [01m[K/opt/ros/humble/include/rclcpp/rclcpp/logging.hpp:24[m[K,
[6.829s]                  from [01m[K/opt/ros/humble/include/rclcpp/rclcpp/client.hpp:40[m[K,
[6.829s]                  from [01m[K/opt/ros/humble/include/rclcpp/rclcpp/callback_group.hpp:24[m[K,
[6.829s]                  from [01m[K/opt/ros/humble/include/rclcpp/rclcpp/any_executable.hpp:20[m[K,
[6.829s]                  from [01m[K/opt/ros/humble/include/rclcpp/rclcpp/memory_strategy.hpp:25[m[K,
[6.829s]                  from [01m[K/opt/ros/humble/include/rclcpp/rclcpp/memory_strategies.hpp:18[m[K,
[6.829s]                  from [01m[K/opt/ros/humble/include/rclcpp/rclcpp/executor_options.hpp:20[m[K,
[6.829s]                  from [01m[K/opt/ros/humble/include/rclcpp/rclcpp/executor.hpp:37[m[K,
[6.829s]                  from [01m[K/opt/ros/humble/include/rclcpp/rclcpp/executors/multi_threaded_executor.hpp:25[m[K,
[6.829s]                  from [01m[K/opt/ros/humble/include/rclcpp/rclcpp/executors.hpp:21[m[K,
[6.829s]                  from [01m[K/opt/ros/humble/include/rclcpp/rclcpp/rclcpp.hpp:155[m[K,
[6.829s]                  from [01m[K/opt/ros/humble/include/gazebo_ros/node.hpp:18[m[K,
[6.829s]                  from [01m[K/home/lumen/workspace/humble_ws/src/omni_robot/velodyne_simulator/velodyne_gazebo_plugins/include/velodyne_gazebo_plugins/GazeboRosVelodyneLaser.h:53[m[K,
[6.829s]                  from [01m[K/home/lumen/workspace/humble_ws/src/omni_robot/velodyne_simulator/velodyne_gazebo_plugins/src/GazeboRosVelodyneLaser.cpp:35[m[K:
[6.830s] [01m[K/home/lumen/workspace/humble_ws/src/omni_robot/velodyne_simulator/velodyne_gazebo_plugins/src/GazeboRosVelodyneLaser.cpp:[m[K In member function ‘[01m[Kvirtual void gazebo::GazeboRosVelodyneLaser::Load(gazebo::sensors::SensorPtr, sdf::v9::ElementPtr)[m[K’:
[6.830s] [01m[K/home/lumen/workspace/humble_ws/src/omni_robot/velodyne_simulator/velodyne_gazebo_plugins/src/GazeboRosVelodyneLaser.cpp:295:40:[m[K [01;35m[Kwarning: [m[Kformat ‘[01m[K%s[m[K’ expects a matching ‘[01m[Kchar*[m[K’ argument [[01;35m[K]8;;https://gcc.gnu.org/onlinedocs/gcc/Warning-Options.html#index-Wformat=-Wformat=]8;;[m[K]
[6.830s]   295 |   RCLCPP_INFO(ros_node_->get_logger(), [01;35m[K"Velodyne %slaser plugin ready"[m[K);
[6.830s]       |                                        [01;35m[K^~~~~~~~~~~~~~~~~~~~~~~~~~~~~~~[m[K
[6.830s] [01m[K/home/lumen/workspace/humble_ws/src/omni_robot/velodyne_simulator/velodyne_gazebo_plugins/src/GazeboRosVelodyneLaser.cpp:295:51:[m[K [01;36m[Knote: [m[Kformat string is defined here
[6.830s]   295 |   RCLCPP_INFO(ros_node_->get_logger(), "Velodyne [01;36m[K%s[m[Klaser plugin ready");
[6.830s]       |                                                  [01;36m[K~^[m[K
[6.830s]       |                                                   [01;36m[K|[m[K
[6.830s]       |                                                   [01;36m[Kchar*[m[K
[9.379s] [100%] [32m[1mLinking CXX shared library libgazebo_ros_velodyne_laser.so[0m
[9.672s] [100%] Built target gazebo_ros_velodyne_laser
[9.680s] Invoked command in '/home/lumen/workspace/humble_ws/src/omni_robot/build/velodyne_gazebo_plugins' returned '0': CMAKE_PREFIX_PATH=${CMAKE_PREFIX_PATH}:/opt/ros/humble /usr/bin/cmake --build /home/lumen/workspace/humble_ws/src/omni_robot/build/velodyne_gazebo_plugins -- -j32 -l32
[9.698s] Invoking command in '/home/lumen/workspace/humble_ws/src/omni_robot/build/velodyne_gazebo_plugins': CMAKE_PREFIX_PATH=${CMAKE_PREFIX_PATH}:/opt/ros/humble /usr/bin/cmake --install /home/lumen/workspace/humble_ws/src/omni_robot/build/velodyne_gazebo_plugins
[9.702s] -- Install configuration: ""
[9.703s] -- Installing: /home/lumen/workspace/humble_ws/src/omni_robot/install/velodyne_gazebo_plugins/share/velodyne_gazebo_plugins/environment/library_path.sh
[9.703s] -- Installing: /home/lumen/workspace/humble_ws/src/omni_robot/install/velodyne_gazebo_plugins/share/velodyne_gazebo_plugins/environment/library_path.dsv
[9.703s] -- Installing: /home/lumen/workspace/humble_ws/src/omni_robot/install/velodyne_gazebo_plugins/share/ament_index/resource_index/package_run_dependencies/velodyne_gazebo_plugins
[9.703s] -- Installing: /home/lumen/workspace/humble_ws/src/omni_robot/install/velodyne_gazebo_plugins/share/ament_index/resource_index/parent_prefix_path/velodyne_gazebo_plugins
[9.703s] -- Installing: /home/lumen/workspace/humble_ws/src/omni_robot/install/velodyne_gazebo_plugins/share/velodyne_gazebo_plugins/environment/ament_prefix_path.sh
[9.703s] -- Installing: /home/lumen/workspace/humble_ws/src/omni_robot/install/velodyne_gazebo_plugins/share/velodyne_gazebo_plugins/environment/ament_prefix_path.dsv
[9.703s] -- Installing: /home/lumen/workspace/humble_ws/src/omni_robot/install/velodyne_gazebo_plugins/share/velodyne_gazebo_plugins/environment/path.sh
[9.703s] -- Installing: /home/lumen/workspace/humble_ws/src/omni_robot/install/velodyne_gazebo_plugins/share/velodyne_gazebo_plugins/environment/path.dsv
[9.704s] -- Installing: /home/lumen/workspace/humble_ws/src/omni_robot/install/velodyne_gazebo_plugins/share/velodyne_gazebo_plugins/local_setup.bash
[9.704s] -- Installing: /home/lumen/workspace/humble_ws/src/omni_robot/install/velodyne_gazebo_plugins/share/velodyne_gazebo_plugins/local_setup.sh
[9.704s] -- Installing: /home/lumen/workspace/humble_ws/src/omni_robot/install/velodyne_gazebo_plugins/share/velodyne_gazebo_plugins/local_setup.zsh
[9.704s] -- Installing: /home/lumen/workspace/humble_ws/src/omni_robot/install/velodyne_gazebo_plugins/share/velodyne_gazebo_plugins/local_setup.dsv
[9.704s] -- Installing: /home/lumen/workspace/humble_ws/src/omni_robot/install/velodyne_gazebo_plugins/share/velodyne_gazebo_plugins/package.dsv
[9.704s] -- Installing: /home/lumen/workspace/humble_ws/src/omni_robot/install/velodyne_gazebo_plugins/share/ament_index/resource_index/packages/velodyne_gazebo_plugins
[9.704s] -- Installing: /home/lumen/workspace/humble_ws/src/omni_robot/install/velodyne_gazebo_plugins/share/velodyne_gazebo_plugins/cmake/ament_cmake_export_libraries-extras.cmake
[9.704s] -- Installing: /home/lumen/workspace/humble_ws/src/omni_robot/install/velodyne_gazebo_plugins/share/velodyne_gazebo_plugins/cmake/ament_cmake_export_include_directories-extras.cmake
[9.704s] -- Installing: /home/lumen/workspace/humble_ws/src/omni_robot/install/velodyne_gazebo_plugins/share/velodyne_gazebo_plugins/cmake/ament_cmake_export_dependencies-extras.cmake
[9.704s] -- Installing: /home/lumen/workspace/humble_ws/src/omni_robot/install/velodyne_gazebo_plugins/share/velodyne_gazebo_plugins/cmake/velodyne_gazebo_pluginsConfig.cmake
[9.705s] -- Installing: /home/lumen/workspace/humble_ws/src/omni_robot/install/velodyne_gazebo_plugins/share/velodyne_gazebo_plugins/cmake/velodyne_gazebo_pluginsConfig-version.cmake
[9.705s] -- Installing: /home/lumen/workspace/humble_ws/src/omni_robot/install/velodyne_gazebo_plugins/share/velodyne_gazebo_plugins/package.xml
[9.705s] -- Installing: /home/lumen/workspace/humble_ws/src/omni_robot/install/velodyne_gazebo_plugins/include
[9.705s] -- Installing: /home/lumen/workspace/humble_ws/src/omni_robot/install/velodyne_gazebo_plugins/include/velodyne_gazebo_plugins
[9.705s] -- Installing: /home/lumen/workspace/humble_ws/src/omni_robot/install/velodyne_gazebo_plugins/include/velodyne_gazebo_plugins/GazeboRosVelodyneLaser.h
[9.705s] -- Installing: /home/lumen/workspace/humble_ws/src/omni_robot/install/velodyne_gazebo_plugins/lib/libgazebo_ros_velodyne_laser.so
[9.708s] -- Set runtime path of "/home/lumen/workspace/humble_ws/src/omni_robot/install/velodyne_gazebo_plugins/lib/libgazebo_ros_velodyne_laser.so" to ""
[9.709s] Invoked command in '/home/lumen/workspace/humble_ws/src/omni_robot/build/velodyne_gazebo_plugins' returned '0': CMAKE_PREFIX_PATH=${CMAKE_PREFIX_PATH}:/opt/ros/humble /usr/bin/cmake --install /home/lumen/workspace/humble_ws/src/omni_robot/build/velodyne_gazebo_plugins
