[0.011s] Invoking command in '/home/lumen/workspace/humble_ws/src/omni_robot/build/velodyne_description': CMAKE_PREFIX_PATH=${CMAKE_PREFIX_PATH}:/opt/ros/humble /usr/bin/cmake /home/lumen/workspace/humble_ws/src/omni_robot/velodyne_simulator/velodyne_description -DCMAKE_INSTALL_PREFIX=/home/lumen/workspace/humble_ws/src/omni_robot/install/velodyne_description
[0.045s] -- The C compiler identification is GNU 11.4.0
[0.079s] -- The CXX compiler identification is GNU 11.4.0
[0.083s] -- Detecting C compiler ABI info
[0.126s] -- Detecting C compiler ABI info - done
[0.130s] -- Check for working C compiler: /usr/bin/cc - skipped
[0.130s] -- Detecting C compile features
[0.130s] -- Detecting C compile features - done
[0.132s] -- Detecting CXX compiler ABI info
[0.182s] -- Detecting CXX compiler ABI info - done
[0.186s] -- Check for working CXX compiler: /usr/bin/c++ - skipped
[0.187s] -- Detecting CXX compile features
[0.187s] -- Detecting CXX compile features - done
[0.188s] -- Found ament_cmake: 1.3.10 (/opt/ros/humble/share/ament_cmake/cmake)
[0.272s] -- Found Python3: /usr/bin/python3 (found version "3.10.12") found components: Interpreter 
[0.349s] -- Configuring done
[0.350s] -- Generating done
[0.351s] -- Build files have been written to: /home/lumen/workspace/humble_ws/src/omni_robot/build/velodyne_description
[0.354s] Invoked command in '/home/lumen/workspace/humble_ws/src/omni_robot/build/velodyne_description' returned '0': CMAKE_PREFIX_PATH=${CMAKE_PREFIX_PATH}:/opt/ros/humble /usr/bin/cmake /home/lumen/workspace/humble_ws/src/omni_robot/velodyne_simulator/velodyne_description -DCMAKE_INSTALL_PREFIX=/home/lumen/workspace/humble_ws/src/omni_robot/install/velodyne_description
[0.355s] Invoking command in '/home/lumen/workspace/humble_ws/src/omni_robot/build/velodyne_description': CMAKE_PREFIX_PATH=${CMAKE_PREFIX_PATH}:/opt/ros/humble /usr/bin/cmake --build /home/lumen/workspace/humble_ws/src/omni_robot/build/velodyne_description -- -j32 -l32
[0.380s] Invoked command in '/home/lumen/workspace/humble_ws/src/omni_robot/build/velodyne_description' returned '0': CMAKE_PREFIX_PATH=${CMAKE_PREFIX_PATH}:/opt/ros/humble /usr/bin/cmake --build /home/lumen/workspace/humble_ws/src/omni_robot/build/velodyne_description -- -j32 -l32
[0.401s] Invoking command in '/home/lumen/workspace/humble_ws/src/omni_robot/build/velodyne_description': CMAKE_PREFIX_PATH=${CMAKE_PREFIX_PATH}:/opt/ros/humble /usr/bin/cmake --install /home/lumen/workspace/humble_ws/src/omni_robot/build/velodyne_description
[0.405s] -- Install configuration: ""
[0.406s] -- Installing: /home/lumen/workspace/humble_ws/src/omni_robot/install/velodyne_description/share/ament_index/resource_index/package_run_dependencies/velodyne_description
[0.406s] -- Installing: /home/lumen/workspace/humble_ws/src/omni_robot/install/velodyne_description/share/ament_index/resource_index/parent_prefix_path/velodyne_description
[0.406s] -- Installing: /home/lumen/workspace/humble_ws/src/omni_robot/install/velodyne_description/share/velodyne_description/environment/ament_prefix_path.sh
[0.406s] -- Installing: /home/lumen/workspace/humble_ws/src/omni_robot/install/velodyne_description/share/velodyne_description/environment/ament_prefix_path.dsv
[0.406s] -- Installing: /home/lumen/workspace/humble_ws/src/omni_robot/install/velodyne_description/share/velodyne_description/environment/path.sh
[0.406s] -- Installing: /home/lumen/workspace/humble_ws/src/omni_robot/install/velodyne_description/share/velodyne_description/environment/path.dsv
[0.406s] -- Installing: /home/lumen/workspace/humble_ws/src/omni_robot/install/velodyne_description/share/velodyne_description/local_setup.bash
[0.406s] -- Installing: /home/lumen/workspace/humble_ws/src/omni_robot/install/velodyne_description/share/velodyne_description/local_setup.sh
[0.406s] -- Installing: /home/lumen/workspace/humble_ws/src/omni_robot/install/velodyne_description/share/velodyne_description/local_setup.zsh
[0.406s] -- Installing: /home/lumen/workspace/humble_ws/src/omni_robot/install/velodyne_description/share/velodyne_description/local_setup.dsv
[0.406s] -- Installing: /home/lumen/workspace/humble_ws/src/omni_robot/install/velodyne_description/share/velodyne_description/package.dsv
[0.407s] -- Installing: /home/lumen/workspace/humble_ws/src/omni_robot/install/velodyne_description/share/ament_index/resource_index/packages/velodyne_description
[0.407s] -- Installing: /home/lumen/workspace/humble_ws/src/omni_robot/install/velodyne_description/share/velodyne_description/cmake/velodyne_descriptionConfig.cmake
[0.407s] -- Installing: /home/lumen/workspace/humble_ws/src/omni_robot/install/velodyne_description/share/velodyne_description/cmake/velodyne_descriptionConfig-version.cmake
[0.407s] -- Installing: /home/lumen/workspace/humble_ws/src/omni_robot/install/velodyne_description/share/velodyne_description/package.xml
[0.407s] -- Installing: /home/lumen/workspace/humble_ws/src/omni_robot/install/velodyne_description/share/velodyne_description/launch
[0.407s] -- Installing: /home/lumen/workspace/humble_ws/src/omni_robot/install/velodyne_description/share/velodyne_description/launch/example-launch.py
[0.407s] -- Installing: /home/lumen/workspace/humble_ws/src/omni_robot/install/velodyne_description/share/velodyne_description/meshes
[0.408s] -- Installing: /home/lumen/workspace/humble_ws/src/omni_robot/install/velodyne_description/share/velodyne_description/meshes/VLP16_scan.stl
[0.408s] -- Installing: /home/lumen/workspace/humble_ws/src/omni_robot/install/velodyne_description/share/velodyne_description/meshes/VLP16_base_2.stl
[0.408s] -- Installing: /home/lumen/workspace/humble_ws/src/omni_robot/install/velodyne_description/share/velodyne_description/meshes/VLP16_base_2.dae
[0.409s] -- Installing: /home/lumen/workspace/humble_ws/src/omni_robot/install/velodyne_description/share/velodyne_description/meshes/VLP16_scan.dae
[0.410s] -- Installing: /home/lumen/workspace/humble_ws/src/omni_robot/install/velodyne_description/share/velodyne_description/meshes/HDL32E_scan.dae
[0.411s] -- Installing: /home/lumen/workspace/humble_ws/src/omni_robot/install/velodyne_description/share/velodyne_description/meshes/VLP16_base_1.stl
[0.411s] -- Installing: /home/lumen/workspace/humble_ws/src/omni_robot/install/velodyne_description/share/velodyne_description/meshes/HDL32E_base.dae
[0.412s] -- Installing: /home/lumen/workspace/humble_ws/src/omni_robot/install/velodyne_description/share/velodyne_description/meshes/HDL32E_scan.stl
[0.413s] -- Installing: /home/lumen/workspace/humble_ws/src/omni_robot/install/velodyne_description/share/velodyne_description/meshes/VLP16_base_1.dae
[0.414s] -- Installing: /home/lumen/workspace/humble_ws/src/omni_robot/install/velodyne_description/share/velodyne_description/meshes/HDL32E_base.stl
[0.414s] -- Installing: /home/lumen/workspace/humble_ws/src/omni_robot/install/velodyne_description/share/velodyne_description/rviz
[0.414s] -- Installing: /home/lumen/workspace/humble_ws/src/omni_robot/install/velodyne_description/share/velodyne_description/rviz/example.rviz
[0.415s] -- Installing: /home/lumen/workspace/humble_ws/src/omni_robot/install/velodyne_description/share/velodyne_description/urdf
[0.415s] -- Installing: /home/lumen/workspace/humble_ws/src/omni_robot/install/velodyne_description/share/velodyne_description/urdf/example.urdf.xacro
[0.415s] -- Installing: /home/lumen/workspace/humble_ws/src/omni_robot/install/velodyne_description/share/velodyne_description/urdf/VLP-32C.urdf.xacro
[0.415s] -- Installing: /home/lumen/workspace/humble_ws/src/omni_robot/install/velodyne_description/share/velodyne_description/urdf/HDL-32E.urdf.xacro
[0.415s] -- Installing: /home/lumen/workspace/humble_ws/src/omni_robot/install/velodyne_description/share/velodyne_description/urdf/VLP-16.urdf.xacro
[0.416s] -- Installing: /home/lumen/workspace/humble_ws/src/omni_robot/install/velodyne_description/share/velodyne_description/world
[0.416s] -- Installing: /home/lumen/workspace/humble_ws/src/omni_robot/install/velodyne_description/share/velodyne_description/world/empty.world
[0.417s] Invoked command in '/home/lumen/workspace/humble_ws/src/omni_robot/build/velodyne_description' returned '0': CMAKE_PREFIX_PATH=${CMAKE_PREFIX_PATH}:/opt/ros/humble /usr/bin/cmake --install /home/lumen/workspace/humble_ws/src/omni_robot/build/velodyne_description
